<?xml version="1.0" encoding="utf-8"?>
<CoverageSession xmlns:xsd="http://www.w3.org/2001/XMLSchema" xmlns:xsi="http://www.w3.org/2001/XMLSchema-instance" Version="0.0.0.0">
  <Summary numSequencePoints="545" visitedSequencePoints="0" numBranchPoints="0" visitedBranchPoints="0" sequenceCoverage="0.0" branchCoverage="0.0" maxCyclomaticComplexity="0" minCyclomaticComplexity="0" maxCrapScore="0" minCrapScore="0" visitedClasses="0" numClasses="32" visitedMethods="0" numMethods="78" />
  <Modules>
    <Module>
      <Summary numSequencePoints="6" visitedSequencePoints="0" numBranchPoints="0" visitedBranchPoints="0" sequenceCoverage="0.0" branchCoverage="0.0" maxCyclomaticComplexity="0" minCyclomaticComplexity="0" maxCrapScore="0" minCrapScore="0" visitedClasses="0" numClasses="1" visitedMethods="0" numMethods="1" />
      <ModuleTime>0001-01-01T00:00:00</ModuleTime>
      <ModuleName>EditMode</ModuleName>
      <Files>
        <File uid="1" fullPath="/Users/gabijamatulyte/Desktop/suniuks-sviestuks/Assets/Tests/EditMode/EditTests.cs" />
      </Files>
      <Classes>
        <Class>
          <Summary numSequencePoints="6" visitedSequencePoints="0" numBranchPoints="0" visitedBranchPoints="0" sequenceCoverage="0.0" branchCoverage="0.0" maxCyclomaticComplexity="0" minCyclomaticComplexity="0" maxCrapScore="0" minCrapScore="0" visitedClasses="0" numClasses="1" visitedMethods="0" numMethods="1" />
          <FullName>MovementTests</FullName>
          <Methods>
            <Method visited="false" cyclomaticComplexity="0" nPathComplexity="0" sequenceCoverage="0.0" branchCoverage="0" crapScore="0" isConstructor="false" isStatic="false" isGetter="false" isSetter="false">
              <Summary numSequencePoints="6" visitedSequencePoints="0" numBranchPoints="0" visitedBranchPoints="0" sequenceCoverage="0.0" branchCoverage="0" maxCyclomaticComplexity="0" minCyclomaticComplexity="0" maxCrapScore="0" minCrapScore="0" visitedClasses="0" numClasses="0" visitedMethods="0" numMethods="1" />
              <MetadataToken>100663297</MetadataToken>
              <Name>System.Void MovementTests::RespawnPointTest()</Name>
              <FileRef uid="1" />
              <SequencePoints>
                <SequencePoint vc="0" uspid="1091" ordinal="0" offset="0" sl="11" sc="0" el="11" ec="0" bec="0" bev="0" fileid="1" />
                <SequencePoint vc="0" uspid="1092" ordinal="0" offset="1" sl="12" sc="0" el="12" ec="0" bec="0" bev="0" fileid="1" />
                <SequencePoint vc="0" uspid="1093" ordinal="0" offset="7" sl="13" sc="0" el="13" ec="0" bec="0" bev="0" fileid="1" />
                <SequencePoint vc="0" uspid="1094" ordinal="0" offset="24" sl="14" sc="0" el="14" ec="0" bec="0" bev="0" fileid="1" />
                <SequencePoint vc="0" uspid="1095" ordinal="0" offset="32" sl="15" sc="0" el="15" ec="0" bec="0" bev="0" fileid="1" />
                <SequencePoint vc="0" uspid="1096" ordinal="0" offset="55" sl="16" sc="0" el="16" ec="0" bec="0" bev="0" fileid="1" />
              </SequencePoints>
              <BranchPoints />
            </Method>
          </Methods>
        </Class>
      </Classes>
    </Module>
    <Module>
      <Summary numSequencePoints="339" visitedSequencePoints="0" numBranchPoints="0" visitedBranchPoints="0" sequenceCoverage="0.0" branchCoverage="0.0" maxCyclomaticComplexity="0" minCyclomaticComplexity="0" maxCrapScore="0" minCrapScore="0" visitedClasses="0" numClasses="9" visitedMethods="0" numMethods="53" />
      <ModuleTime>0001-01-01T00:00:00</ModuleTime>
      <ModuleName>GameScripts</ModuleName>
      <Files>
        <File uid="2" fullPath="/Users/gabijamatulyte/Desktop/suniuks-sviestuks/Assets/Scripts/ChooseLevel.cs" />
        <File uid="3" fullPath="/Users/gabijamatulyte/Desktop/suniuks-sviestuks/Assets/Scripts/FinishLevel.cs" />
        <File uid="4" fullPath="/Users/gabijamatulyte/Desktop/suniuks-sviestuks/Assets/Scripts/GameController.cs" />
        <File uid="5" fullPath="/Users/gabijamatulyte/Desktop/suniuks-sviestuks/Assets/Scripts/InstantDeath.cs" />
        <File uid="6" fullPath="/Users/gabijamatulyte/Desktop/suniuks-sviestuks/Assets/Scripts/IsOnButter.cs" />
        <File uid="7" fullPath="/Users/gabijamatulyte/Desktop/suniuks-sviestuks/Assets/Scripts/ObstacleDeath.cs" />
        <File uid="8" fullPath="/Users/gabijamatulyte/Desktop/suniuks-sviestuks/Assets/Scripts/PlayerMovement.cs" />
        <File uid="9" fullPath="/Users/gabijamatulyte/Desktop/suniuks-sviestuks/Assets/Scripts/StartMenu.cs" />
      </Files>
      <Classes>
        <Class>
          <Summary numSequencePoints="25" visitedSequencePoints="0" numBranchPoints="0" visitedBranchPoints="0" sequenceCoverage="0.0" branchCoverage="0.0" maxCyclomaticComplexity="0" minCyclomaticComplexity="0" maxCrapScore="0" minCrapScore="0" visitedClasses="0" numClasses="1" visitedMethods="0" numMethods="8" />
          <FullName>ChooseLevel</FullName>
          <Methods>
            <Method visited="false" cyclomaticComplexity="0" nPathComplexity="0" sequenceCoverage="0.0" branchCoverage="0" crapScore="0" isConstructor="false" isStatic="false" isGetter="false" isSetter="false">
              <Summary numSequencePoints="3" visitedSequencePoints="0" numBranchPoints="0" visitedBranchPoints="0" sequenceCoverage="0.0" branchCoverage="0" maxCyclomaticComplexity="0" minCyclomaticComplexity="0" maxCrapScore="0" minCrapScore="0" visitedClasses="0" numClasses="0" visitedMethods="0" numMethods="1" />
              <MetadataToken>100663297</MetadataToken>
              <Name>System.Void ChooseLevel::Back()</Name>
              <FileRef uid="2" />
              <SequencePoints>
                <SequencePoint vc="0" uspid="1097" ordinal="0" offset="0" sl="9" sc="0" el="9" ec="0" bec="0" bev="0" fileid="2" />
                <SequencePoint vc="0" uspid="1098" ordinal="0" offset="1" sl="10" sc="0" el="10" ec="0" bec="0" bev="0" fileid="2" />
                <SequencePoint vc="0" uspid="1099" ordinal="0" offset="22" sl="11" sc="0" el="11" ec="0" bec="0" bev="0" fileid="2" />
              </SequencePoints>
              <BranchPoints />
            </Method>
            <Method visited="false" cyclomaticComplexity="0" nPathComplexity="0" sequenceCoverage="0.0" branchCoverage="0" crapScore="0" isConstructor="false" isStatic="false" isGetter="false" isSetter="false">
              <Summary numSequencePoints="3" visitedSequencePoints="0" numBranchPoints="0" visitedBranchPoints="0" sequenceCoverage="0.0" branchCoverage="0" maxCyclomaticComplexity="0" minCyclomaticComplexity="0" maxCrapScore="0" minCrapScore="0" visitedClasses="0" numClasses="0" visitedMethods="0" numMethods="1" />
              <MetadataToken>100663298</MetadataToken>
              <Name>System.Void ChooseLevel::Level1()</Name>
              <FileRef uid="2" />
              <SequencePoints>
                <SequencePoint vc="0" uspid="1100" ordinal="0" offset="0" sl="13" sc="0" el="13" ec="0" bec="0" bev="0" fileid="2" />
                <SequencePoint vc="0" uspid="1101" ordinal="0" offset="1" sl="14" sc="0" el="14" ec="0" bec="0" bev="0" fileid="2" />
                <SequencePoint vc="0" uspid="1102" ordinal="0" offset="22" sl="15" sc="0" el="15" ec="0" bec="0" bev="0" fileid="2" />
              </SequencePoints>
              <BranchPoints />
            </Method>
            <Method visited="false" cyclomaticComplexity="0" nPathComplexity="0" sequenceCoverage="0.0" branchCoverage="0" crapScore="0" isConstructor="false" isStatic="false" isGetter="false" isSetter="false">
              <Summary numSequencePoints="3" visitedSequencePoints="0" numBranchPoints="0" visitedBranchPoints="0" sequenceCoverage="0.0" branchCoverage="0" maxCyclomaticComplexity="0" minCyclomaticComplexity="0" maxCrapScore="0" minCrapScore="0" visitedClasses="0" numClasses="0" visitedMethods="0" numMethods="1" />
              <MetadataToken>100663299</MetadataToken>
              <Name>System.Void ChooseLevel::Level2()</Name>
              <FileRef uid="2" />
              <SequencePoints>
                <SequencePoint vc="0" uspid="1103" ordinal="0" offset="0" sl="17" sc="0" el="17" ec="0" bec="0" bev="0" fileid="2" />
                <SequencePoint vc="0" uspid="1104" ordinal="0" offset="1" sl="18" sc="0" el="18" ec="0" bec="0" bev="0" fileid="2" />
                <SequencePoint vc="0" uspid="1105" ordinal="0" offset="22" sl="19" sc="0" el="19" ec="0" bec="0" bev="0" fileid="2" />
              </SequencePoints>
              <BranchPoints />
            </Method>
            <Method visited="false" cyclomaticComplexity="0" nPathComplexity="0" sequenceCoverage="0.0" branchCoverage="0" crapScore="0" isConstructor="false" isStatic="false" isGetter="false" isSetter="false">
              <Summary numSequencePoints="3" visitedSequencePoints="0" numBranchPoints="0" visitedBranchPoints="0" sequenceCoverage="0.0" branchCoverage="0" maxCyclomaticComplexity="0" minCyclomaticComplexity="0" maxCrapScore="0" minCrapScore="0" visitedClasses="0" numClasses="0" visitedMethods="0" numMethods="1" />
              <MetadataToken>100663300</MetadataToken>
              <Name>System.Void ChooseLevel::Level3()</Name>
              <FileRef uid="2" />
              <SequencePoints>
                <SequencePoint vc="0" uspid="1106" ordinal="0" offset="0" sl="21" sc="0" el="21" ec="0" bec="0" bev="0" fileid="2" />
                <SequencePoint vc="0" uspid="1107" ordinal="0" offset="1" sl="22" sc="0" el="22" ec="0" bec="0" bev="0" fileid="2" />
                <SequencePoint vc="0" uspid="1108" ordinal="0" offset="22" sl="23" sc="0" el="23" ec="0" bec="0" bev="0" fileid="2" />
              </SequencePoints>
              <BranchPoints />
            </Method>
            <Method visited="false" cyclomaticComplexity="0" nPathComplexity="0" sequenceCoverage="0.0" branchCoverage="0" crapScore="0" isConstructor="false" isStatic="false" isGetter="false" isSetter="false">
              <Summary numSequencePoints="3" visitedSequencePoints="0" numBranchPoints="0" visitedBranchPoints="0" sequenceCoverage="0.0" branchCoverage="0" maxCyclomaticComplexity="0" minCyclomaticComplexity="0" maxCrapScore="0" minCrapScore="0" visitedClasses="0" numClasses="0" visitedMethods="0" numMethods="1" />
              <MetadataToken>100663301</MetadataToken>
              <Name>System.Void ChooseLevel::Level4()</Name>
              <FileRef uid="2" />
              <SequencePoints>
                <SequencePoint vc="0" uspid="1109" ordinal="0" offset="0" sl="25" sc="0" el="25" ec="0" bec="0" bev="0" fileid="2" />
                <SequencePoint vc="0" uspid="1110" ordinal="0" offset="1" sl="26" sc="0" el="26" ec="0" bec="0" bev="0" fileid="2" />
                <SequencePoint vc="0" uspid="1111" ordinal="0" offset="22" sl="27" sc="0" el="27" ec="0" bec="0" bev="0" fileid="2" />
              </SequencePoints>
              <BranchPoints />
            </Method>
            <Method visited="false" cyclomaticComplexity="0" nPathComplexity="0" sequenceCoverage="0.0" branchCoverage="0" crapScore="0" isConstructor="false" isStatic="false" isGetter="false" isSetter="false">
              <Summary numSequencePoints="3" visitedSequencePoints="0" numBranchPoints="0" visitedBranchPoints="0" sequenceCoverage="0.0" branchCoverage="0" maxCyclomaticComplexity="0" minCyclomaticComplexity="0" maxCrapScore="0" minCrapScore="0" visitedClasses="0" numClasses="0" visitedMethods="0" numMethods="1" />
              <MetadataToken>100663302</MetadataToken>
              <Name>System.Void ChooseLevel::Level5()</Name>
              <FileRef uid="2" />
              <SequencePoints>
                <SequencePoint vc="0" uspid="1112" ordinal="0" offset="0" sl="29" sc="0" el="29" ec="0" bec="0" bev="0" fileid="2" />
                <SequencePoint vc="0" uspid="1113" ordinal="0" offset="1" sl="30" sc="0" el="30" ec="0" bec="0" bev="0" fileid="2" />
                <SequencePoint vc="0" uspid="1114" ordinal="0" offset="12" sl="32" sc="0" el="32" ec="0" bec="0" bev="0" fileid="2" />
              </SequencePoints>
              <BranchPoints />
            </Method>
            <Method visited="false" cyclomaticComplexity="0" nPathComplexity="0" sequenceCoverage="0.0" branchCoverage="0" crapScore="0" isConstructor="false" isStatic="false" isGetter="false" isSetter="false">
              <Summary numSequencePoints="3" visitedSequencePoints="0" numBranchPoints="0" visitedBranchPoints="0" sequenceCoverage="0.0" branchCoverage="0" maxCyclomaticComplexity="0" minCyclomaticComplexity="0" maxCrapScore="0" minCrapScore="0" visitedClasses="0" numClasses="0" visitedMethods="0" numMethods="1" />
              <MetadataToken>100663303</MetadataToken>
              <Name>System.Void ChooseLevel::Level6()</Name>
              <FileRef uid="2" />
              <SequencePoints>
                <SequencePoint vc="0" uspid="1115" ordinal="0" offset="0" sl="34" sc="0" el="34" ec="0" bec="0" bev="0" fileid="2" />
                <SequencePoint vc="0" uspid="1116" ordinal="0" offset="1" sl="35" sc="0" el="35" ec="0" bec="0" bev="0" fileid="2" />
                <SequencePoint vc="0" uspid="1117" ordinal="0" offset="12" sl="37" sc="0" el="37" ec="0" bec="0" bev="0" fileid="2" />
              </SequencePoints>
              <BranchPoints />
            </Method>
            <Method visited="false" cyclomaticComplexity="0" nPathComplexity="0" sequenceCoverage="0.0" branchCoverage="0" crapScore="0" isConstructor="false" isStatic="false" isGetter="false" isSetter="false">
              <Summary numSequencePoints="4" visitedSequencePoints="0" numBranchPoints="0" visitedBranchPoints="0" sequenceCoverage="0.0" branchCoverage="0" maxCyclomaticComplexity="0" minCyclomaticComplexity="0" maxCrapScore="0" minCrapScore="0" visitedClasses="0" numClasses="0" visitedMethods="0" numMethods="1" />
              <MetadataToken>100663304</MetadataToken>
              <Name>System.Void ChooseLevel::QuickStart()</Name>
              <FileRef uid="2" />
              <SequencePoints>
                <SequencePoint vc="0" uspid="1118" ordinal="0" offset="0" sl="40" sc="0" el="40" ec="0" bec="0" bev="0" fileid="2" />
                <SequencePoint vc="0" uspid="1119" ordinal="0" offset="1" sl="41" sc="0" el="41" ec="0" bec="0" bev="0" fileid="2" />
                <SequencePoint vc="0" uspid="1120" ordinal="0" offset="12" sl="42" sc="0" el="42" ec="0" bec="0" bev="0" fileid="2" />
                <SequencePoint vc="0" uspid="1121" ordinal="0" offset="23" sl="43" sc="0" el="43" ec="0" bec="0" bev="0" fileid="2" />
              </SequencePoints>
              <BranchPoints />
            </Method>
          </Methods>
        </Class>
        <Class>
          <Summary numSequencePoints="10" visitedSequencePoints="0" numBranchPoints="0" visitedBranchPoints="0" sequenceCoverage="0.0" branchCoverage="0.0" maxCyclomaticComplexity="0" minCyclomaticComplexity="0" maxCrapScore="0" minCrapScore="0" visitedClasses="0" numClasses="1" visitedMethods="0" numMethods="1" />
          <FullName>FinishLevel</FullName>
          <Methods>
            <Method visited="false" cyclomaticComplexity="0" nPathComplexity="0" sequenceCoverage="0.0" branchCoverage="0" crapScore="0" isConstructor="false" isStatic="false" isGetter="false" isSetter="false">
              <Summary numSequencePoints="10" visitedSequencePoints="0" numBranchPoints="0" visitedBranchPoints="0" sequenceCoverage="0.0" branchCoverage="0" maxCyclomaticComplexity="0" minCyclomaticComplexity="0" maxCrapScore="0" minCrapScore="0" visitedClasses="0" numClasses="0" visitedMethods="0" numMethods="1" />
              <MetadataToken>100663306</MetadataToken>
              <Name>System.Void FinishLevel::OnTriggerEnter2D(UnityEngine.Collider2D)</Name>
              <FileRef uid="3" />
              <SequencePoints>
                <SequencePoint vc="0" uspid="1122" ordinal="0" offset="0" sl="14" sc="0" el="14" ec="0" bec="0" bev="0" fileid="3" />
                <SequencePoint vc="0" uspid="1123" ordinal="0" offset="1" sl="15" sc="0" el="15" ec="0" bec="0" bev="0" fileid="3" />
                <SequencePoint vc="0" uspid="1124" ordinal="0" offset="34" sl="16" sc="0" el="16" ec="0" bec="0" bev="0" fileid="3" />
                <SequencePoint vc="0" uspid="1125" ordinal="0" offset="35" sl="17" sc="0" el="17" ec="0" bec="0" bev="0" fileid="3" />
                <SequencePoint vc="0" uspid="1126" ordinal="0" offset="47" sl="18" sc="0" el="18" ec="0" bec="0" bev="0" fileid="3" />
                <SequencePoint vc="0" uspid="1127" ordinal="0" offset="90" sl="19" sc="0" el="19" ec="0" bec="0" bev="0" fileid="3" />
                <SequencePoint vc="0" uspid="1128" ordinal="0" offset="91" sl="20" sc="0" el="20" ec="0" bec="0" bev="0" fileid="3" />
                <SequencePoint vc="0" uspid="1129" ordinal="0" offset="103" sl="21" sc="0" el="21" ec="0" bec="0" bev="0" fileid="3" />
                <SequencePoint vc="0" uspid="1130" ordinal="0" offset="104" sl="22" sc="0" el="22" ec="0" bec="0" bev="0" fileid="3" />
                <SequencePoint vc="0" uspid="1131" ordinal="0" offset="105" sl="23" sc="0" el="23" ec="0" bec="0" bev="0" fileid="3" />
              </SequencePoints>
              <BranchPoints />
            </Method>
          </Methods>
        </Class>
        <Class>
          <Summary numSequencePoints="24" visitedSequencePoints="0" numBranchPoints="0" visitedBranchPoints="0" sequenceCoverage="0.0" branchCoverage="0.0" maxCyclomaticComplexity="0" minCyclomaticComplexity="0" maxCrapScore="0" minCrapScore="0" visitedClasses="0" numClasses="1" visitedMethods="0" numMethods="6" />
          <FullName>GameController</FullName>
          <Methods>
            <Method visited="false" cyclomaticComplexity="0" nPathComplexity="0" sequenceCoverage="0.0" branchCoverage="0" crapScore="0" isConstructor="false" isStatic="false" isGetter="false" isSetter="false">
              <Summary numSequencePoints="4" visitedSequencePoints="0" numBranchPoints="0" visitedBranchPoints="0" sequenceCoverage="0.0" branchCoverage="0" maxCyclomaticComplexity="0" minCyclomaticComplexity="0" maxCrapScore="0" minCrapScore="0" visitedClasses="0" numClasses="0" visitedMethods="0" numMethods="1" />
              <MetadataToken>100663308</MetadataToken>
              <Name>System.Void GameController::YouWin()</Name>
              <FileRef uid="4" />
              <SequencePoints>
                <SequencePoint vc="0" uspid="1132" ordinal="0" offset="0" sl="15" sc="0" el="15" ec="0" bec="0" bev="0" fileid="4" />
                <SequencePoint vc="0" uspid="1133" ordinal="0" offset="1" sl="16" sc="0" el="16" ec="0" bec="0" bev="0" fileid="4" />
                <SequencePoint vc="0" uspid="1134" ordinal="0" offset="14" sl="17" sc="0" el="17" ec="0" bec="0" bev="0" fileid="4" />
                <SequencePoint vc="0" uspid="1135" ordinal="0" offset="25" sl="18" sc="0" el="18" ec="0" bec="0" bev="0" fileid="4" />
              </SequencePoints>
              <BranchPoints />
            </Method>
            <Method visited="false" cyclomaticComplexity="0" nPathComplexity="0" sequenceCoverage="0.0" branchCoverage="0" crapScore="0" isConstructor="false" isStatic="false" isGetter="false" isSetter="false">
              <Summary numSequencePoints="4" visitedSequencePoints="0" numBranchPoints="0" visitedBranchPoints="0" sequenceCoverage="0.0" branchCoverage="0" maxCyclomaticComplexity="0" minCyclomaticComplexity="0" maxCrapScore="0" minCrapScore="0" visitedClasses="0" numClasses="0" visitedMethods="0" numMethods="1" />
              <MetadataToken>100663309</MetadataToken>
              <Name>System.Void GameController::YouLose()</Name>
              <FileRef uid="4" />
              <SequencePoints>
                <SequencePoint vc="0" uspid="1136" ordinal="0" offset="0" sl="20" sc="0" el="20" ec="0" bec="0" bev="0" fileid="4" />
                <SequencePoint vc="0" uspid="1137" ordinal="0" offset="1" sl="21" sc="0" el="21" ec="0" bec="0" bev="0" fileid="4" />
                <SequencePoint vc="0" uspid="1138" ordinal="0" offset="14" sl="22" sc="0" el="22" ec="0" bec="0" bev="0" fileid="4" />
                <SequencePoint vc="0" uspid="1139" ordinal="0" offset="25" sl="23" sc="0" el="23" ec="0" bec="0" bev="0" fileid="4" />
              </SequencePoints>
              <BranchPoints />
            </Method>
            <Method visited="false" cyclomaticComplexity="0" nPathComplexity="0" sequenceCoverage="0.0" branchCoverage="0" crapScore="0" isConstructor="false" isStatic="false" isGetter="false" isSetter="false">
              <Summary numSequencePoints="4" visitedSequencePoints="0" numBranchPoints="0" visitedBranchPoints="0" sequenceCoverage="0.0" branchCoverage="0" maxCyclomaticComplexity="0" minCyclomaticComplexity="0" maxCrapScore="0" minCrapScore="0" visitedClasses="0" numClasses="0" visitedMethods="0" numMethods="1" />
              <MetadataToken>100663310</MetadataToken>
              <Name>System.Void GameController::YouCrushedButter()</Name>
              <FileRef uid="4" />
              <SequencePoints>
                <SequencePoint vc="0" uspid="1140" ordinal="0" offset="0" sl="25" sc="0" el="25" ec="0" bec="0" bev="0" fileid="4" />
                <SequencePoint vc="0" uspid="1141" ordinal="0" offset="1" sl="26" sc="0" el="26" ec="0" bec="0" bev="0" fileid="4" />
                <SequencePoint vc="0" uspid="1142" ordinal="0" offset="14" sl="27" sc="0" el="27" ec="0" bec="0" bev="0" fileid="4" />
                <SequencePoint vc="0" uspid="1143" ordinal="0" offset="25" sl="28" sc="0" el="28" ec="0" bec="0" bev="0" fileid="4" />
              </SequencePoints>
              <BranchPoints />
            </Method>
            <Method visited="false" cyclomaticComplexity="0" nPathComplexity="0" sequenceCoverage="0.0" branchCoverage="0" crapScore="0" isConstructor="false" isStatic="false" isGetter="false" isSetter="false">
              <Summary numSequencePoints="4" visitedSequencePoints="0" numBranchPoints="0" visitedBranchPoints="0" sequenceCoverage="0.0" branchCoverage="0" maxCyclomaticComplexity="0" minCyclomaticComplexity="0" maxCrapScore="0" minCrapScore="0" visitedClasses="0" numClasses="0" visitedMethods="0" numMethods="1" />
              <MetadataToken>100663311</MetadataToken>
              <Name>System.Void GameController::PlayAgain()</Name>
              <FileRef uid="4" />
              <SequencePoints>
                <SequencePoint vc="0" uspid="1144" ordinal="0" offset="0" sl="30" sc="0" el="30" ec="0" bec="0" bev="0" fileid="4" />
                <SequencePoint vc="0" uspid="1145" ordinal="0" offset="1" sl="31" sc="0" el="31" ec="0" bec="0" bev="0" fileid="4" />
                <SequencePoint vc="0" uspid="1146" ordinal="0" offset="20" sl="32" sc="0" el="32" ec="0" bec="0" bev="0" fileid="4" />
                <SequencePoint vc="0" uspid="1147" ordinal="0" offset="31" sl="33" sc="0" el="33" ec="0" bec="0" bev="0" fileid="4" />
              </SequencePoints>
              <BranchPoints />
            </Method>
            <Method visited="false" cyclomaticComplexity="0" nPathComplexity="0" sequenceCoverage="0.0" branchCoverage="0" crapScore="0" isConstructor="false" isStatic="false" isGetter="false" isSetter="false">
              <Summary numSequencePoints="4" visitedSequencePoints="0" numBranchPoints="0" visitedBranchPoints="0" sequenceCoverage="0.0" branchCoverage="0" maxCyclomaticComplexity="0" minCyclomaticComplexity="0" maxCrapScore="0" minCrapScore="0" visitedClasses="0" numClasses="0" visitedMethods="0" numMethods="1" />
              <MetadataToken>100663312</MetadataToken>
              <Name>System.Void GameController::NextLevel()</Name>
              <FileRef uid="4" />
              <SequencePoints>
                <SequencePoint vc="0" uspid="1148" ordinal="0" offset="0" sl="35" sc="0" el="35" ec="0" bec="0" bev="0" fileid="4" />
                <SequencePoint vc="0" uspid="1149" ordinal="0" offset="1" sl="36" sc="0" el="36" ec="0" bec="0" bev="0" fileid="4" />
                <SequencePoint vc="0" uspid="1150" ordinal="0" offset="22" sl="37" sc="0" el="37" ec="0" bec="0" bev="0" fileid="4" />
                <SequencePoint vc="0" uspid="1151" ordinal="0" offset="33" sl="38" sc="0" el="38" ec="0" bec="0" bev="0" fileid="4" />
              </SequencePoints>
              <BranchPoints />
            </Method>
            <Method visited="false" cyclomaticComplexity="0" nPathComplexity="0" sequenceCoverage="0.0" branchCoverage="0" crapScore="0" isConstructor="false" isStatic="false" isGetter="false" isSetter="false">
              <Summary numSequencePoints="4" visitedSequencePoints="0" numBranchPoints="0" visitedBranchPoints="0" sequenceCoverage="0.0" branchCoverage="0" maxCyclomaticComplexity="0" minCyclomaticComplexity="0" maxCrapScore="0" minCrapScore="0" visitedClasses="0" numClasses="0" visitedMethods="0" numMethods="1" />
              <MetadataToken>100663313</MetadataToken>
              <Name>System.Void GameController::MainMeniu()</Name>
              <FileRef uid="4" />
              <SequencePoints>
                <SequencePoint vc="0" uspid="1152" ordinal="0" offset="0" sl="40" sc="0" el="40" ec="0" bec="0" bev="0" fileid="4" />
                <SequencePoint vc="0" uspid="1153" ordinal="0" offset="1" sl="41" sc="0" el="41" ec="0" bec="0" bev="0" fileid="4" />
                <SequencePoint vc="0" uspid="1154" ordinal="0" offset="12" sl="42" sc="0" el="42" ec="0" bec="0" bev="0" fileid="4" />
                <SequencePoint vc="0" uspid="1155" ordinal="0" offset="23" sl="43" sc="0" el="43" ec="0" bec="0" bev="0" fileid="4" />
              </SequencePoints>
              <BranchPoints />
            </Method>
          </Methods>
        </Class>
        <Class>
          <Summary numSequencePoints="8" visitedSequencePoints="0" numBranchPoints="0" visitedBranchPoints="0" sequenceCoverage="0.0" branchCoverage="0.0" maxCyclomaticComplexity="0" minCyclomaticComplexity="0" maxCrapScore="0" minCrapScore="0" visitedClasses="0" numClasses="1" visitedMethods="0" numMethods="1" />
          <FullName>InstantDeath</FullName>
          <Methods>
            <Method visited="false" cyclomaticComplexity="0" nPathComplexity="0" sequenceCoverage="0.0" branchCoverage="0" crapScore="0" isConstructor="false" isStatic="false" isGetter="false" isSetter="false">
              <Summary numSequencePoints="8" visitedSequencePoints="0" numBranchPoints="0" visitedBranchPoints="0" sequenceCoverage="0.0" branchCoverage="0" maxCyclomaticComplexity="0" minCyclomaticComplexity="0" maxCrapScore="0" minCrapScore="0" visitedClasses="0" numClasses="0" visitedMethods="0" numMethods="1" />
              <MetadataToken>100663315</MetadataToken>
              <Name>System.Void InstantDeath::OnCollisionEnter2D(UnityEngine.Collision2D)</Name>
              <FileRef uid="5" />
              <SequencePoints>
                <SequencePoint vc="0" uspid="1156" ordinal="0" offset="0" sl="7" sc="0" el="7" ec="0" bec="0" bev="0" fileid="5" />
                <SequencePoint vc="0" uspid="1157" ordinal="0" offset="1" sl="8" sc="0" el="8" ec="0" bec="0" bev="0" fileid="5" />
                <SequencePoint vc="0" uspid="1158" ordinal="0" offset="13" sl="9" sc="0" el="9" ec="0" bec="0" bev="0" fileid="5" />
                <SequencePoint vc="0" uspid="1159" ordinal="0" offset="24" sl="10" sc="0" el="10" ec="0" bec="0" bev="0" fileid="5" />
                <SequencePoint vc="0" uspid="1160" ordinal="0" offset="25" sl="11" sc="0" el="11" ec="0" bec="0" bev="0" fileid="5" />
                <SequencePoint vc="0" uspid="1161" ordinal="0" offset="32" sl="12" sc="0" el="12" ec="0" bec="0" bev="0" fileid="5" />
                <SequencePoint vc="0" uspid="1162" ordinal="0" offset="44" sl="13" sc="0" el="13" ec="0" bec="0" bev="0" fileid="5" />
                <SequencePoint vc="0" uspid="1163" ordinal="0" offset="45" sl="14" sc="0" el="14" ec="0" bec="0" bev="0" fileid="5" />
              </SequencePoints>
              <BranchPoints />
            </Method>
          </Methods>
        </Class>
        <Class>
          <Summary numSequencePoints="18" visitedSequencePoints="0" numBranchPoints="0" visitedBranchPoints="0" sequenceCoverage="0.0" branchCoverage="0.0" maxCyclomaticComplexity="0" minCyclomaticComplexity="0" maxCrapScore="0" minCrapScore="0" visitedClasses="0" numClasses="1" visitedMethods="0" numMethods="3" />
          <FullName>IsOnButter</FullName>
          <Methods>
            <Method visited="false" cyclomaticComplexity="0" nPathComplexity="0" sequenceCoverage="0.0" branchCoverage="0" crapScore="0" isConstructor="false" isStatic="false" isGetter="false" isSetter="false">
              <Summary numSequencePoints="4" visitedSequencePoints="0" numBranchPoints="0" visitedBranchPoints="0" sequenceCoverage="0.0" branchCoverage="0" maxCyclomaticComplexity="0" minCyclomaticComplexity="0" maxCrapScore="0" minCrapScore="0" visitedClasses="0" numClasses="0" visitedMethods="0" numMethods="1" />
              <MetadataToken>100663317</MetadataToken>
              <Name>System.Void IsOnButter::Start()</Name>
              <FileRef uid="6" />
              <SequencePoints>
                <SequencePoint vc="0" uspid="1164" ordinal="0" offset="0" sl="13" sc="0" el="13" ec="0" bec="0" bev="0" fileid="6" />
                <SequencePoint vc="0" uspid="1165" ordinal="0" offset="1" sl="14" sc="0" el="14" ec="0" bec="0" bev="0" fileid="6" />
                <SequencePoint vc="0" uspid="1166" ordinal="0" offset="13" sl="15" sc="0" el="15" ec="0" bec="0" bev="0" fileid="6" />
                <SequencePoint vc="0" uspid="1167" ordinal="0" offset="25" sl="16" sc="0" el="16" ec="0" bec="0" bev="0" fileid="6" />
              </SequencePoints>
              <BranchPoints />
            </Method>
            <Method visited="false" cyclomaticComplexity="0" nPathComplexity="0" sequenceCoverage="0.0" branchCoverage="0" crapScore="0" isConstructor="false" isStatic="false" isGetter="false" isSetter="false">
              <Summary numSequencePoints="11" visitedSequencePoints="0" numBranchPoints="0" visitedBranchPoints="0" sequenceCoverage="0.0" branchCoverage="0" maxCyclomaticComplexity="0" minCyclomaticComplexity="0" maxCrapScore="0" minCrapScore="0" visitedClasses="0" numClasses="0" visitedMethods="0" numMethods="1" />
              <MetadataToken>100663318</MetadataToken>
              <Name>System.Void IsOnButter::Update()</Name>
              <FileRef uid="6" />
              <SequencePoints>
                <SequencePoint vc="0" uspid="1168" ordinal="0" offset="0" sl="19" sc="0" el="19" ec="0" bec="0" bev="0" fileid="6" />
                <SequencePoint vc="0" uspid="1169" ordinal="0" offset="1" sl="20" sc="0" el="20" ec="0" bec="0" bev="0" fileid="6" />
                <SequencePoint vc="0" uspid="1170" ordinal="0" offset="37" sl="21" sc="0" el="21" ec="0" bec="0" bev="0" fileid="6" />
                <SequencePoint vc="0" uspid="1171" ordinal="0" offset="38" sl="22" sc="0" el="22" ec="0" bec="0" bev="0" fileid="6" />
                <SequencePoint vc="0" uspid="1172" ordinal="0" offset="50" sl="23" sc="0" el="23" ec="0" bec="0" bev="0" fileid="6" />
                <SequencePoint vc="0" uspid="1173" ordinal="0" offset="61" sl="24" sc="0" el="24" ec="0" bec="0" bev="0" fileid="6" />
                <SequencePoint vc="0" uspid="1174" ordinal="0" offset="62" sl="25" sc="0" el="25" ec="0" bec="0" bev="0" fileid="6" />
                <SequencePoint vc="0" uspid="1175" ordinal="0" offset="69" sl="26" sc="0" el="26" ec="0" bec="0" bev="0" fileid="6" />
                <SequencePoint vc="0" uspid="1176" ordinal="0" offset="81" sl="27" sc="0" el="27" ec="0" bec="0" bev="0" fileid="6" />
                <SequencePoint vc="0" uspid="1177" ordinal="0" offset="82" sl="28" sc="0" el="28" ec="0" bec="0" bev="0" fileid="6" />
                <SequencePoint vc="0" uspid="1178" ordinal="0" offset="83" sl="29" sc="0" el="29" ec="0" bec="0" bev="0" fileid="6" />
              </SequencePoints>
              <BranchPoints />
            </Method>
            <Method visited="false" cyclomaticComplexity="0" nPathComplexity="0" sequenceCoverage="0.0" branchCoverage="0" crapScore="0" isConstructor="false" isStatic="false" isGetter="false" isSetter="false">
              <Summary numSequencePoints="3" visitedSequencePoints="0" numBranchPoints="0" visitedBranchPoints="0" sequenceCoverage="0.0" branchCoverage="0" maxCyclomaticComplexity="0" minCyclomaticComplexity="0" maxCrapScore="0" minCrapScore="0" visitedClasses="0" numClasses="0" visitedMethods="0" numMethods="1" />
              <MetadataToken>100663319</MetadataToken>
              <Name>System.Boolean IsOnButter::IsOnButterCheck()</Name>
              <FileRef uid="6" />
              <SequencePoints>
                <SequencePoint vc="0" uspid="1179" ordinal="0" offset="0" sl="31" sc="0" el="31" ec="0" bec="0" bev="0" fileid="6" />
                <SequencePoint vc="0" uspid="1180" ordinal="0" offset="1" sl="32" sc="0" el="32" ec="0" bec="0" bev="0" fileid="6" />
                <SequencePoint vc="0" uspid="1181" ordinal="0" offset="88" sl="33" sc="0" el="33" ec="0" bec="0" bev="0" fileid="6" />
              </SequencePoints>
              <BranchPoints />
            </Method>
          </Methods>
        </Class>
        <Class>
          <Summary numSequencePoints="13" visitedSequencePoints="0" numBranchPoints="0" visitedBranchPoints="0" sequenceCoverage="0.0" branchCoverage="0.0" maxCyclomaticComplexity="0" minCyclomaticComplexity="0" maxCrapScore="0" minCrapScore="0" visitedClasses="0" numClasses="1" visitedMethods="0" numMethods="1" />
          <FullName>ObstacleDeath</FullName>
          <Methods>
            <Method visited="false" cyclomaticComplexity="0" nPathComplexity="0" sequenceCoverage="0.0" branchCoverage="0" crapScore="0" isConstructor="false" isStatic="false" isGetter="false" isSetter="false">
              <Summary numSequencePoints="13" visitedSequencePoints="0" numBranchPoints="0" visitedBranchPoints="0" sequenceCoverage="0.0" branchCoverage="0" maxCyclomaticComplexity="0" minCyclomaticComplexity="0" maxCrapScore="0" minCrapScore="0" visitedClasses="0" numClasses="0" visitedMethods="0" numMethods="1" />
              <MetadataToken>100663321</MetadataToken>
              <Name>System.Void ObstacleDeath::OnCollisionEnter2D(UnityEngine.Collision2D)</Name>
              <FileRef uid="7" />
              <SequencePoints>
                <SequencePoint vc="0" uspid="1182" ordinal="0" offset="0" sl="6" sc="0" el="6" ec="0" bec="0" bev="0" fileid="7" />
                <SequencePoint vc="0" uspid="1183" ordinal="0" offset="1" sl="8" sc="0" el="8" ec="0" bec="0" bev="0" fileid="7" />
                <SequencePoint vc="0" uspid="1184" ordinal="0" offset="21" sl="9" sc="0" el="9" ec="0" bec="0" bev="0" fileid="7" />
                <SequencePoint vc="0" uspid="1185" ordinal="0" offset="22" sl="11" sc="0" el="11" ec="0" bec="0" bev="0" fileid="7" />
                <SequencePoint vc="0" uspid="1186" ordinal="0" offset="34" sl="14" sc="0" el="14" ec="0" bec="0" bev="0" fileid="7" />
                <SequencePoint vc="0" uspid="1187" ordinal="0" offset="45" sl="15" sc="0" el="15" ec="0" bec="0" bev="0" fileid="7" />
                <SequencePoint vc="0" uspid="1188" ordinal="0" offset="46" sl="17" sc="0" el="17" ec="0" bec="0" bev="0" fileid="7" />
                <SequencePoint vc="0" uspid="1189" ordinal="0" offset="53" sl="18" sc="0" el="18" ec="0" bec="0" bev="0" fileid="7" />
                <SequencePoint vc="0" uspid="1190" ordinal="0" offset="56" sl="20" sc="0" el="20" ec="0" bec="0" bev="0" fileid="7" />
                <SequencePoint vc="0" uspid="1191" ordinal="0" offset="57" sl="21" sc="0" el="21" ec="0" bec="0" bev="0" fileid="7" />
                <SequencePoint vc="0" uspid="1192" ordinal="0" offset="68" sl="22" sc="0" el="22" ec="0" bec="0" bev="0" fileid="7" />
                <SequencePoint vc="0" uspid="1193" ordinal="0" offset="69" sl="23" sc="0" el="23" ec="0" bec="0" bev="0" fileid="7" />
                <SequencePoint vc="0" uspid="1194" ordinal="0" offset="70" sl="24" sc="0" el="24" ec="0" bec="0" bev="0" fileid="7" />
              </SequencePoints>
              <BranchPoints />
            </Method>
          </Methods>
        </Class>
        <Class>
          <Summary numSequencePoints="226" visitedSequencePoints="0" numBranchPoints="0" visitedBranchPoints="0" sequenceCoverage="0.0" branchCoverage="0.0" maxCyclomaticComplexity="0" minCyclomaticComplexity="0" maxCrapScore="0" minCrapScore="0" visitedClasses="0" numClasses="1" visitedMethods="0" numMethods="29" />
          <FullName>PlayerMovement</FullName>
          <Methods>
            <Method visited="false" cyclomaticComplexity="0" nPathComplexity="0" sequenceCoverage="0.0" branchCoverage="0" crapScore="0" isConstructor="false" isStatic="false" isGetter="false" isSetter="false">
              <Summary numSequencePoints="7" visitedSequencePoints="0" numBranchPoints="0" visitedBranchPoints="0" sequenceCoverage="0.0" branchCoverage="0" maxCyclomaticComplexity="0" minCyclomaticComplexity="0" maxCrapScore="0" minCrapScore="0" visitedClasses="0" numClasses="0" visitedMethods="0" numMethods="1" />
              <MetadataToken>100663323</MetadataToken>
              <Name>System.Void PlayerMovement::Start()</Name>
              <FileRef uid="8" />
              <SequencePoints>
                <SequencePoint vc="0" uspid="1195" ordinal="0" offset="0" sl="57" sc="0" el="57" ec="0" bec="0" bev="0" fileid="8" />
                <SequencePoint vc="0" uspid="1196" ordinal="0" offset="1" sl="59" sc="0" el="59" ec="0" bec="0" bev="0" fileid="8" />
                <SequencePoint vc="0" uspid="1197" ordinal="0" offset="13" sl="60" sc="0" el="60" ec="0" bec="0" bev="0" fileid="8" />
                <SequencePoint vc="0" uspid="1198" ordinal="0" offset="25" sl="61" sc="0" el="61" ec="0" bec="0" bev="0" fileid="8" />
                <SequencePoint vc="0" uspid="1199" ordinal="0" offset="37" sl="62" sc="0" el="62" ec="0" bec="0" bev="0" fileid="8" />
                <SequencePoint vc="0" uspid="1200" ordinal="0" offset="48" sl="63" sc="0" el="63" ec="0" bec="0" bev="0" fileid="8" />
                <SequencePoint vc="0" uspid="1201" ordinal="0" offset="71" sl="65" sc="0" el="65" ec="0" bec="0" bev="0" fileid="8" />
              </SequencePoints>
              <BranchPoints />
            </Method>
            <Method visited="false" cyclomaticComplexity="0" nPathComplexity="0" sequenceCoverage="0.0" branchCoverage="0" crapScore="0" isConstructor="false" isStatic="false" isGetter="false" isSetter="false">
              <Summary numSequencePoints="30" visitedSequencePoints="0" numBranchPoints="0" visitedBranchPoints="0" sequenceCoverage="0.0" branchCoverage="0" maxCyclomaticComplexity="0" minCyclomaticComplexity="0" maxCrapScore="0" minCrapScore="0" visitedClasses="0" numClasses="0" visitedMethods="0" numMethods="1" />
              <MetadataToken>100663324</MetadataToken>
              <Name>System.Void PlayerMovement::Update()</Name>
              <FileRef uid="8" />
              <SequencePoints>
                <SequencePoint vc="0" uspid="1202" ordinal="0" offset="0" sl="69" sc="0" el="69" ec="0" bec="0" bev="0" fileid="8" />
                <SequencePoint vc="0" uspid="1203" ordinal="0" offset="1" sl="70" sc="0" el="70" ec="0" bec="0" bev="0" fileid="8" />
                <SequencePoint vc="0" uspid="1204" ordinal="0" offset="17" sl="72" sc="0" el="72" ec="0" bec="0" bev="0" fileid="8" />
                <SequencePoint vc="0" uspid="1205" ordinal="0" offset="42" sl="73" sc="0" el="73" ec="0" bec="0" bev="0" fileid="8" />
                <SequencePoint vc="0" uspid="1206" ordinal="0" offset="43" sl="74" sc="0" el="74" ec="0" bec="0" bev="0" fileid="8" />
                <SequencePoint vc="0" uspid="1207" ordinal="0" offset="56" sl="75" sc="0" el="75" ec="0" bec="0" bev="0" fileid="8" />
                <SequencePoint vc="0" uspid="1208" ordinal="0" offset="57" sl="76" sc="0" el="76" ec="0" bec="0" bev="0" fileid="8" />
                <SequencePoint vc="0" uspid="1209" ordinal="0" offset="62" sl="82" sc="0" el="82" ec="0" bec="0" bev="0" fileid="8" />
                <SequencePoint vc="0" uspid="1210" ordinal="0" offset="75" sl="83" sc="0" el="83" ec="0" bec="0" bev="0" fileid="8" />
                <SequencePoint vc="0" uspid="1211" ordinal="0" offset="88" sl="84" sc="0" el="84" ec="0" bec="0" bev="0" fileid="8" />
                <SequencePoint vc="0" uspid="1212" ordinal="0" offset="96" sl="85" sc="0" el="85" ec="0" bec="0" bev="0" fileid="8" />
                <SequencePoint vc="0" uspid="1213" ordinal="0" offset="115" sl="87" sc="0" el="87" ec="0" bec="0" bev="0" fileid="8" />
                <SequencePoint vc="0" uspid="1214" ordinal="0" offset="122" sl="90" sc="0" el="90" ec="0" bec="0" bev="0" fileid="8" />
                <SequencePoint vc="0" uspid="1215" ordinal="0" offset="142" sl="91" sc="0" el="91" ec="0" bec="0" bev="0" fileid="8" />
                <SequencePoint vc="0" uspid="1216" ordinal="0" offset="143" sl="92" sc="0" el="92" ec="0" bec="0" bev="0" fileid="8" />
                <SequencePoint vc="0" uspid="1217" ordinal="0" offset="171" sl="93" sc="0" el="93" ec="0" bec="0" bev="0" fileid="8" />
                <SequencePoint vc="0" uspid="1218" ordinal="0" offset="172" sl="94" sc="0" el="94" ec="0" bec="0" bev="0" fileid="8" />
                <SequencePoint vc="0" uspid="1219" ordinal="0" offset="187" sl="95" sc="0" el="95" ec="0" bec="0" bev="0" fileid="8" />
                <SequencePoint vc="0" uspid="1220" ordinal="0" offset="188" sl="96" sc="0" el="96" ec="0" bec="0" bev="0" fileid="8" />
                <SequencePoint vc="0" uspid="1221" ordinal="0" offset="193" sl="98" sc="0" el="98" ec="0" bec="0" bev="0" fileid="8" />
                <SequencePoint vc="0" uspid="1222" ordinal="0" offset="209" sl="99" sc="0" el="99" ec="0" bec="0" bev="0" fileid="8" />
                <SequencePoint vc="0" uspid="1223" ordinal="0" offset="225" sl="100" sc="0" el="100" ec="0" bec="0" bev="0" fileid="8" />
                <SequencePoint vc="0" uspid="1224" ordinal="0" offset="241" sl="101" sc="0" el="101" ec="0" bec="0" bev="0" fileid="8" />
                <SequencePoint vc="0" uspid="1225" ordinal="0" offset="253" sl="102" sc="0" el="102" ec="0" bec="0" bev="0" fileid="8" />
                <SequencePoint vc="0" uspid="1226" ordinal="0" offset="278" sl="103" sc="0" el="103" ec="0" bec="0" bev="0" fileid="8" />
                <SequencePoint vc="0" uspid="1227" ordinal="0" offset="297" sl="105" sc="0" el="105" ec="0" bec="0" bev="0" fileid="8" />
                <SequencePoint vc="0" uspid="1228" ordinal="0" offset="304" sl="107" sc="0" el="107" ec="0" bec="0" bev="0" fileid="8" />
                <SequencePoint vc="0" uspid="1229" ordinal="0" offset="323" sl="108" sc="0" el="108" ec="0" bec="0" bev="0" fileid="8" />
                <SequencePoint vc="0" uspid="1230" ordinal="0" offset="344" sl="109" sc="0" el="109" ec="0" bec="0" bev="0" fileid="8" />
                <SequencePoint vc="0" uspid="1231" ordinal="0" offset="345" sl="113" sc="0" el="113" ec="0" bec="0" bev="0" fileid="8" />
              </SequencePoints>
              <BranchPoints />
            </Method>
            <Method visited="false" cyclomaticComplexity="0" nPathComplexity="0" sequenceCoverage="0.0" branchCoverage="0" crapScore="0" isConstructor="false" isStatic="false" isGetter="false" isSetter="false">
              <Summary numSequencePoints="17" visitedSequencePoints="0" numBranchPoints="0" visitedBranchPoints="0" sequenceCoverage="0.0" branchCoverage="0" maxCyclomaticComplexity="0" minCyclomaticComplexity="0" maxCrapScore="0" minCrapScore="0" visitedClasses="0" numClasses="0" visitedMethods="0" numMethods="1" />
              <MetadataToken>100663325</MetadataToken>
              <Name>System.Void PlayerMovement::HandleMovementKeys(System.Boolean&amp;, System.Boolean&amp;, System.Boolean&amp;)</Name>
              <FileRef uid="8" />
              <SequencePoints>
                <SequencePoint vc="0" uspid="1232" ordinal="0" offset="0" sl="115" sc="0" el="115" ec="0" bec="0" bev="0" fileid="8" />
                <SequencePoint vc="0" uspid="1233" ordinal="0" offset="1" sl="116" sc="0" el="116" ec="0" bec="0" bev="0" fileid="8" />
                <SequencePoint vc="0" uspid="1234" ordinal="0" offset="21" sl="117" sc="0" el="117" ec="0" bec="0" bev="0" fileid="8" />
                <SequencePoint vc="0" uspid="1235" ordinal="0" offset="22" sl="118" sc="0" el="118" ec="0" bec="0" bev="0" fileid="8" />
                <SequencePoint vc="0" uspid="1236" ordinal="0" offset="25" sl="119" sc="0" el="119" ec="0" bec="0" bev="0" fileid="8" />
                <SequencePoint vc="0" uspid="1237" ordinal="0" offset="28" sl="120" sc="0" el="120" ec="0" bec="0" bev="0" fileid="8" />
                <SequencePoint vc="0" uspid="1238" ordinal="0" offset="48" sl="121" sc="0" el="121" ec="0" bec="0" bev="0" fileid="8" />
                <SequencePoint vc="0" uspid="1239" ordinal="0" offset="49" sl="122" sc="0" el="122" ec="0" bec="0" bev="0" fileid="8" />
                <SequencePoint vc="0" uspid="1240" ordinal="0" offset="52" sl="123" sc="0" el="123" ec="0" bec="0" bev="0" fileid="8" />
                <SequencePoint vc="0" uspid="1241" ordinal="0" offset="55" sl="124" sc="0" el="124" ec="0" bec="0" bev="0" fileid="8" />
                <SequencePoint vc="0" uspid="1242" ordinal="0" offset="75" sl="125" sc="0" el="125" ec="0" bec="0" bev="0" fileid="8" />
                <SequencePoint vc="0" uspid="1243" ordinal="0" offset="76" sl="126" sc="0" el="126" ec="0" bec="0" bev="0" fileid="8" />
                <SequencePoint vc="0" uspid="1244" ordinal="0" offset="79" sl="127" sc="0" el="127" ec="0" bec="0" bev="0" fileid="8" />
                <SequencePoint vc="0" uspid="1245" ordinal="0" offset="82" sl="129" sc="0" el="129" ec="0" bec="0" bev="0" fileid="8" />
                <SequencePoint vc="0" uspid="1246" ordinal="0" offset="83" sl="130" sc="0" el="130" ec="0" bec="0" bev="0" fileid="8" />
                <SequencePoint vc="0" uspid="1247" ordinal="0" offset="90" sl="131" sc="0" el="131" ec="0" bec="0" bev="0" fileid="8" />
                <SequencePoint vc="0" uspid="1248" ordinal="0" offset="91" sl="132" sc="0" el="132" ec="0" bec="0" bev="0" fileid="8" />
              </SequencePoints>
              <BranchPoints />
            </Method>
            <Method visited="false" cyclomaticComplexity="0" nPathComplexity="0" sequenceCoverage="0.0" branchCoverage="0" crapScore="0" isConstructor="false" isStatic="false" isGetter="false" isSetter="false">
              <Summary numSequencePoints="18" visitedSequencePoints="0" numBranchPoints="0" visitedBranchPoints="0" sequenceCoverage="0.0" branchCoverage="0" maxCyclomaticComplexity="0" minCyclomaticComplexity="0" maxCrapScore="0" minCrapScore="0" visitedClasses="0" numClasses="0" visitedMethods="0" numMethods="1" />
              <MetadataToken>100663326</MetadataToken>
              <Name>System.Void PlayerMovement::HandleMovement(System.Boolean, System.Boolean)</Name>
              <FileRef uid="8" />
              <SequencePoints>
                <SequencePoint vc="0" uspid="1249" ordinal="0" offset="0" sl="134" sc="0" el="134" ec="0" bec="0" bev="0" fileid="8" />
                <SequencePoint vc="0" uspid="1250" ordinal="0" offset="1" sl="135" sc="0" el="135" ec="0" bec="0" bev="0" fileid="8" />
                <SequencePoint vc="0" uspid="1251" ordinal="0" offset="7" sl="136" sc="0" el="136" ec="0" bec="0" bev="0" fileid="8" />
                <SequencePoint vc="0" uspid="1252" ordinal="0" offset="12" sl="137" sc="0" el="137" ec="0" bec="0" bev="0" fileid="8" />
                <SequencePoint vc="0" uspid="1253" ordinal="0" offset="13" sl="138" sc="0" el="138" ec="0" bec="0" bev="0" fileid="8" />
                <SequencePoint vc="0" uspid="1254" ordinal="0" offset="19" sl="139" sc="0" el="139" ec="0" bec="0" bev="0" fileid="8" />
                <SequencePoint vc="0" uspid="1255" ordinal="0" offset="22" sl="140" sc="0" el="140" ec="0" bec="0" bev="0" fileid="8" />
                <SequencePoint vc="0" uspid="1256" ordinal="0" offset="27" sl="141" sc="0" el="141" ec="0" bec="0" bev="0" fileid="8" />
                <SequencePoint vc="0" uspid="1257" ordinal="0" offset="28" sl="142" sc="0" el="142" ec="0" bec="0" bev="0" fileid="8" />
                <SequencePoint vc="0" uspid="1258" ordinal="0" offset="34" sl="143" sc="0" el="143" ec="0" bec="0" bev="0" fileid="8" />
                <SequencePoint vc="0" uspid="1259" ordinal="0" offset="35" sl="145" sc="0" el="145" ec="0" bec="0" bev="0" fileid="8" />
                <SequencePoint vc="0" uspid="1260" ordinal="0" offset="56" sl="146" sc="0" el="146" ec="0" bec="0" bev="0" fileid="8" />
                <SequencePoint vc="0" uspid="1261" ordinal="0" offset="57" sl="147" sc="0" el="147" ec="0" bec="0" bev="0" fileid="8" />
                <SequencePoint vc="0" uspid="1262" ordinal="0" offset="98" sl="148" sc="0" el="148" ec="0" bec="0" bev="0" fileid="8" />
                <SequencePoint vc="0" uspid="1263" ordinal="0" offset="101" sl="150" sc="0" el="150" ec="0" bec="0" bev="0" fileid="8" />
                <SequencePoint vc="0" uspid="1264" ordinal="0" offset="102" sl="151" sc="0" el="151" ec="0" bec="0" bev="0" fileid="8" />
                <SequencePoint vc="0" uspid="1265" ordinal="0" offset="151" sl="152" sc="0" el="152" ec="0" bec="0" bev="0" fileid="8" />
                <SequencePoint vc="0" uspid="1266" ordinal="0" offset="152" sl="153" sc="0" el="153" ec="0" bec="0" bev="0" fileid="8" />
              </SequencePoints>
              <BranchPoints />
            </Method>
            <Method visited="false" cyclomaticComplexity="0" nPathComplexity="0" sequenceCoverage="0.0" branchCoverage="0" crapScore="0" isConstructor="false" isStatic="false" isGetter="false" isSetter="false">
              <Summary numSequencePoints="10" visitedSequencePoints="0" numBranchPoints="0" visitedBranchPoints="0" sequenceCoverage="0.0" branchCoverage="0" maxCyclomaticComplexity="0" minCyclomaticComplexity="0" maxCrapScore="0" minCrapScore="0" visitedClasses="0" numClasses="0" visitedMethods="0" numMethods="1" />
              <MetadataToken>100663327</MetadataToken>
              <Name>System.Void PlayerMovement::HandleFacing()</Name>
              <FileRef uid="8" />
              <SequencePoints>
                <SequencePoint vc="0" uspid="1267" ordinal="0" offset="0" sl="155" sc="0" el="155" ec="0" bec="0" bev="0" fileid="8" />
                <SequencePoint vc="0" uspid="1268" ordinal="0" offset="1" sl="156" sc="0" el="156" ec="0" bec="0" bev="0" fileid="8" />
                <SequencePoint vc="0" uspid="1269" ordinal="0" offset="39" sl="157" sc="0" el="157" ec="0" bec="0" bev="0" fileid="8" />
                <SequencePoint vc="0" uspid="1270" ordinal="0" offset="40" sl="158" sc="0" el="158" ec="0" bec="0" bev="0" fileid="8" />
                <SequencePoint vc="0" uspid="1271" ordinal="0" offset="47" sl="159" sc="0" el="159" ec="0" bec="0" bev="0" fileid="8" />
                <SequencePoint vc="0" uspid="1272" ordinal="0" offset="50" sl="160" sc="0" el="160" ec="0" bec="0" bev="0" fileid="8" />
                <SequencePoint vc="0" uspid="1273" ordinal="0" offset="88" sl="161" sc="0" el="161" ec="0" bec="0" bev="0" fileid="8" />
                <SequencePoint vc="0" uspid="1274" ordinal="0" offset="89" sl="162" sc="0" el="162" ec="0" bec="0" bev="0" fileid="8" />
                <SequencePoint vc="0" uspid="1275" ordinal="0" offset="96" sl="163" sc="0" el="163" ec="0" bec="0" bev="0" fileid="8" />
                <SequencePoint vc="0" uspid="1276" ordinal="0" offset="97" sl="164" sc="0" el="164" ec="0" bec="0" bev="0" fileid="8" />
              </SequencePoints>
              <BranchPoints />
            </Method>
            <Method visited="false" cyclomaticComplexity="0" nPathComplexity="0" sequenceCoverage="0.0" branchCoverage="0" crapScore="0" isConstructor="false" isStatic="false" isGetter="false" isSetter="false">
              <Summary numSequencePoints="25" visitedSequencePoints="0" numBranchPoints="0" visitedBranchPoints="0" sequenceCoverage="0.0" branchCoverage="0" maxCyclomaticComplexity="0" minCyclomaticComplexity="0" maxCrapScore="0" minCrapScore="0" visitedClasses="0" numClasses="0" visitedMethods="0" numMethods="1" />
              <MetadataToken>100663328</MetadataToken>
              <Name>System.Void PlayerMovement::Jump(System.Boolean, System.Boolean, System.Boolean)</Name>
              <FileRef uid="8" />
              <SequencePoints>
                <SequencePoint vc="0" uspid="1277" ordinal="0" offset="0" sl="166" sc="0" el="166" ec="0" bec="0" bev="0" fileid="8" />
                <SequencePoint vc="0" uspid="1278" ordinal="0" offset="1" sl="167" sc="0" el="167" ec="0" bec="0" bev="0" fileid="8" />
                <SequencePoint vc="0" uspid="1279" ordinal="0" offset="29" sl="168" sc="0" el="168" ec="0" bec="0" bev="0" fileid="8" />
                <SequencePoint vc="0" uspid="1280" ordinal="0" offset="30" sl="169" sc="0" el="169" ec="0" bec="0" bev="0" fileid="8" />
                <SequencePoint vc="0" uspid="1281" ordinal="0" offset="46" sl="170" sc="0" el="170" ec="0" bec="0" bev="0" fileid="8" />
                <SequencePoint vc="0" uspid="1282" ordinal="0" offset="47" sl="172" sc="0" el="172" ec="0" bec="0" bev="0" fileid="8" />
                <SequencePoint vc="0" uspid="1283" ordinal="0" offset="86" sl="173" sc="0" el="173" ec="0" bec="0" bev="0" fileid="8" />
                <SequencePoint vc="0" uspid="1284" ordinal="0" offset="89" sl="174" sc="0" el="174" ec="0" bec="0" bev="0" fileid="8" />
                <SequencePoint vc="0" uspid="1285" ordinal="0" offset="128" sl="175" sc="0" el="175" ec="0" bec="0" bev="0" fileid="8" />
                <SequencePoint vc="0" uspid="1286" ordinal="0" offset="129" sl="178" sc="0" el="178" ec="0" bec="0" bev="0" fileid="8" />
                <SequencePoint vc="0" uspid="1287" ordinal="0" offset="138" sl="179" sc="0" el="179" ec="0" bec="0" bev="0" fileid="8" />
                <SequencePoint vc="0" uspid="1288" ordinal="0" offset="156" sl="180" sc="0" el="180" ec="0" bec="0" bev="0" fileid="8" />
                <SequencePoint vc="0" uspid="1289" ordinal="0" offset="157" sl="181" sc="0" el="181" ec="0" bec="0" bev="0" fileid="8" />
                <SequencePoint vc="0" uspid="1290" ordinal="0" offset="170" sl="182" sc="0" el="182" ec="0" bec="0" bev="0" fileid="8" />
                <SequencePoint vc="0" uspid="1291" ordinal="0" offset="171" sl="183" sc="0" el="183" ec="0" bec="0" bev="0" fileid="8" />
                <SequencePoint vc="0" uspid="1292" ordinal="0" offset="182" sl="184" sc="0" el="184" ec="0" bec="0" bev="0" fileid="8" />
                <SequencePoint vc="0" uspid="1293" ordinal="0" offset="183" sl="185" sc="0" el="185" ec="0" bec="0" bev="0" fileid="8" />
                <SequencePoint vc="0" uspid="1294" ordinal="0" offset="184" sl="186" sc="0" el="186" ec="0" bec="0" bev="0" fileid="8" />
                <SequencePoint vc="0" uspid="1295" ordinal="0" offset="211" sl="187" sc="0" el="187" ec="0" bec="0" bev="0" fileid="8" />
                <SequencePoint vc="0" uspid="1296" ordinal="0" offset="212" sl="188" sc="0" el="188" ec="0" bec="0" bev="0" fileid="8" />
                <SequencePoint vc="0" uspid="1297" ordinal="0" offset="230" sl="189" sc="0" el="189" ec="0" bec="0" bev="0" fileid="8" />
                <SequencePoint vc="0" uspid="1298" ordinal="0" offset="231" sl="191" sc="0" el="191" ec="0" bec="0" bev="0" fileid="8" />
                <SequencePoint vc="0" uspid="1299" ordinal="0" offset="270" sl="192" sc="0" el="192" ec="0" bec="0" bev="0" fileid="8" />
                <SequencePoint vc="0" uspid="1300" ordinal="0" offset="271" sl="193" sc="0" el="193" ec="0" bec="0" bev="0" fileid="8" />
                <SequencePoint vc="0" uspid="1301" ordinal="0" offset="272" sl="195" sc="0" el="195" ec="0" bec="0" bev="0" fileid="8" />
              </SequencePoints>
              <BranchPoints />
            </Method>
            <Method visited="false" cyclomaticComplexity="0" nPathComplexity="0" sequenceCoverage="0.0" branchCoverage="0" crapScore="0" isConstructor="false" isStatic="false" isGetter="false" isSetter="false">
              <Summary numSequencePoints="26" visitedSequencePoints="0" numBranchPoints="0" visitedBranchPoints="0" sequenceCoverage="0.0" branchCoverage="0" maxCyclomaticComplexity="0" minCyclomaticComplexity="0" maxCrapScore="0" minCrapScore="0" visitedClasses="0" numClasses="0" visitedMethods="0" numMethods="1" />
              <MetadataToken>100663329</MetadataToken>
              <Name>System.Void PlayerMovement::HandleWallJump(System.Boolean, System.Boolean)</Name>
              <FileRef uid="8" />
              <SequencePoints>
                <SequencePoint vc="0" uspid="1302" ordinal="0" offset="0" sl="197" sc="0" el="197" ec="0" bec="0" bev="0" fileid="8" />
                <SequencePoint vc="0" uspid="1303" ordinal="0" offset="1" sl="198" sc="0" el="198" ec="0" bec="0" bev="0" fileid="8" />
                <SequencePoint vc="0" uspid="1304" ordinal="0" offset="14" sl="199" sc="0" el="199" ec="0" bec="0" bev="0" fileid="8" />
                <SequencePoint vc="0" uspid="1305" ordinal="0" offset="15" sl="200" sc="0" el="200" ec="0" bec="0" bev="0" fileid="8" />
                <SequencePoint vc="0" uspid="1306" ordinal="0" offset="20" sl="201" sc="0" el="201" ec="0" bec="0" bev="0" fileid="8" />
                <SequencePoint vc="0" uspid="1307" ordinal="0" offset="21" sl="202" sc="0" el="202" ec="0" bec="0" bev="0" fileid="8" />
                <SequencePoint vc="0" uspid="1308" ordinal="0" offset="50" sl="203" sc="0" el="203" ec="0" bec="0" bev="0" fileid="8" />
                <SequencePoint vc="0" uspid="1309" ordinal="0" offset="57" sl="204" sc="0" el="204" ec="0" bec="0" bev="0" fileid="8" />
                <SequencePoint vc="0" uspid="1310" ordinal="0" offset="60" sl="206" sc="0" el="206" ec="0" bec="0" bev="0" fileid="8" />
                <SequencePoint vc="0" uspid="1311" ordinal="0" offset="61" sl="207" sc="0" el="207" ec="0" bec="0" bev="0" fileid="8" />
                <SequencePoint vc="0" uspid="1312" ordinal="0" offset="90" sl="208" sc="0" el="208" ec="0" bec="0" bev="0" fileid="8" />
                <SequencePoint vc="0" uspid="1313" ordinal="0" offset="97" sl="209" sc="0" el="209" ec="0" bec="0" bev="0" fileid="8" />
                <SequencePoint vc="0" uspid="1314" ordinal="0" offset="98" sl="210" sc="0" el="210" ec="0" bec="0" bev="0" fileid="8" />
                <SequencePoint vc="0" uspid="1315" ordinal="0" offset="101" sl="211" sc="0" el="211" ec="0" bec="0" bev="0" fileid="8" />
                <SequencePoint vc="0" uspid="1316" ordinal="0" offset="111" sl="212" sc="0" el="212" ec="0" bec="0" bev="0" fileid="8" />
                <SequencePoint vc="0" uspid="1317" ordinal="0" offset="112" sl="213" sc="0" el="213" ec="0" bec="0" bev="0" fileid="8" />
                <SequencePoint vc="0" uspid="1318" ordinal="0" offset="117" sl="214" sc="0" el="214" ec="0" bec="0" bev="0" fileid="8" />
                <SequencePoint vc="0" uspid="1319" ordinal="0" offset="118" sl="215" sc="0" el="215" ec="0" bec="0" bev="0" fileid="8" />
                <SequencePoint vc="0" uspid="1320" ordinal="0" offset="148" sl="216" sc="0" el="216" ec="0" bec="0" bev="0" fileid="8" />
                <SequencePoint vc="0" uspid="1321" ordinal="0" offset="155" sl="217" sc="0" el="217" ec="0" bec="0" bev="0" fileid="8" />
                <SequencePoint vc="0" uspid="1322" ordinal="0" offset="158" sl="219" sc="0" el="219" ec="0" bec="0" bev="0" fileid="8" />
                <SequencePoint vc="0" uspid="1323" ordinal="0" offset="159" sl="220" sc="0" el="220" ec="0" bec="0" bev="0" fileid="8" />
                <SequencePoint vc="0" uspid="1324" ordinal="0" offset="189" sl="221" sc="0" el="221" ec="0" bec="0" bev="0" fileid="8" />
                <SequencePoint vc="0" uspid="1325" ordinal="0" offset="196" sl="222" sc="0" el="222" ec="0" bec="0" bev="0" fileid="8" />
                <SequencePoint vc="0" uspid="1326" ordinal="0" offset="197" sl="223" sc="0" el="223" ec="0" bec="0" bev="0" fileid="8" />
                <SequencePoint vc="0" uspid="1327" ordinal="0" offset="198" sl="224" sc="0" el="224" ec="0" bec="0" bev="0" fileid="8" />
              </SequencePoints>
              <BranchPoints />
            </Method>
            <Method visited="false" cyclomaticComplexity="0" nPathComplexity="0" sequenceCoverage="0.0" branchCoverage="0" crapScore="0" isConstructor="false" isStatic="false" isGetter="false" isSetter="false">
              <Summary numSequencePoints="14" visitedSequencePoints="0" numBranchPoints="0" visitedBranchPoints="0" sequenceCoverage="0.0" branchCoverage="0" maxCyclomaticComplexity="0" minCyclomaticComplexity="0" maxCrapScore="0" minCrapScore="0" visitedClasses="0" numClasses="0" visitedMethods="0" numMethods="1" />
              <MetadataToken>100663330</MetadataToken>
              <Name>System.Void PlayerMovement::WallSlide(System.Boolean, System.Boolean)</Name>
              <FileRef uid="8" />
              <SequencePoints>
                <SequencePoint vc="0" uspid="1328" ordinal="0" offset="0" sl="227" sc="0" el="227" ec="0" bec="0" bev="0" fileid="8" />
                <SequencePoint vc="0" uspid="1329" ordinal="0" offset="1" sl="228" sc="0" el="228" ec="0" bec="0" bev="0" fileid="8" />
                <SequencePoint vc="0" uspid="1330" ordinal="0" offset="8" sl="229" sc="0" el="229" ec="0" bec="0" bev="0" fileid="8" />
                <SequencePoint vc="0" uspid="1331" ordinal="0" offset="9" sl="230" sc="0" el="230" ec="0" bec="0" bev="0" fileid="8" />
                <SequencePoint vc="0" uspid="1332" ordinal="0" offset="21" sl="231" sc="0" el="231" ec="0" bec="0" bev="0" fileid="8" />
                <SequencePoint vc="0" uspid="1333" ordinal="0" offset="22" sl="232" sc="0" el="232" ec="0" bec="0" bev="0" fileid="8" />
                <SequencePoint vc="0" uspid="1334" ordinal="0" offset="73" sl="233" sc="0" el="233" ec="0" bec="0" bev="0" fileid="8" />
                <SequencePoint vc="0" uspid="1335" ordinal="0" offset="74" sl="234" sc="0" el="234" ec="0" bec="0" bev="0" fileid="8" />
                <SequencePoint vc="0" uspid="1336" ordinal="0" offset="81" sl="235" sc="0" el="235" ec="0" bec="0" bev="0" fileid="8" />
                <SequencePoint vc="0" uspid="1337" ordinal="0" offset="147" sl="236" sc="0" el="236" ec="0" bec="0" bev="0" fileid="8" />
                <SequencePoint vc="0" uspid="1338" ordinal="0" offset="150" sl="238" sc="0" el="238" ec="0" bec="0" bev="0" fileid="8" />
                <SequencePoint vc="0" uspid="1339" ordinal="0" offset="151" sl="239" sc="0" el="239" ec="0" bec="0" bev="0" fileid="8" />
                <SequencePoint vc="0" uspid="1340" ordinal="0" offset="158" sl="240" sc="0" el="240" ec="0" bec="0" bev="0" fileid="8" />
                <SequencePoint vc="0" uspid="1341" ordinal="0" offset="159" sl="241" sc="0" el="241" ec="0" bec="0" bev="0" fileid="8" />
              </SequencePoints>
              <BranchPoints />
            </Method>
            <Method visited="false" cyclomaticComplexity="0" nPathComplexity="0" sequenceCoverage="0.0" branchCoverage="0" crapScore="0" isConstructor="false" isStatic="false" isGetter="false" isSetter="false">
              <Summary numSequencePoints="3" visitedSequencePoints="0" numBranchPoints="0" visitedBranchPoints="0" sequenceCoverage="0.0" branchCoverage="0" maxCyclomaticComplexity="0" minCyclomaticComplexity="0" maxCrapScore="0" minCrapScore="0" visitedClasses="0" numClasses="0" visitedMethods="0" numMethods="1" />
              <MetadataToken>100663331</MetadataToken>
              <Name>System.Void PlayerMovement::SetRespawnPoint(UnityEngine.Vector2)</Name>
              <FileRef uid="8" />
              <SequencePoints>
                <SequencePoint vc="0" uspid="1342" ordinal="0" offset="0" sl="244" sc="0" el="244" ec="0" bec="0" bev="0" fileid="8" />
                <SequencePoint vc="0" uspid="1343" ordinal="0" offset="1" sl="245" sc="0" el="245" ec="0" bec="0" bev="0" fileid="8" />
                <SequencePoint vc="0" uspid="1344" ordinal="0" offset="8" sl="246" sc="0" el="246" ec="0" bec="0" bev="0" fileid="8" />
              </SequencePoints>
              <BranchPoints />
            </Method>
            <Method visited="false" cyclomaticComplexity="0" nPathComplexity="0" sequenceCoverage="0.0" branchCoverage="0" crapScore="0" isConstructor="false" isStatic="false" isGetter="false" isSetter="false">
              <Summary numSequencePoints="5" visitedSequencePoints="0" numBranchPoints="0" visitedBranchPoints="0" sequenceCoverage="0.0" branchCoverage="0" maxCyclomaticComplexity="0" minCyclomaticComplexity="0" maxCrapScore="0" minCrapScore="0" visitedClasses="0" numClasses="0" visitedMethods="0" numMethods="1" />
              <MetadataToken>100663333</MetadataToken>
              <Name>System.Void PlayerMovement::Die()</Name>
              <FileRef uid="8" />
              <SequencePoints>
                <SequencePoint vc="0" uspid="1345" ordinal="0" offset="0" sl="256" sc="0" el="256" ec="0" bec="0" bev="0" fileid="8" />
                <SequencePoint vc="0" uspid="1346" ordinal="0" offset="1" sl="257" sc="0" el="257" ec="0" bec="0" bev="0" fileid="8" />
                <SequencePoint vc="0" uspid="1347" ordinal="0" offset="8" sl="258" sc="0" el="258" ec="0" bec="0" bev="0" fileid="8" />
                <SequencePoint vc="0" uspid="1348" ordinal="0" offset="21" sl="259" sc="0" el="259" ec="0" bec="0" bev="0" fileid="8" />
                <SequencePoint vc="0" uspid="1349" ordinal="0" offset="34" sl="260" sc="0" el="260" ec="0" bec="0" bev="0" fileid="8" />
              </SequencePoints>
              <BranchPoints />
            </Method>
            <Method visited="false" cyclomaticComplexity="0" nPathComplexity="0" sequenceCoverage="0.0" branchCoverage="0" crapScore="0" isConstructor="false" isStatic="false" isGetter="false" isSetter="false">
              <Summary numSequencePoints="3" visitedSequencePoints="0" numBranchPoints="0" visitedBranchPoints="0" sequenceCoverage="0.0" branchCoverage="0" maxCyclomaticComplexity="0" minCyclomaticComplexity="0" maxCrapScore="0" minCrapScore="0" visitedClasses="0" numClasses="0" visitedMethods="0" numMethods="1" />
              <MetadataToken>100663334</MetadataToken>
              <Name>System.Boolean PlayerMovement::IsGrounded()</Name>
              <FileRef uid="8" />
              <SequencePoints>
                <SequencePoint vc="0" uspid="1350" ordinal="0" offset="0" sl="293" sc="0" el="293" ec="0" bec="0" bev="0" fileid="8" />
                <SequencePoint vc="0" uspid="1351" ordinal="0" offset="1" sl="294" sc="0" el="294" ec="0" bec="0" bev="0" fileid="8" />
                <SequencePoint vc="0" uspid="1352" ordinal="0" offset="88" sl="295" sc="0" el="295" ec="0" bec="0" bev="0" fileid="8" />
              </SequencePoints>
              <BranchPoints />
            </Method>
            <Method visited="false" cyclomaticComplexity="0" nPathComplexity="0" sequenceCoverage="0.0" branchCoverage="0" crapScore="0" isConstructor="false" isStatic="false" isGetter="false" isSetter="false">
              <Summary numSequencePoints="3" visitedSequencePoints="0" numBranchPoints="0" visitedBranchPoints="0" sequenceCoverage="0.0" branchCoverage="0" maxCyclomaticComplexity="0" minCyclomaticComplexity="0" maxCrapScore="0" minCrapScore="0" visitedClasses="0" numClasses="0" visitedMethods="0" numMethods="1" />
              <MetadataToken>100663335</MetadataToken>
              <Name>System.Boolean PlayerMovement::IsWalled()</Name>
              <FileRef uid="8" />
              <SequencePoints>
                <SequencePoint vc="0" uspid="1353" ordinal="0" offset="0" sl="298" sc="0" el="298" ec="0" bec="0" bev="0" fileid="8" />
                <SequencePoint vc="0" uspid="1354" ordinal="0" offset="1" sl="299" sc="0" el="299" ec="0" bec="0" bev="0" fileid="8" />
                <SequencePoint vc="0" uspid="1355" ordinal="0" offset="46" sl="300" sc="0" el="300" ec="0" bec="0" bev="0" fileid="8" />
              </SequencePoints>
              <BranchPoints />
            </Method>
            <Method visited="false" cyclomaticComplexity="0" nPathComplexity="0" sequenceCoverage="0.0" branchCoverage="0" crapScore="0" isConstructor="false" isStatic="false" isGetter="false" isSetter="false">
              <Summary numSequencePoints="4" visitedSequencePoints="0" numBranchPoints="0" visitedBranchPoints="0" sequenceCoverage="0.0" branchCoverage="0" maxCyclomaticComplexity="0" minCyclomaticComplexity="0" maxCrapScore="0" minCrapScore="0" visitedClasses="0" numClasses="0" visitedMethods="0" numMethods="1" />
              <MetadataToken>100663336</MetadataToken>
              <Name>System.Void PlayerMovement::Flip()</Name>
              <FileRef uid="8" />
              <SequencePoints>
                <SequencePoint vc="0" uspid="1356" ordinal="0" offset="0" sl="302" sc="0" el="302" ec="0" bec="0" bev="0" fileid="8" />
                <SequencePoint vc="0" uspid="1357" ordinal="0" offset="1" sl="303" sc="0" el="303" ec="0" bec="0" bev="0" fileid="8" />
                <SequencePoint vc="0" uspid="1358" ordinal="0" offset="16" sl="304" sc="0" el="304" ec="0" bec="0" bev="0" fileid="8" />
                <SequencePoint vc="0" uspid="1359" ordinal="0" offset="48" sl="305" sc="0" el="305" ec="0" bec="0" bev="0" fileid="8" />
              </SequencePoints>
              <BranchPoints />
            </Method>
            <Method visited="false" cyclomaticComplexity="0" nPathComplexity="0" sequenceCoverage="0.0" branchCoverage="0" crapScore="0" isConstructor="false" isStatic="false" isGetter="false" isSetter="false">
              <Summary numSequencePoints="3" visitedSequencePoints="0" numBranchPoints="0" visitedBranchPoints="0" sequenceCoverage="0.0" branchCoverage="0" maxCyclomaticComplexity="0" minCyclomaticComplexity="0" maxCrapScore="0" minCrapScore="0" visitedClasses="0" numClasses="0" visitedMethods="0" numMethods="1" />
              <MetadataToken>100663337</MetadataToken>
              <Name>UnityEngine.Vector2 PlayerMovement::GetRespawnPoint()</Name>
              <FileRef uid="8" />
              <SequencePoints>
                <SequencePoint vc="0" uspid="1360" ordinal="0" offset="0" sl="312" sc="0" el="312" ec="0" bec="0" bev="0" fileid="8" />
                <SequencePoint vc="0" uspid="1361" ordinal="0" offset="1" sl="313" sc="0" el="313" ec="0" bec="0" bev="0" fileid="8" />
                <SequencePoint vc="0" uspid="1362" ordinal="0" offset="10" sl="314" sc="0" el="314" ec="0" bec="0" bev="0" fileid="8" />
              </SequencePoints>
              <BranchPoints />
            </Method>
            <Method visited="false" cyclomaticComplexity="0" nPathComplexity="0" sequenceCoverage="0.0" branchCoverage="0" crapScore="0" isConstructor="false" isStatic="false" isGetter="false" isSetter="false">
              <Summary numSequencePoints="3" visitedSequencePoints="0" numBranchPoints="0" visitedBranchPoints="0" sequenceCoverage="0.0" branchCoverage="0" maxCyclomaticComplexity="0" minCyclomaticComplexity="0" maxCrapScore="0" minCrapScore="0" visitedClasses="0" numClasses="0" visitedMethods="0" numMethods="1" />
              <MetadataToken>100663338</MetadataToken>
              <Name>System.Boolean PlayerMovement::GetIsAlive()</Name>
              <FileRef uid="8" />
              <SequencePoints>
                <SequencePoint vc="0" uspid="1363" ordinal="0" offset="0" sl="316" sc="0" el="316" ec="0" bec="0" bev="0" fileid="8" />
                <SequencePoint vc="0" uspid="1364" ordinal="0" offset="1" sl="317" sc="0" el="317" ec="0" bec="0" bev="0" fileid="8" />
                <SequencePoint vc="0" uspid="1365" ordinal="0" offset="10" sl="318" sc="0" el="318" ec="0" bec="0" bev="0" fileid="8" />
              </SequencePoints>
              <BranchPoints />
            </Method>
            <Method visited="false" cyclomaticComplexity="0" nPathComplexity="0" sequenceCoverage="0.0" branchCoverage="0" crapScore="0" isConstructor="false" isStatic="false" isGetter="false" isSetter="false">
              <Summary numSequencePoints="3" visitedSequencePoints="0" numBranchPoints="0" visitedBranchPoints="0" sequenceCoverage="0.0" branchCoverage="0" maxCyclomaticComplexity="0" minCyclomaticComplexity="0" maxCrapScore="0" minCrapScore="0" visitedClasses="0" numClasses="0" visitedMethods="0" numMethods="1" />
              <MetadataToken>100663339</MetadataToken>
              <Name>System.Boolean PlayerMovement::GetColliderEnabled()</Name>
              <FileRef uid="8" />
              <SequencePoints>
                <SequencePoint vc="0" uspid="1366" ordinal="0" offset="0" sl="320" sc="0" el="320" ec="0" bec="0" bev="0" fileid="8" />
                <SequencePoint vc="0" uspid="1367" ordinal="0" offset="1" sl="321" sc="0" el="321" ec="0" bec="0" bev="0" fileid="8" />
                <SequencePoint vc="0" uspid="1368" ordinal="0" offset="15" sl="322" sc="0" el="322" ec="0" bec="0" bev="0" fileid="8" />
              </SequencePoints>
              <BranchPoints />
            </Method>
            <Method visited="false" cyclomaticComplexity="0" nPathComplexity="0" sequenceCoverage="0.0" branchCoverage="0" crapScore="0" isConstructor="false" isStatic="false" isGetter="false" isSetter="false">
              <Summary numSequencePoints="3" visitedSequencePoints="0" numBranchPoints="0" visitedBranchPoints="0" sequenceCoverage="0.0" branchCoverage="0" maxCyclomaticComplexity="0" minCyclomaticComplexity="0" maxCrapScore="0" minCrapScore="0" visitedClasses="0" numClasses="0" visitedMethods="0" numMethods="1" />
              <MetadataToken>100663340</MetadataToken>
              <Name>System.Single PlayerMovement::GetRespawnTime()</Name>
              <FileRef uid="8" />
              <SequencePoints>
                <SequencePoint vc="0" uspid="1369" ordinal="0" offset="0" sl="324" sc="0" el="324" ec="0" bec="0" bev="0" fileid="8" />
                <SequencePoint vc="0" uspid="1370" ordinal="0" offset="1" sl="325" sc="0" el="325" ec="0" bec="0" bev="0" fileid="8" />
                <SequencePoint vc="0" uspid="1371" ordinal="0" offset="10" sl="326" sc="0" el="326" ec="0" bec="0" bev="0" fileid="8" />
              </SequencePoints>
              <BranchPoints />
            </Method>
            <Method visited="false" cyclomaticComplexity="0" nPathComplexity="0" sequenceCoverage="0.0" branchCoverage="0" crapScore="0" isConstructor="false" isStatic="false" isGetter="false" isSetter="false">
              <Summary numSequencePoints="3" visitedSequencePoints="0" numBranchPoints="0" visitedBranchPoints="0" sequenceCoverage="0.0" branchCoverage="0" maxCyclomaticComplexity="0" minCyclomaticComplexity="0" maxCrapScore="0" minCrapScore="0" visitedClasses="0" numClasses="0" visitedMethods="0" numMethods="1" />
              <MetadataToken>100663341</MetadataToken>
              <Name>System.Void PlayerMovement::SetMovingRight(System.Boolean)</Name>
              <FileRef uid="8" />
              <SequencePoints>
                <SequencePoint vc="0" uspid="1372" ordinal="0" offset="0" sl="328" sc="0" el="328" ec="0" bec="0" bev="0" fileid="8" />
                <SequencePoint vc="0" uspid="1373" ordinal="0" offset="1" sl="329" sc="0" el="329" ec="0" bec="0" bev="0" fileid="8" />
                <SequencePoint vc="0" uspid="1374" ordinal="0" offset="8" sl="330" sc="0" el="330" ec="0" bec="0" bev="0" fileid="8" />
              </SequencePoints>
              <BranchPoints />
            </Method>
            <Method visited="false" cyclomaticComplexity="0" nPathComplexity="0" sequenceCoverage="0.0" branchCoverage="0" crapScore="0" isConstructor="false" isStatic="false" isGetter="false" isSetter="false">
              <Summary numSequencePoints="3" visitedSequencePoints="0" numBranchPoints="0" visitedBranchPoints="0" sequenceCoverage="0.0" branchCoverage="0" maxCyclomaticComplexity="0" minCyclomaticComplexity="0" maxCrapScore="0" minCrapScore="0" visitedClasses="0" numClasses="0" visitedMethods="0" numMethods="1" />
              <MetadataToken>100663342</MetadataToken>
              <Name>System.Void PlayerMovement::SetMovingLeft(System.Boolean)</Name>
              <FileRef uid="8" />
              <SequencePoints>
                <SequencePoint vc="0" uspid="1375" ordinal="0" offset="0" sl="332" sc="0" el="332" ec="0" bec="0" bev="0" fileid="8" />
                <SequencePoint vc="0" uspid="1376" ordinal="0" offset="1" sl="333" sc="0" el="333" ec="0" bec="0" bev="0" fileid="8" />
                <SequencePoint vc="0" uspid="1377" ordinal="0" offset="8" sl="334" sc="0" el="334" ec="0" bec="0" bev="0" fileid="8" />
              </SequencePoints>
              <BranchPoints />
            </Method>
            <Method visited="false" cyclomaticComplexity="0" nPathComplexity="0" sequenceCoverage="0.0" branchCoverage="0" crapScore="0" isConstructor="false" isStatic="false" isGetter="false" isSetter="false">
              <Summary numSequencePoints="3" visitedSequencePoints="0" numBranchPoints="0" visitedBranchPoints="0" sequenceCoverage="0.0" branchCoverage="0" maxCyclomaticComplexity="0" minCyclomaticComplexity="0" maxCrapScore="0" minCrapScore="0" visitedClasses="0" numClasses="0" visitedMethods="0" numMethods="1" />
              <MetadataToken>100663343</MetadataToken>
              <Name>System.Void PlayerMovement::SetRigidBodyName(System.String)</Name>
              <FileRef uid="8" />
              <SequencePoints>
                <SequencePoint vc="0" uspid="1378" ordinal="0" offset="0" sl="336" sc="0" el="336" ec="0" bec="0" bev="0" fileid="8" />
                <SequencePoint vc="0" uspid="1379" ordinal="0" offset="1" sl="337" sc="0" el="337" ec="0" bec="0" bev="0" fileid="8" />
                <SequencePoint vc="0" uspid="1380" ordinal="0" offset="14" sl="338" sc="0" el="338" ec="0" bec="0" bev="0" fileid="8" />
              </SequencePoints>
              <BranchPoints />
            </Method>
            <Method visited="false" cyclomaticComplexity="0" nPathComplexity="0" sequenceCoverage="0.0" branchCoverage="0" crapScore="0" isConstructor="false" isStatic="false" isGetter="false" isSetter="false">
              <Summary numSequencePoints="3" visitedSequencePoints="0" numBranchPoints="0" visitedBranchPoints="0" sequenceCoverage="0.0" branchCoverage="0" maxCyclomaticComplexity="0" minCyclomaticComplexity="0" maxCrapScore="0" minCrapScore="0" visitedClasses="0" numClasses="0" visitedMethods="0" numMethods="1" />
              <MetadataToken>100663344</MetadataToken>
              <Name>System.Void PlayerMovement::TestHandleMovement(System.Boolean, System.Boolean)</Name>
              <FileRef uid="8" />
              <SequencePoints>
                <SequencePoint vc="0" uspid="1381" ordinal="0" offset="0" sl="340" sc="0" el="340" ec="0" bec="0" bev="0" fileid="8" />
                <SequencePoint vc="0" uspid="1382" ordinal="0" offset="1" sl="341" sc="0" el="341" ec="0" bec="0" bev="0" fileid="8" />
                <SequencePoint vc="0" uspid="1383" ordinal="0" offset="10" sl="342" sc="0" el="342" ec="0" bec="0" bev="0" fileid="8" />
              </SequencePoints>
              <BranchPoints />
            </Method>
[...]
          <FullName>UITests/&lt;Level4_Changes_Scene_To_Next_One&gt;d__4</FullName>
          <Methods>
            <Method visited="false" cyclomaticComplexity="0" nPathComplexity="0" sequenceCoverage="0.0" branchCoverage="0" crapScore="0" isConstructor="false" isStatic="false" isGetter="false" isSetter="false">
              <Summary numSequencePoints="10" visitedSequencePoints="0" numBranchPoints="0" visitedBranchPoints="0" sequenceCoverage="0.0" branchCoverage="0" maxCyclomaticComplexity="0" minCyclomaticComplexity="0" maxCrapScore="0" minCrapScore="0" visitedClasses="0" numClasses="0" visitedMethods="0" numMethods="1" />
              <MetadataToken>100663400</MetadataToken>
              <Name>System.Boolean UITests/&lt;Level4_Changes_Scene_To_Next_One&gt;d__4::MoveNext()</Name>
              <FileRef uid="12" />
              <SequencePoints>
                <SequencePoint vc="0" uspid="1568" ordinal="0" offset="42" sl="85" sc="0" el="85" ec="0" bec="0" bev="0" fileid="12" />
                <SequencePoint vc="0" uspid="1569" ordinal="0" offset="43" sl="87" sc="0" el="87" ec="0" bec="0" bev="0" fileid="12" />
                <SequencePoint vc="0" uspid="1570" ordinal="0" offset="54" sl="88" sc="0" el="88" ec="0" bec="0" bev="0" fileid="12" />
                <SequencePoint vc="0" uspid="1571" ordinal="0" offset="77" sl="89" sc="0" el="89" ec="0" bec="0" bev="0" fileid="12" />
                <SequencePoint vc="0" uspid="1572" ordinal="0" offset="93" sl="90" sc="0" el="90" ec="0" bec="0" bev="0" fileid="12" />
                <SequencePoint vc="0" uspid="1573" ordinal="0" offset="112" sl="91" sc="0" el="91" ec="0" bec="0" bev="0" fileid="12" />
                <SequencePoint vc="0" uspid="1574" ordinal="0" offset="126" sl="94" sc="0" el="94" ec="0" bec="0" bev="0" fileid="12" />
                <SequencePoint vc="0" uspid="1575" ordinal="0" offset="138" sl="95" sc="0" el="95" ec="0" bec="0" bev="0" fileid="12" />
                <SequencePoint vc="0" uspid="1576" ordinal="0" offset="161" sl="98" sc="0" el="98" ec="0" bec="0" bev="0" fileid="12" />
                <SequencePoint vc="0" uspid="1577" ordinal="0" offset="196" sl="99" sc="0" el="99" ec="0" bec="0" bev="0" fileid="12" />
              </SequencePoints>
              <BranchPoints />
            </Method>
          </Methods>
        </Class>
        <Class>
          <Summary numSequencePoints="8" visitedSequencePoints="0" numBranchPoints="0" visitedBranchPoints="0" sequenceCoverage="0.0" branchCoverage="0.0" maxCyclomaticComplexity="0" minCyclomaticComplexity="0" maxCrapScore="0" minCrapScore="0" visitedClasses="0" numClasses="1" visitedMethods="0" numMethods="1" />
          <FullName>UITests/&lt;MainMeniu_Changes_Scene_To_StartMenu_And_Resets_TimeScale&gt;d__11</FullName>
          <Methods>
            <Method visited="false" cyclomaticComplexity="0" nPathComplexity="0" sequenceCoverage="0.0" branchCoverage="0" crapScore="0" isConstructor="false" isStatic="false" isGetter="false" isSetter="false">
              <Summary numSequencePoints="8" visitedSequencePoints="0" numBranchPoints="0" visitedBranchPoints="0" sequenceCoverage="0.0" branchCoverage="0" maxCyclomaticComplexity="0" minCyclomaticComplexity="0" maxCrapScore="0" minCrapScore="0" visitedClasses="0" numClasses="0" visitedMethods="0" numMethods="1" />
              <MetadataToken>100663406</MetadataToken>
              <Name>System.Boolean UITests/&lt;MainMeniu_Changes_Scene_To_StartMenu_And_Resets_TimeScale&gt;d__11::MoveNext()</Name>
              <FileRef uid="12" />
              <SequencePoints>
                <SequencePoint vc="0" uspid="1578" ordinal="0" offset="31" sl="203" sc="0" el="203" ec="0" bec="0" bev="0" fileid="12" />
                <SequencePoint vc="0" uspid="1579" ordinal="0" offset="32" sl="205" sc="0" el="205" ec="0" bec="0" bev="0" fileid="12" />
                <SequencePoint vc="0" uspid="1580" ordinal="0" offset="48" sl="206" sc="0" el="206" ec="0" bec="0" bev="0" fileid="12" />
                <SequencePoint vc="0" uspid="1581" ordinal="0" offset="59" sl="209" sc="0" el="209" ec="0" bec="0" bev="0" fileid="12" />
                <SequencePoint vc="0" uspid="1582" ordinal="0" offset="71" sl="210" sc="0" el="210" ec="0" bec="0" bev="0" fileid="12" />
                <SequencePoint vc="0" uspid="1583" ordinal="0" offset="94" sl="213" sc="0" el="213" ec="0" bec="0" bev="0" fileid="12" />
                <SequencePoint vc="0" uspid="1584" ordinal="0" offset="118" sl="214" sc="0" el="214" ec="0" bec="0" bev="0" fileid="12" />
                <SequencePoint vc="0" uspid="1585" ordinal="0" offset="144" sl="215" sc="0" el="215" ec="0" bec="0" bev="0" fileid="12" />
              </SequencePoints>
              <BranchPoints />
            </Method>
          </Methods>
        </Class>
        <Class>
          <Summary numSequencePoints="10" visitedSequencePoints="0" numBranchPoints="0" visitedBranchPoints="0" sequenceCoverage="0.0" branchCoverage="0.0" maxCyclomaticComplexity="0" minCyclomaticComplexity="0" maxCrapScore="0" minCrapScore="0" visitedClasses="0" numClasses="1" visitedMethods="0" numMethods="1" />
          <FullName>UITests/&lt;NextLevel_Changes_Scene_To_Next_One_And_Resets_TimeScale&gt;d__10</FullName>
          <Methods>
            <Method visited="false" cyclomaticComplexity="0" nPathComplexity="0" sequenceCoverage="0.0" branchCoverage="0" crapScore="0" isConstructor="false" isStatic="false" isGetter="false" isSetter="false">
              <Summary numSequencePoints="10" visitedSequencePoints="0" numBranchPoints="0" visitedBranchPoints="0" sequenceCoverage="0.0" branchCoverage="0" maxCyclomaticComplexity="0" minCyclomaticComplexity="0" maxCrapScore="0" minCrapScore="0" visitedClasses="0" numClasses="0" visitedMethods="0" numMethods="1" />
              <MetadataToken>100663412</MetadataToken>
              <Name>System.Boolean UITests/&lt;NextLevel_Changes_Scene_To_Next_One_And_Resets_TimeScale&gt;d__10::MoveNext()</Name>
              <FileRef uid="12" />
              <SequencePoints>
                <SequencePoint vc="0" uspid="1586" ordinal="0" offset="31" sl="185" sc="0" el="185" ec="0" bec="0" bev="0" fileid="12" />
                <SequencePoint vc="0" uspid="1587" ordinal="0" offset="32" sl="187" sc="0" el="187" ec="0" bec="0" bev="0" fileid="12" />
                <SequencePoint vc="0" uspid="1588" ordinal="0" offset="48" sl="188" sc="0" el="188" ec="0" bec="0" bev="0" fileid="12" />
                <SequencePoint vc="0" uspid="1589" ordinal="0" offset="67" sl="189" sc="0" el="189" ec="0" bec="0" bev="0" fileid="12" />
                <SequencePoint vc="0" uspid="1590" ordinal="0" offset="81" sl="190" sc="0" el="190" ec="0" bec="0" bev="0" fileid="12" />
                <SequencePoint vc="0" uspid="1591" ordinal="0" offset="92" sl="193" sc="0" el="193" ec="0" bec="0" bev="0" fileid="12" />
                <SequencePoint vc="0" uspid="1592" ordinal="0" offset="104" sl="194" sc="0" el="194" ec="0" bec="0" bev="0" fileid="12" />
                <SequencePoint vc="0" uspid="1593" ordinal="0" offset="127" sl="197" sc="0" el="197" ec="0" bec="0" bev="0" fileid="12" />
                <SequencePoint vc="0" uspid="1594" ordinal="0" offset="162" sl="198" sc="0" el="198" ec="0" bec="0" bev="0" fileid="12" />
                <SequencePoint vc="0" uspid="1595" ordinal="0" offset="188" sl="199" sc="0" el="199" ec="0" bec="0" bev="0" fileid="12" />
              </SequencePoints>
              <BranchPoints />
            </Method>
          </Methods>
        </Class>
        <Class>
          <Summary numSequencePoints="7" visitedSequencePoints="0" numBranchPoints="0" visitedBranchPoints="0" sequenceCoverage="0.0" branchCoverage="0.0" maxCyclomaticComplexity="0" minCyclomaticComplexity="0" maxCrapScore="0" minCrapScore="0" visitedClasses="0" numClasses="1" visitedMethods="0" numMethods="1" />
          <FullName>UITests/&lt;NextLevel_Loads_Next_Scene&gt;d__7</FullName>
          <Methods>
            <Method visited="false" cyclomaticComplexity="0" nPathComplexity="0" sequenceCoverage="0.0" branchCoverage="0" crapScore="0" isConstructor="false" isStatic="false" isGetter="false" isSetter="false">
              <Summary numSequencePoints="7" visitedSequencePoints="0" numBranchPoints="0" visitedBranchPoints="0" sequenceCoverage="0.0" branchCoverage="0" maxCyclomaticComplexity="0" minCyclomaticComplexity="0" maxCrapScore="0" minCrapScore="0" visitedClasses="0" numClasses="0" visitedMethods="0" numMethods="1" />
              <MetadataToken>100663418</MetadataToken>
              <Name>System.Boolean UITests/&lt;NextLevel_Loads_Next_Scene&gt;d__7::MoveNext()</Name>
              <FileRef uid="12" />
              <SequencePoints>
                <SequencePoint vc="0" uspid="1596" ordinal="0" offset="31" sl="134" sc="0" el="134" ec="0" bec="0" bev="0" fileid="12" />
                <SequencePoint vc="0" uspid="1597" ordinal="0" offset="32" sl="136" sc="0" el="136" ec="0" bec="0" bev="0" fileid="12" />
                <SequencePoint vc="0" uspid="1598" ordinal="0" offset="48" sl="137" sc="0" el="137" ec="0" bec="0" bev="0" fileid="12" />
                <SequencePoint vc="0" uspid="1599" ordinal="0" offset="67" sl="140" sc="0" el="140" ec="0" bec="0" bev="0" fileid="12" />
                <SequencePoint vc="0" uspid="1600" ordinal="0" offset="79" sl="141" sc="0" el="141" ec="0" bec="0" bev="0" fileid="12" />
                <SequencePoint vc="0" uspid="1601" ordinal="0" offset="102" sl="144" sc="0" el="144" ec="0" bec="0" bev="0" fileid="12" />
                <SequencePoint vc="0" uspid="1602" ordinal="0" offset="139" sl="145" sc="0" el="145" ec="0" bec="0" bev="0" fileid="12" />
              </SequencePoints>
              <BranchPoints />
            </Method>
          </Methods>
        </Class>
        <Class>
          <Summary numSequencePoints="7" visitedSequencePoints="0" numBranchPoints="0" visitedBranchPoints="0" sequenceCoverage="0.0" branchCoverage="0.0" maxCyclomaticComplexity="0" minCyclomaticComplexity="0" maxCrapScore="0" minCrapScore="0" visitedClasses="0" numClasses="1" visitedMethods="0" numMethods="1" />
          <FullName>UITests/&lt;PlayAgain_Loads_Same_Scene&gt;d__6</FullName>
          <Methods>
            <Method visited="false" cyclomaticComplexity="0" nPathComplexity="0" sequenceCoverage="0.0" branchCoverage="0" crapScore="0" isConstructor="false" isStatic="false" isGetter="false" isSetter="false">
              <Summary numSequencePoints="7" visitedSequencePoints="0" numBranchPoints="0" visitedBranchPoints="0" sequenceCoverage="0.0" branchCoverage="0" maxCyclomaticComplexity="0" minCyclomaticComplexity="0" maxCrapScore="0" minCrapScore="0" visitedClasses="0" numClasses="0" visitedMethods="0" numMethods="1" />
              <MetadataToken>100663424</MetadataToken>
              <Name>System.Boolean UITests/&lt;PlayAgain_Loads_Same_Scene&gt;d__6::MoveNext()</Name>
              <FileRef uid="12" />
              <SequencePoints>
                <SequencePoint vc="0" uspid="1603" ordinal="0" offset="31" sl="119" sc="0" el="119" ec="0" bec="0" bev="0" fileid="12" />
                <SequencePoint vc="0" uspid="1604" ordinal="0" offset="32" sl="121" sc="0" el="121" ec="0" bec="0" bev="0" fileid="12" />
                <SequencePoint vc="0" uspid="1605" ordinal="0" offset="48" sl="122" sc="0" el="122" ec="0" bec="0" bev="0" fileid="12" />
                <SequencePoint vc="0" uspid="1606" ordinal="0" offset="67" sl="125" sc="0" el="125" ec="0" bec="0" bev="0" fileid="12" />
                <SequencePoint vc="0" uspid="1607" ordinal="0" offset="79" sl="126" sc="0" el="126" ec="0" bec="0" bev="0" fileid="12" />
                <SequencePoint vc="0" uspid="1608" ordinal="0" offset="102" sl="129" sc="0" el="129" ec="0" bec="0" bev="0" fileid="12" />
                <SequencePoint vc="0" uspid="1609" ordinal="0" offset="137" sl="130" sc="0" el="130" ec="0" bec="0" bev="0" fileid="12" />
              </SequencePoints>
              <BranchPoints />
            </Method>
          </Methods>
        </Class>
        <Class>
          <Summary numSequencePoints="9" visitedSequencePoints="0" numBranchPoints="0" visitedBranchPoints="0" sequenceCoverage="0.0" branchCoverage="0.0" maxCyclomaticComplexity="0" minCyclomaticComplexity="0" maxCrapScore="0" minCrapScore="0" visitedClasses="0" numClasses="1" visitedMethods="0" numMethods="1" />
          <FullName>UITests/&lt;PlayAgain_Reloads_Current_Scene_And_Resets_TimeScale&gt;d__9</FullName>
          <Methods>
            <Method visited="false" cyclomaticComplexity="0" nPathComplexity="0" sequenceCoverage="0.0" branchCoverage="0" crapScore="0" isConstructor="false" isStatic="false" isGetter="false" isSetter="false">
              <Summary numSequencePoints="9" visitedSequencePoints="0" numBranchPoints="0" visitedBranchPoints="0" sequenceCoverage="0.0" branchCoverage="0" maxCyclomaticComplexity="0" minCyclomaticComplexity="0" maxCrapScore="0" minCrapScore="0" visitedClasses="0" numClasses="0" visitedMethods="0" numMethods="1" />
              <MetadataToken>100663430</MetadataToken>
              <Name>System.Boolean UITests/&lt;PlayAgain_Reloads_Current_Scene_And_Resets_TimeScale&gt;d__9::MoveNext()</Name>
              <FileRef uid="12" />
              <SequencePoints>
                <SequencePoint vc="0" uspid="1610" ordinal="0" offset="31" sl="168" sc="0" el="168" ec="0" bec="0" bev="0" fileid="12" />
                <SequencePoint vc="0" uspid="1611" ordinal="0" offset="32" sl="170" sc="0" el="170" ec="0" bec="0" bev="0" fileid="12" />
                <SequencePoint vc="0" uspid="1612" ordinal="0" offset="48" sl="171" sc="0" el="171" ec="0" bec="0" bev="0" fileid="12" />
                <SequencePoint vc="0" uspid="1613" ordinal="0" offset="67" sl="172" sc="0" el="172" ec="0" bec="0" bev="0" fileid="12" />
                <SequencePoint vc="0" uspid="1614" ordinal="0" offset="78" sl="175" sc="0" el="175" ec="0" bec="0" bev="0" fileid="12" />
                <SequencePoint vc="0" uspid="1615" ordinal="0" offset="90" sl="176" sc="0" el="176" ec="0" bec="0" bev="0" fileid="12" />
                <SequencePoint vc="0" uspid="1616" ordinal="0" offset="113" sl="179" sc="0" el="179" ec="0" bec="0" bev="0" fileid="12" />
                <SequencePoint vc="0" uspid="1617" ordinal="0" offset="148" sl="180" sc="0" el="180" ec="0" bec="0" bev="0" fileid="12" />
                <SequencePoint vc="0" uspid="1618" ordinal="0" offset="174" sl="181" sc="0" el="181" ec="0" bec="0" bev="0" fileid="12" />
              </SequencePoints>
              <BranchPoints />
            </Method>
          </Methods>
        </Class>
        <Class>
          <Summary numSequencePoints="8" visitedSequencePoints="0" numBranchPoints="0" visitedBranchPoints="0" sequenceCoverage="0.0" branchCoverage="0.0" maxCyclomaticComplexity="0" minCyclomaticComplexity="0" maxCrapScore="0" minCrapScore="0" visitedClasses="0" numClasses="1" visitedMethods="0" numMethods="1" />
          <FullName>UITests/&lt;QuickStart_Changes_Scene_To_Level1_And_Resets_TimeScale&gt;d__5</FullName>
          <Methods>
            <Method visited="false" cyclomaticComplexity="0" nPathComplexity="0" sequenceCoverage="0.0" branchCoverage="0" crapScore="0" isConstructor="false" isStatic="false" isGetter="false" isSetter="false">
              <Summary numSequencePoints="8" visitedSequencePoints="0" numBranchPoints="0" visitedBranchPoints="0" sequenceCoverage="0.0" branchCoverage="0" maxCyclomaticComplexity="0" minCyclomaticComplexity="0" maxCrapScore="0" minCrapScore="0" visitedClasses="0" numClasses="0" visitedMethods="0" numMethods="1" />
              <MetadataToken>100663436</MetadataToken>
              <Name>System.Boolean UITests/&lt;QuickStart_Changes_Scene_To_Level1_And_Resets_TimeScale&gt;d__5::MoveNext()</Name>
              <FileRef uid="12" />
              <SequencePoints>
                <SequencePoint vc="0" uspid="1619" ordinal="0" offset="31" sl="103" sc="0" el="103" ec="0" bec="0" bev="0" fileid="12" />
                <SequencePoint vc="0" uspid="1620" ordinal="0" offset="32" sl="105" sc="0" el="105" ec="0" bec="0" bev="0" fileid="12" />
                <SequencePoint vc="0" uspid="1621" ordinal="0" offset="48" sl="106" sc="0" el="106" ec="0" bec="0" bev="0" fileid="12" />
                <SequencePoint vc="0" uspid="1622" ordinal="0" offset="59" sl="109" sc="0" el="109" ec="0" bec="0" bev="0" fileid="12" />
                <SequencePoint vc="0" uspid="1623" ordinal="0" offset="71" sl="110" sc="0" el="110" ec="0" bec="0" bev="0" fileid="12" />
                <SequencePoint vc="0" uspid="1624" ordinal="0" offset="94" sl="113" sc="0" el="113" ec="0" bec="0" bev="0" fileid="12" />
                <SequencePoint vc="0" uspid="1625" ordinal="0" offset="118" sl="114" sc="0" el="114" ec="0" bec="0" bev="0" fileid="12" />
                <SequencePoint vc="0" uspid="1626" ordinal="0" offset="144" sl="115" sc="0" el="115" ec="0" bec="0" bev="0" fileid="12" />
              </SequencePoints>
              <BranchPoints />
            </Method>
          </Methods>
        </Class>
        <Class>
          <Summary numSequencePoints="9" visitedSequencePoints="0" numBranchPoints="0" visitedBranchPoints="0" sequenceCoverage="0.0" branchCoverage="0.0" maxCyclomaticComplexity="0" minCyclomaticComplexity="0" maxCrapScore="0" minCrapScore="0" visitedClasses="0" numClasses="1" visitedMethods="0" numMethods="1" />
          <FullName>UITests/&lt;YouWin_Activates_YouWinUI_And_Stops_Time&gt;d__8</FullName>
          <Methods>
            <Method visited="false" cyclomaticComplexity="0" nPathComplexity="0" sequenceCoverage="0.0" branchCoverage="0" crapScore="0" isConstructor="false" isStatic="false" isGetter="false" isSetter="false">
              <Summary numSequencePoints="9" visitedSequencePoints="0" numBranchPoints="0" visitedBranchPoints="0" sequenceCoverage="0.0" branchCoverage="0" maxCyclomaticComplexity="0" minCyclomaticComplexity="0" maxCrapScore="0" minCrapScore="0" visitedClasses="0" numClasses="0" visitedMethods="0" numMethods="1" />
              <MetadataToken>100663442</MetadataToken>
              <Name>System.Boolean UITests/&lt;YouWin_Activates_YouWinUI_And_Stops_Time&gt;d__8::MoveNext()</Name>
              <FileRef uid="12" />
              <SequencePoints>
                <SequencePoint vc="0" uspid="1627" ordinal="0" offset="31" sl="149" sc="0" el="149" ec="0" bec="0" bev="0" fileid="12" />
                <SequencePoint vc="0" uspid="1628" ordinal="0" offset="32" sl="151" sc="0" el="151" ec="0" bec="0" bev="0" fileid="12" />
                <SequencePoint vc="0" uspid="1629" ordinal="0" offset="48" sl="152" sc="0" el="152" ec="0" bec="0" bev="0" fileid="12" />
                <SequencePoint vc="0" uspid="1630" ordinal="0" offset="64" sl="153" sc="0" el="153" ec="0" bec="0" bev="0" fileid="12" />
                <SequencePoint vc="0" uspid="1631" ordinal="0" offset="82" sl="156" sc="0" el="156" ec="0" bec="0" bev="0" fileid="12" />
                <SequencePoint vc="0" uspid="1632" ordinal="0" offset="94" sl="157" sc="0" el="157" ec="0" bec="0" bev="0" fileid="12" />
                <SequencePoint vc="0" uspid="1633" ordinal="0" offset="117" sl="160" sc="0" el="160" ec="0" bec="0" bev="0" fileid="12" />
                <SequencePoint vc="0" uspid="1634" ordinal="0" offset="139" sl="161" sc="0" el="161" ec="0" bec="0" bev="0" fileid="12" />
                <SequencePoint vc="0" uspid="1635" ordinal="0" offset="165" sl="162" sc="0" el="162" ec="0" bec="0" bev="0" fileid="12" />
              </SequencePoints>
              <BranchPoints />
            </Method>
          </Methods>
        </Class>
      </Classes>
    </Module>
  </Modules>
</CoverageSession>