<?xml version="1.0" encoding="utf-8"?>
<CoverageSession xmlns:xsd="http://www.w3.org/2001/XMLSchema" xmlns:xsi="http://www.w3.org/2001/XMLSchema-instance" Version="0.0.0.0">
  <Summary numSequencePoints="28" visitedSequencePoints="28" numBranchPoints="0" visitedBranchPoints="0" sequenceCoverage="100.0" branchCoverage="0.0" maxCyclomaticComplexity="0" minCyclomaticComplexity="0" maxCrapScore="0" minCrapScore="0" visitedClasses="2" numClasses="2" visitedMethods="4" numMethods="4" />
  <Modules>
    <Module>
      <Summary numSequencePoints="6" visitedSequencePoints="6" numBranchPoints="0" visitedBranchPoints="0" sequenceCoverage="100.0" branchCoverage="0.0" maxCyclomaticComplexity="0" minCyclomaticComplexity="0" maxCrapScore="0" minCrapScore="0" visitedClasses="1" numClasses="1" visitedMethods="1" numMethods="1" />
      <ModuleTime>0001-01-01T00:00:00</ModuleTime>
      <ModuleName>EditMode</ModuleName>
      <Files>
        <File uid="1" fullPath="/Users/gabijamatulyte/Desktop/suniuks-sviestuks/Assets/Tests/EditMode/EditTests.cs" />
      </Files>
      <Classes>
        <Class>
          <Summary numSequencePoints="6" visitedSequencePoints="6" numBranchPoints="0" visitedBranchPoints="0" sequenceCoverage="100.0" branchCoverage="0.0" maxCyclomaticComplexity="0" minCyclomaticComplexity="0" maxCrapScore="0" minCrapScore="0" visitedClasses="1" numClasses="1" visitedMethods="1" numMethods="1" />
          <FullName>MovementTests</FullName>
          <Methods>
            <Method visited="true" cyclomaticComplexity="0" nPathComplexity="0" sequenceCoverage="100.0" branchCoverage="0" crapScore="0" isConstructor="false" isStatic="false" isGetter="false" isSetter="false">
              <Summary numSequencePoints="6" visitedSequencePoints="6" numBranchPoints="0" visitedBranchPoints="0" sequenceCoverage="100.0" branchCoverage="0" maxCyclomaticComplexity="0" minCyclomaticComplexity="0" maxCrapScore="0" minCrapScore="0" visitedClasses="0" numClasses="0" visitedMethods="1" numMethods="1" />
              <MetadataToken>100663297</MetadataToken>
              <Name>System.Void MovementTests::RespawnPointTest()</Name>
              <FileRef uid="1" />
              <SequencePoints>
                <SequencePoint vc="1" uspid="1636" ordinal="0" offset="0" sl="11" sc="5" el="11" ec="5" bec="0" bev="0" fileid="1" />
                <SequencePoint vc="1" uspid="1637" ordinal="0" offset="1" sl="12" sc="9" el="12" ec="9" bec="0" bev="0" fileid="1" />
                <SequencePoint vc="1" uspid="1638" ordinal="0" offset="7" sl="13" sc="9" el="13" ec="9" bec="0" bev="0" fileid="1" />
                <SequencePoint vc="1" uspid="1639" ordinal="0" offset="24" sl="14" sc="9" el="14" ec="9" bec="0" bev="0" fileid="1" />
                <SequencePoint vc="1" uspid="1640" ordinal="0" offset="32" sl="15" sc="9" el="15" ec="9" bec="0" bev="0" fileid="1" />
                <SequencePoint vc="1" uspid="1641" ordinal="0" offset="55" sl="16" sc="5" el="16" ec="5" bec="0" bev="0" fileid="1" />
              </SequencePoints>
              <BranchPoints />
            </Method>
          </Methods>
        </Class>
      </Classes>
    </Module>
    <Module>
      <Summary numSequencePoints="22" visitedSequencePoints="22" numBranchPoints="0" visitedBranchPoints="0" sequenceCoverage="100.0" branchCoverage="0.0" maxCyclomaticComplexity="0" minCyclomaticComplexity="0" maxCrapScore="0" minCrapScore="0" visitedClasses="1" numClasses="1" visitedMethods="3" numMethods="3" />
      <ModuleTime>0001-01-01T00:00:00</ModuleTime>
      <ModuleName>GameScripts</ModuleName>
      <Files>
        <File uid="2" fullPath="/Users/gabijamatulyte/Desktop/suniuks-sviestuks/Assets/Scripts/ChooseLevel.cs" />
        <File uid="3" fullPath="/Users/gabijamatulyte/Desktop/suniuks-sviestuks/Assets/Scripts/FinishLevel.cs" />
        <File uid="4" fullPath="/Users/gabijamatulyte/Desktop/suniuks-sviestuks/Assets/Scripts/GameController.cs" />
        <File uid="5" fullPath="/Users/gabijamatulyte/Desktop/suniuks-sviestuks/Assets/Scripts/InstantDeath.cs" />
        <File uid="6" fullPath="/Users/gabijamatulyte/Desktop/suniuks-sviestuks/Assets/Scripts/IsOnButter.cs" />
        <File uid="7" fullPath="/Users/gabijamatulyte/Desktop/suniuks-sviestuks/Assets/Scripts/ObstacleDeath.cs" />
        <File uid="8" fullPath="/Users/gabijamatulyte/Desktop/suniuks-sviestuks/Assets/Scripts/PlayerMovement.cs" />
        <File uid="9" fullPath="/Users/gabijamatulyte/Desktop/suniuks-sviestuks/Assets/Scripts/StartMenu.cs" />
      </Files>
      <Classes>
        <Class>
          <Summary numSequencePoints="22" visitedSequencePoints="22" numBranchPoints="0" visitedBranchPoints="0" sequenceCoverage="100.0" branchCoverage="0.0" maxCyclomaticComplexity="0" minCyclomaticComplexity="0" maxCrapScore="0" minCrapScore="0" visitedClasses="1" numClasses="1" visitedMethods="3" numMethods="3" />
          <FullName>PlayerMovement</FullName>
          <Methods>
            <Method visited="true" cyclomaticComplexity="0" nPathComplexity="0" sequenceCoverage="100.0" branchCoverage="0" crapScore="0" isConstructor="false" isStatic="false" isGetter="false" isSetter="false">
              <Summary numSequencePoints="3" visitedSequencePoints="3" numBranchPoints="0" visitedBranchPoints="0" sequenceCoverage="100.0" branchCoverage="0" maxCyclomaticComplexity="0" minCyclomaticComplexity="0" maxCrapScore="0" minCrapScore="0" visitedClasses="0" numClasses="0" visitedMethods="1" numMethods="1" />
              <MetadataToken>100663331</MetadataToken>
              <Name>System.Void PlayerMovement::SetRespawnPoint(UnityEngine.Vector2)</Name>
              <FileRef uid="8" />
              <SequencePoints>
                <SequencePoint vc="1" uspid="1887" ordinal="0" offset="0" sl="244" sc="5" el="244" ec="5" bec="0" bev="0" fileid="8" />
                <SequencePoint vc="1" uspid="1888" ordinal="0" offset="1" sl="245" sc="9" el="245" ec="9" bec="0" bev="0" fileid="8" />
                <SequencePoint vc="1" uspid="1889" ordinal="0" offset="8" sl="246" sc="5" el="246" ec="5" bec="0" bev="0" fileid="8" />
              </SequencePoints>
              <BranchPoints />
            </Method>
            <Method visited="true" cyclomaticComplexity="0" nPathComplexity="0" sequenceCoverage="100.0" branchCoverage="0" crapScore="0" isConstructor="false" isStatic="false" isGetter="false" isSetter="false">
              <Summary numSequencePoints="3" visitedSequencePoints="3" numBranchPoints="0" visitedBranchPoints="0" sequenceCoverage="100.0" branchCoverage="0" maxCyclomaticComplexity="0" minCyclomaticComplexity="0" maxCrapScore="0" minCrapScore="0" visitedClasses="0" numClasses="0" visitedMethods="1" numMethods="1" />
              <MetadataToken>100663337</MetadataToken>
              <Name>UnityEngine.Vector2 PlayerMovement::GetRespawnPoint()</Name>
              <FileRef uid="8" />
              <SequencePoints>
                <SequencePoint vc="1" uspid="1905" ordinal="0" offset="0" sl="312" sc="5" el="312" ec="5" bec="0" bev="0" fileid="8" />
                <SequencePoint vc="1" uspid="1906" ordinal="0" offset="1" sl="313" sc="9" el="313" ec="9" bec="0" bev="0" fileid="8" />
                <SequencePoint vc="1" uspid="1907" ordinal="0" offset="10" sl="314" sc="5" el="314" ec="5" bec="0" bev="0" fileid="8" />
              </SequencePoints>
              <BranchPoints />
            </Method>
            <Method visited="true" cyclomaticComplexity="0" nPathComplexity="0" sequenceCoverage="100.0" branchCoverage="0" crapScore="0" isConstructor="true" isStatic="false" isGetter="false" isSetter="false">
              <Summary numSequencePoints="16" visitedSequencePoints="16" numBranchPoints="0" visitedBranchPoints="0" sequenceCoverage="100.0" branchCoverage="0" maxCyclomaticComplexity="0" minCyclomaticComplexity="0" maxCrapScore="0" minCrapScore="0" visitedClasses="0" numClasses="0" visitedMethods="1" numMethods="1" />
              <MetadataToken>100663352</MetadataToken>
              <Name>PlayerMovement::PlayerMovement()</Name>
              <FileRef uid="8" />
              <SequencePoints>
                <SequencePoint vc="3" uspid="1950" ordinal="0" offset="0" sl="20" sc="5" el="20" ec="5" bec="0" bev="0" fileid="8" />
                <SequencePoint vc="3" uspid="1951" ordinal="0" offset="11" sl="21" sc="5" el="21" ec="5" bec="0" bev="0" fileid="8" />
                <SequencePoint vc="3" uspid="1952" ordinal="0" offset="18" sl="25" sc="22" el="25" ec="22" bec="0" bev="0" fileid="8" />
                <SequencePoint vc="3" uspid="1953" ordinal="0" offset="25" sl="26" sc="5" el="26" ec="5" bec="0" bev="0" fileid="8" />
                <SequencePoint vc="3" uspid="1954" ordinal="0" offset="36" sl="29" sc="22" el="29" ec="22" bec="0" bev="0" fileid="8" />
                <SequencePoint vc="3" uspid="1955" ordinal="0" offset="47" sl="34" sc="22" el="34" ec="22" bec="0" bev="0" fileid="8" />
                <SequencePoint vc="3" uspid="1956" ordinal="0" offset="58" sl="35" sc="22" el="35" ec="22" bec="0" bev="0" fileid="8" />
                <SequencePoint vc="3" uspid="1957" ordinal="0" offset="69" sl="36" sc="5" el="36" ec="5" bec="0" bev="0" fileid="8" />
                <SequencePoint vc="3" uspid="1958" ordinal="0" offset="80" sl="37" sc="5" el="37" ec="5" bec="0" bev="0" fileid="8" />
                <SequencePoint vc="3" uspid="1959" ordinal="0" offset="91" sl="39" sc="5" el="39" ec="5" bec="0" bev="0" fileid="8" />
                <SequencePoint vc="3" uspid="1960" ordinal="0" offset="98" sl="44" sc="5" el="44" ec="5" bec="0" bev="0" fileid="8" />
                <SequencePoint vc="3" uspid="1961" ordinal="0" offset="109" sl="45" sc="5" el="45" ec="5" bec="0" bev="0" fileid="8" />
                <SequencePoint vc="3" uspid="1962" ordinal="0" offset="120" sl="46" sc="5" el="46" ec="5" bec="0" bev="0" fileid="8" />
                <SequencePoint vc="3" uspid="1963" ordinal="0" offset="131" sl="49" sc="5" el="49" ec="5" bec="0" bev="0" fileid="8" />
                <SequencePoint vc="3" uspid="1964" ordinal="0" offset="138" sl="50" sc="5" el="50" ec="5" bec="0" bev="0" fileid="8" />
                <SequencePoint vc="3" uspid="1965" ordinal="0" offset="145" sl="51" sc="5" el="51" ec="5" bec="0" bev="0" fileid="8" />
              </SequencePoints>
              <BranchPoints />
            </Method>
          </Methods>
        </Class>
      </Classes>
    </Module>
  </Modules>
</CoverageSession>