<?xml version="1.0" encoding="utf-8"?>
<CoverageSession xmlns:xsd="http://www.w3.org/2001/XMLSchema" xmlns:xsi="http://www.w3.org/2001/XMLSchema-instance" Version="0.0.0.0">
  <Summary numSequencePoints="545" visitedSequencePoints="0" numBranchPoints="0" visitedBranchPoints="0" sequenceCoverage="0.0" branchCoverage="0.0" maxCyclomaticComplexity="0" minCyclomaticComplexity="0" maxCrapScore="0" minCrapScore="0" visitedClasses="0" numClasses="32" visitedMethods="0" numMethods="78" />
  <Modules>
    <Module>
      <Summary numSequencePoints="6" visitedSequencePoints="0" numBranchPoints="0" visitedBranchPoints="0" sequenceCoverage="0.0" branchCoverage="0.0" maxCyclomaticComplexity="0" minCyclomaticComplexity="0" maxCrapScore="0" minCrapScore="0" visitedClasses="0" numClasses="1" visitedMethods="0" numMethods="1" />
      <ModuleTime>0001-01-01T00:00:00</ModuleTime>
      <ModuleName>EditMode</ModuleName>
      <Files>
        <File uid="1" fullPath="/Users/gabijamatulyte/Desktop/suniuks-sviestuks/Assets/Tests/EditMode/EditTests.cs" />
      </Files>
      <Classes>
        <Class>
          <Summary numSequencePoints="6" visitedSequencePoints="0" numBranchPoints="0" visitedBranchPoints="0" sequenceCoverage="0.0" branchCoverage="0.0" maxCyclomaticComplexity="0" minCyclomaticComplexity="0" maxCrapScore="0" minCrapScore="0" visitedClasses="0" numClasses="1" visitedMethods="0" numMethods="1" />
          <FullName>MovementTests</FullName>
          <Methods>
            <Method visited="false" cyclomaticComplexity="0" nPathComplexity="0" sequenceCoverage="0.0" branchCoverage="0" crapScore="0" isConstructor="false" isStatic="false" isGetter="false" isSetter="false">
              <Summary numSequencePoints="6" visitedSequencePoints="0" numBranchPoints="0" visitedBranchPoints="0" sequenceCoverage="0.0" branchCoverage="0" maxCyclomaticComplexity="0" minCyclomaticComplexity="0" maxCrapScore="0" minCrapScore="0" visitedClasses="0" numClasses="0" visitedMethods="0" numMethods="1" />
              <MetadataToken>100663297</MetadataToken>
              <Name>System.Void MovementTests::RespawnPointTest()</Name>
              <FileRef uid="1" />
              <SequencePoints>
                <SequencePoint vc="0" uspid="1" ordinal="0" offset="0" sl="11" sc="0" el="11" ec="0" bec="0" bev="0" fileid="1" />
                <SequencePoint vc="0" uspid="2" ordinal="0" offset="1" sl="12" sc="0" el="12" ec="0" bec="0" bev="0" fileid="1" />
                <SequencePoint vc="0" uspid="3" ordinal="0" offset="7" sl="13" sc="0" el="13" ec="0" bec="0" bev="0" fileid="1" />
                <SequencePoint vc="0" uspid="4" ordinal="0" offset="24" sl="14" sc="0" el="14" ec="0" bec="0" bev="0" fileid="1" />
                <SequencePoint vc="0" uspid="5" ordinal="0" offset="32" sl="15" sc="0" el="15" ec="0" bec="0" bev="0" fileid="1" />
                <SequencePoint vc="0" uspid="6" ordinal="0" offset="55" sl="16" sc="0" el="16" ec="0" bec="0" bev="0" fileid="1" />
              </SequencePoints>
              <BranchPoints />
            </Method>
          </Methods>
        </Class>
      </Classes>
    </Module>
    <Module>
      <Summary numSequencePoints="339" visitedSequencePoints="0" numBranchPoints="0" visitedBranchPoints="0" sequenceCoverage="0.0" branchCoverage="0.0" maxCyclomaticComplexity="0" minCyclomaticComplexity="0" maxCrapScore="0" minCrapScore="0" visitedClasses="0" numClasses="9" visitedMethods="0" numMethods="53" />
      <ModuleTime>0001-01-01T00:00:00</ModuleTime>
      <ModuleName>GameScripts</ModuleName>
      <Files>
        <File uid="2" fullPath="/Users/gabijamatulyte/Desktop/suniuks-sviestuks/Assets/Scripts/ChooseLevel.cs" />
        <File uid="3" fullPath="/Users/gabijamatulyte/Desktop/suniuks-sviestuks/Assets/Scripts/FinishLevel.cs" />
        <File uid="4" fullPath="/Users/gabijamatulyte/Desktop/suniuks-sviestuks/Assets/Scripts/GameController.cs" />
        <File uid="5" fullPath="/Users/gabijamatulyte/Desktop/suniuks-sviestuks/Assets/Scripts/InstantDeath.cs" />
        <File uid="6" fullPath="/Users/gabijamatulyte/Desktop/suniuks-sviestuks/Assets/Scripts/IsOnButter.cs" />
        <File uid="7" fullPath="/Users/gabijamatulyte/Desktop/suniuks-sviestuks/Assets/Scripts/ObstacleDeath.cs" />
        <File uid="8" fullPath="/Users/gabijamatulyte/Desktop/suniuks-sviestuks/Assets/Scripts/PlayerMovement.cs" />
        <File uid="9" fullPath="/Users/gabijamatulyte/Desktop/suniuks-sviestuks/Assets/Scripts/StartMenu.cs" />
      </Files>
      <Classes>
        <Class>
          <Summary numSequencePoints="25" visitedSequencePoints="0" numBranchPoints="0" visitedBranchPoints="0" sequenceCoverage="0.0" branchCoverage="0.0" maxCyclomaticComplexity="0" minCyclomaticComplexity="0" maxCrapScore="0" minCrapScore="0" visitedClasses="0" numClasses="1" visitedMethods="0" numMethods="8" />
          <FullName>ChooseLevel</FullName>
          <Methods>
            <Method visited="false" cyclomaticComplexity="0" nPathComplexity="0" sequenceCoverage="0.0" branchCoverage="0" crapScore="0" isConstructor="false" isStatic="false" isGetter="false" isSetter="false">
              <Summary numSequencePoints="3" visitedSequencePoints="0" numBranchPoints="0" visitedBranchPoints="0" sequenceCoverage="0.0" branchCoverage="0" maxCyclomaticComplexity="0" minCyclomaticComplexity="0" maxCrapScore="0" minCrapScore="0" visitedClasses="0" numClasses="0" visitedMethods="0" numMethods="1" />
              <MetadataToken>100663297</MetadataToken>
              <Name>System.Void ChooseLevel::Back()</Name>
              <FileRef uid="2" />
              <SequencePoints>
                <SequencePoint vc="0" uspid="7" ordinal="0" offset="0" sl="9" sc="0" el="9" ec="0" bec="0" bev="0" fileid="2" />
                <SequencePoint vc="0" uspid="8" ordinal="0" offset="1" sl="10" sc="0" el="10" ec="0" bec="0" bev="0" fileid="2" />
                <SequencePoint vc="0" uspid="9" ordinal="0" offset="22" sl="11" sc="0" el="11" ec="0" bec="0" bev="0" fileid="2" />
              </SequencePoints>
              <BranchPoints />
            </Method>
            <Method visited="false" cyclomaticComplexity="0" nPathComplexity="0" sequenceCoverage="0.0" branchCoverage="0" crapScore="0" isConstructor="false" isStatic="false" isGetter="false" isSetter="false">
              <Summary numSequencePoints="3" visitedSequencePoints="0" numBranchPoints="0" visitedBranchPoints="0" sequenceCoverage="0.0" branchCoverage="0" maxCyclomaticComplexity="0" minCyclomaticComplexity="0" maxCrapScore="0" minCrapScore="0" visitedClasses="0" numClasses="0" visitedMethods="0" numMethods="1" />
              <MetadataToken>100663298</MetadataToken>
              <Name>System.Void ChooseLevel::Level1()</Name>
              <FileRef uid="2" />
              <SequencePoints>
                <SequencePoint vc="0" uspid="10" ordinal="0" offset="0" sl="13" sc="0" el="13" ec="0" bec="0" bev="0" fileid="2" />
                <SequencePoint vc="0" uspid="11" ordinal="0" offset="1" sl="14" sc="0" el="14" ec="0" bec="0" bev="0" fileid="2" />
                <SequencePoint vc="0" uspid="12" ordinal="0" offset="22" sl="15" sc="0" el="15" ec="0" bec="0" bev="0" fileid="2" />
              </SequencePoints>
              <BranchPoints />
            </Method>
            <Method visited="false" cyclomaticComplexity="0" nPathComplexity="0" sequenceCoverage="0.0" branchCoverage="0" crapScore="0" isConstructor="false" isStatic="false" isGetter="false" isSetter="false">
              <Summary numSequencePoints="3" visitedSequencePoints="0" numBranchPoints="0" visitedBranchPoints="0" sequenceCoverage="0.0" branchCoverage="0" maxCyclomaticComplexity="0" minCyclomaticComplexity="0" maxCrapScore="0" minCrapScore="0" visitedClasses="0" numClasses="0" visitedMethods="0" numMethods="1" />
              <MetadataToken>100663299</MetadataToken>
              <Name>System.Void ChooseLevel::Level2()</Name>
              <FileRef uid="2" />
              <SequencePoints>
                <SequencePoint vc="0" uspid="13" ordinal="0" offset="0" sl="17" sc="0" el="17" ec="0" bec="0" bev="0" fileid="2" />
                <SequencePoint vc="0" uspid="14" ordinal="0" offset="1" sl="18" sc="0" el="18" ec="0" bec="0" bev="0" fileid="2" />
                <SequencePoint vc="0" uspid="15" ordinal="0" offset="22" sl="19" sc="0" el="19" ec="0" bec="0" bev="0" fileid="2" />
              </SequencePoints>
              <BranchPoints />
            </Method>
            <Method visited="false" cyclomaticComplexity="0" nPathComplexity="0" sequenceCoverage="0.0" branchCoverage="0" crapScore="0" isConstructor="false" isStatic="false" isGetter="false" isSetter="false">
              <Summary numSequencePoints="3" visitedSequencePoints="0" numBranchPoints="0" visitedBranchPoints="0" sequenceCoverage="0.0" branchCoverage="0" maxCyclomaticComplexity="0" minCyclomaticComplexity="0" maxCrapScore="0" minCrapScore="0" visitedClasses="0" numClasses="0" visitedMethods="0" numMethods="1" />
              <MetadataToken>100663300</MetadataToken>
              <Name>System.Void ChooseLevel::Level3()</Name>
              <FileRef uid="2" />
              <SequencePoints>
                <SequencePoint vc="0" uspid="16" ordinal="0" offset="0" sl="21" sc="0" el="21" ec="0" bec="0" bev="0" fileid="2" />
                <SequencePoint vc="0" uspid="17" ordinal="0" offset="1" sl="22" sc="0" el="22" ec="0" bec="0" bev="0" fileid="2" />
                <SequencePoint vc="0" uspid="18" ordinal="0" offset="22" sl="23" sc="0" el="23" ec="0" bec="0" bev="0" fileid="2" />
              </SequencePoints>
              <BranchPoints />
            </Method>
            <Method visited="false" cyclomaticComplexity="0" nPathComplexity="0" sequenceCoverage="0.0" branchCoverage="0" crapScore="0" isConstructor="false" isStatic="false" isGetter="false" isSetter="false">
              <Summary numSequencePoints="3" visitedSequencePoints="0" numBranchPoints="0" visitedBranchPoints="0" sequenceCoverage="0.0" branchCoverage="0" maxCyclomaticComplexity="0" minCyclomaticComplexity="0" maxCrapScore="0" minCrapScore="0" visitedClasses="0" numClasses="0" visitedMethods="0" numMethods="1" />
              <MetadataToken>100663301</MetadataToken>
              <Name>System.Void ChooseLevel::Level4()</Name>
              <FileRef uid="2" />
              <SequencePoints>
                <SequencePoint vc="0" uspid="19" ordinal="0" offset="0" sl="25" sc="0" el="25" ec="0" bec="0" bev="0" fileid="2" />
                <SequencePoint vc="0" uspid="20" ordinal="0" offset="1" sl="26" sc="0" el="26" ec="0" bec="0" bev="0" fileid="2" />
                <SequencePoint vc="0" uspid="21" ordinal="0" offset="22" sl="27" sc="0" el="27" ec="0" bec="0" bev="0" fileid="2" />
              </SequencePoints>
              <BranchPoints />
            </Method>
            <Method visited="false" cyclomaticComplexity="0" nPathComplexity="0" sequenceCoverage="0.0" branchCoverage="0" crapScore="0" isConstructor="false" isStatic="false" isGetter="false" isSetter="false">
              <Summary numSequencePoints="3" visitedSequencePoints="0" numBranchPoints="0" visitedBranchPoints="0" sequenceCoverage="0.0" branchCoverage="0" maxCyclomaticComplexity="0" minCyclomaticComplexity="0" maxCrapScore="0" minCrapScore="0" visitedClasses="0" numClasses="0" visitedMethods="0" numMethods="1" />
              <MetadataToken>100663302</MetadataToken>
              <Name>System.Void ChooseLevel::Level5()</Name>
              <FileRef uid="2" />
              <SequencePoints>
                <SequencePoint vc="0" uspid="22" ordinal="0" offset="0" sl="29" sc="0" el="29" ec="0" bec="0" bev="0" fileid="2" />
                <SequencePoint vc="0" uspid="23" ordinal="0" offset="1" sl="30" sc="0" el="30" ec="0" bec="0" bev="0" fileid="2" />
                <SequencePoint vc="0" uspid="24" ordinal="0" offset="12" sl="32" sc="0" el="32" ec="0" bec="0" bev="0" fileid="2" />
              </SequencePoints>
              <BranchPoints />
            </Method>
            <Method visited="false" cyclomaticComplexity="0" nPathComplexity="0" sequenceCoverage="0.0" branchCoverage="0" crapScore="0" isConstructor="false" isStatic="false" isGetter="false" isSetter="false">
              <Summary numSequencePoints="3" visitedSequencePoints="0" numBranchPoints="0" visitedBranchPoints="0" sequenceCoverage="0.0" branchCoverage="0" maxCyclomaticComplexity="0" minCyclomaticComplexity="0" maxCrapScore="0" minCrapScore="0" visitedClasses="0" numClasses="0" visitedMethods="0" numMethods="1" />
              <MetadataToken>100663303</MetadataToken>
              <Name>System.Void ChooseLevel::Level6()</Name>
              <FileRef uid="2" />
              <SequencePoints>
                <SequencePoint vc="0" uspid="25" ordinal="0" offset="0" sl="34" sc="0" el="34" ec="0" bec="0" bev="0" fileid="2" />
                <SequencePoint vc="0" uspid="26" ordinal="0" offset="1" sl="35" sc="0" el="35" ec="0" bec="0" bev="0" fileid="2" />
                <SequencePoint vc="0" uspid="27" ordinal="0" offset="12" sl="37" sc="0" el="37" ec="0" bec="0" bev="0" fileid="2" />
              </SequencePoints>
              <BranchPoints />
            </Method>
            <Method visited="false" cyclomaticComplexity="0" nPathComplexity="0" sequenceCoverage="0.0" branchCoverage="0" crapScore="0" isConstructor="false" isStatic="false" isGetter="false" isSetter="false">
              <Summary numSequencePoints="4" visitedSequencePoints="0" numBranchPoints="0" visitedBranchPoints="0" sequenceCoverage="0.0" branchCoverage="0" maxCyclomaticComplexity="0" minCyclomaticComplexity="0" maxCrapScore="0" minCrapScore="0" visitedClasses="0" numClasses="0" visitedMethods="0" numMethods="1" />
              <MetadataToken>100663304</MetadataToken>
              <Name>System.Void ChooseLevel::QuickStart()</Name>
              <FileRef uid="2" />
              <SequencePoints>
                <SequencePoint vc="0" uspid="28" ordinal="0" offset="0" sl="40" sc="0" el="40" ec="0" bec="0" bev="0" fileid="2" />
                <SequencePoint vc="0" uspid="29" ordinal="0" offset="1" sl="41" sc="0" el="41" ec="0" bec="0" bev="0" fileid="2" />
                <SequencePoint vc="0" uspid="30" ordinal="0" offset="12" sl="42" sc="0" el="42" ec="0" bec="0" bev="0" fileid="2" />
                <SequencePoint vc="0" uspid="31" ordinal="0" offset="23" sl="43" sc="0" el="43" ec="0" bec="0" bev="0" fileid="2" />
              </SequencePoints>
              <BranchPoints />
            </Method>
          </Methods>
        </Class>
        <Class>
          <Summary numSequencePoints="10" visitedSequencePoints="0" numBranchPoints="0" visitedBranchPoints="0" sequenceCoverage="0.0" branchCoverage="0.0" maxCyclomaticComplexity="0" minCyclomaticComplexity="0" maxCrapScore="0" minCrapScore="0" visitedClasses="0" numClasses="1" visitedMethods="0" numMethods="1" />
          <FullName>FinishLevel</FullName>
          <Methods>
            <Method visited="false" cyclomaticComplexity="0" nPathComplexity="0" sequenceCoverage="0.0" branchCoverage="0" crapScore="0" isConstructor="false" isStatic="false" isGetter="false" isSetter="false">
              <Summary numSequencePoints="10" visitedSequencePoints="0" numBranchPoints="0" visitedBranchPoints="0" sequenceCoverage="0.0" branchCoverage="0" maxCyclomaticComplexity="0" minCyclomaticComplexity="0" maxCrapScore="0" minCrapScore="0" visitedClasses="0" numClasses="0" visitedMethods="0" numMethods="1" />
              <MetadataToken>100663306</MetadataToken>
              <Name>System.Void FinishLevel::OnTriggerEnter2D(UnityEngine.Collider2D)</Name>
              <FileRef uid="3" />
              <SequencePoints>
                <SequencePoint vc="0" uspid="32" ordinal="0" offset="0" sl="14" sc="0" el="14" ec="0" bec="0" bev="0" fileid="3" />
                <SequencePoint vc="0" uspid="33" ordinal="0" offset="1" sl="15" sc="0" el="15" ec="0" bec="0" bev="0" fileid="3" />
                <SequencePoint vc="0" uspid="34" ordinal="0" offset="34" sl="16" sc="0" el="16" ec="0" bec="0" bev="0" fileid="3" />
                <SequencePoint vc="0" uspid="35" ordinal="0" offset="35" sl="17" sc="0" el="17" ec="0" bec="0" bev="0" fileid="3" />
                <SequencePoint vc="0" uspid="36" ordinal="0" offset="47" sl="18" sc="0" el="18" ec="0" bec="0" bev="0" fileid="3" />
                <SequencePoint vc="0" uspid="37" ordinal="0" offset="90" sl="19" sc="0" el="19" ec="0" bec="0" bev="0" fileid="3" />
                <SequencePoint vc="0" uspid="38" ordinal="0" offset="91" sl="20" sc="0" el="20" ec="0" bec="0" bev="0" fileid="3" />
                <SequencePoint vc="0" uspid="39" ordinal="0" offset="103" sl="21" sc="0" el="21" ec="0" bec="0" bev="0" fileid="3" />
                <SequencePoint vc="0" uspid="40" ordinal="0" offset="104" sl="22" sc="0" el="22" ec="0" bec="0" bev="0" fileid="3" />
                <SequencePoint vc="0" uspid="41" ordinal="0" offset="105" sl="23" sc="0" el="23" ec="0" bec="0" bev="0" fileid="3" />
              </SequencePoints>
              <BranchPoints />
            </Method>
          </Methods>
        </Class>
        <Class>
          <Summary numSequencePoints="24" visitedSequencePoints="0" numBranchPoints="0" visitedBranchPoints="0" sequenceCoverage="0.0" branchCoverage="0.0" maxCyclomaticComplexity="0" minCyclomaticComplexity="0" maxCrapScore="0" minCrapScore="0" visitedClasses="0" numClasses="1" visitedMethods="0" numMethods="6" />
          <FullName>GameController</FullName>
          <Methods>
            <Method visited="false" cyclomaticComplexity="0" nPathComplexity="0" sequenceCoverage="0.0" branchCoverage="0" crapScore="0" isConstructor="false" isStatic="false" isGetter="false" isSetter="false">
              <Summary numSequencePoints="4" visitedSequencePoints="0" numBranchPoints="0" visitedBranchPoints="0" sequenceCoverage="0.0" branchCoverage="0" maxCyclomaticComplexity="0" minCyclomaticComplexity="0" maxCrapScore="0" minCrapScore="0" visitedClasses="0" numClasses="0" visitedMethods="0" numMethods="1" />
              <MetadataToken>100663308</MetadataToken>
              <Name>System.Void GameController::YouWin()</Name>
              <FileRef uid="4" />
              <SequencePoints>
                <SequencePoint vc="0" uspid="42" ordinal="0" offset="0" sl="15" sc="0" el="15" ec="0" bec="0" bev="0" fileid="4" />
                <SequencePoint vc="0" uspid="43" ordinal="0" offset="1" sl="16" sc="0" el="16" ec="0" bec="0" bev="0" fileid="4" />
                <SequencePoint vc="0" uspid="44" ordinal="0" offset="14" sl="17" sc="0" el="17" ec="0" bec="0" bev="0" fileid="4" />
                <SequencePoint vc="0" uspid="45" ordinal="0" offset="25" sl="18" sc="0" el="18" ec="0" bec="0" bev="0" fileid="4" />
              </SequencePoints>
              <BranchPoints />
            </Method>
            <Method visited="false" cyclomaticComplexity="0" nPathComplexity="0" sequenceCoverage="0.0" branchCoverage="0" crapScore="0" isConstructor="false" isStatic="false" isGetter="false" isSetter="false">
              <Summary numSequencePoints="4" visitedSequencePoints="0" numBranchPoints="0" visitedBranchPoints="0" sequenceCoverage="0.0" branchCoverage="0" maxCyclomaticComplexity="0" minCyclomaticComplexity="0" maxCrapScore="0" minCrapScore="0" visitedClasses="0" numClasses="0" visitedMethods="0" numMethods="1" />
              <MetadataToken>100663309</MetadataToken>
              <Name>System.Void GameController::YouLose()</Name>
              <FileRef uid="4" />
              <SequencePoints>
                <SequencePoint vc="0" uspid="46" ordinal="0" offset="0" sl="20" sc="0" el="20" ec="0" bec="0" bev="0" fileid="4" />
                <SequencePoint vc="0" uspid="47" ordinal="0" offset="1" sl="21" sc="0" el="21" ec="0" bec="0" bev="0" fileid="4" />
                <SequencePoint vc="0" uspid="48" ordinal="0" offset="14" sl="22" sc="0" el="22" ec="0" bec="0" bev="0" fileid="4" />
                <SequencePoint vc="0" uspid="49" ordinal="0" offset="25" sl="23" sc="0" el="23" ec="0" bec="0" bev="0" fileid="4" />
              </SequencePoints>
              <BranchPoints />
            </Method>
            <Method visited="false" cyclomaticComplexity="0" nPathComplexity="0" sequenceCoverage="0.0" branchCoverage="0" crapScore="0" isConstructor="false" isStatic="false" isGetter="false" isSetter="false">
              <Summary numSequencePoints="4" visitedSequencePoints="0" numBranchPoints="0" visitedBranchPoints="0" sequenceCoverage="0.0" branchCoverage="0" maxCyclomaticComplexity="0" minCyclomaticComplexity="0" maxCrapScore="0" minCrapScore="0" visitedClasses="0" numClasses="0" visitedMethods="0" numMethods="1" />
              <MetadataToken>100663310</MetadataToken>
              <Name>System.Void GameController::YouCrushedButter()</Name>
              <FileRef uid="4" />
              <SequencePoints>
                <SequencePoint vc="0" uspid="50" ordinal="0" offset="0" sl="25" sc="0" el="25" ec="0" bec="0" bev="0" fileid="4" />
                <SequencePoint vc="0" uspid="51" ordinal="0" offset="1" sl="26" sc="0" el="26" ec="0" bec="0" bev="0" fileid="4" />
                <SequencePoint vc="0" uspid="52" ordinal="0" offset="14" sl="27" sc="0" el="27" ec="0" bec="0" bev="0" fileid="4" />
                <SequencePoint vc="0" uspid="53" ordinal="0" offset="25" sl="28" sc="0" el="28" ec="0" bec="0" bev="0" fileid="4" />
              </SequencePoints>
              <BranchPoints />
            </Method>
            <Method visited="false" cyclomaticComplexity="0" nPathComplexity="0" sequenceCoverage="0.0" branchCoverage="0" crapScore="0" isConstructor="false" isStatic="false" isGetter="false" isSetter="false">
              <Summary numSequencePoints="4" visitedSequencePoints="0" numBranchPoints="0" visitedBranchPoints="0" sequenceCoverage="0.0" branchCoverage="0" maxCyclomaticComplexity="0" minCyclomaticComplexity="0" maxCrapScore="0" minCrapScore="0" visitedClasses="0" numClasses="0" visitedMethods="0" numMethods="1" />
              <MetadataToken>100663311</MetadataToken>
              <Name>System.Void GameController::PlayAgain()</Name>
              <FileRef uid="4" />
              <SequencePoints>
                <SequencePoint vc="0" uspid="54" ordinal="0" offset="0" sl="30" sc="0" el="30" ec="0" bec="0" bev="0" fileid="4" />
                <SequencePoint vc="0" uspid="55" ordinal="0" offset="1" sl="31" sc="0" el="31" ec="0" bec="0" bev="0" fileid="4" />
                <SequencePoint vc="0" uspid="56" ordinal="0" offset="20" sl="32" sc="0" el="32" ec="0" bec="0" bev="0" fileid="4" />
                <SequencePoint vc="0" uspid="57" ordinal="0" offset="31" sl="33" sc="0" el="33" ec="0" bec="0" bev="0" fileid="4" />
              </SequencePoints>
              <BranchPoints />
            </Method>
            <Method visited="false" cyclomaticComplexity="0" nPathComplexity="0" sequenceCoverage="0.0" branchCoverage="0" crapScore="0" isConstructor="false" isStatic="false" isGetter="false" isSetter="false">
              <Summary numSequencePoints="4" visitedSequencePoints="0" numBranchPoints="0" visitedBranchPoints="0" sequenceCoverage="0.0" branchCoverage="0" maxCyclomaticComplexity="0" minCyclomaticComplexity="0" maxCrapScore="0" minCrapScore="0" visitedClasses="0" numClasses="0" visitedMethods="0" numMethods="1" />
              <MetadataToken>100663312</MetadataToken>
              <Name>System.Void GameController::NextLevel()</Name>
              <FileRef uid="4" />
              <SequencePoints>
                <SequencePoint vc="0" uspid="58" ordinal="0" offset="0" sl="35" sc="0" el="35" ec="0" bec="0" bev="0" fileid="4" />
                <SequencePoint vc="0" uspid="59" ordinal="0" offset="1" sl="36" sc="0" el="36" ec="0" bec="0" bev="0" fileid="4" />
                <SequencePoint vc="0" uspid="60" ordinal="0" offset="22" sl="37" sc="0" el="37" ec="0" bec="0" bev="0" fileid="4" />
                <SequencePoint vc="0" uspid="61" ordinal="0" offset="33" sl="38" sc="0" el="38" ec="0" bec="0" bev="0" fileid="4" />
              </SequencePoints>
              <BranchPoints />
            </Method>
            <Method visited="false" cyclomaticComplexity="0" nPathComplexity="0" sequenceCoverage="0.0" branchCoverage="0" crapScore="0" isConstructor="false" isStatic="false" isGetter="false" isSetter="false">
              <Summary numSequencePoints="4" visitedSequencePoints="0" numBranchPoints="0" visitedBranchPoints="0" sequenceCoverage="0.0" branchCoverage="0" maxCyclomaticComplexity="0" minCyclomaticComplexity="0" maxCrapScore="0" minCrapScore="0" visitedClasses="0" numClasses="0" visitedMethods="0" numMethods="1" />
              <MetadataToken>100663313</MetadataToken>
              <Name>System.Void GameController::MainMeniu()</Name>
              <FileRef uid="4" />
              <SequencePoints>
                <SequencePoint vc="0" uspid="62" ordinal="0" offset="0" sl="40" sc="0" el="40" ec="0" bec="0" bev="0" fileid="4" />
                <SequencePoint vc="0" uspid="63" ordinal="0" offset="1" sl="41" sc="0" el="41" ec="0" bec="0" bev="0" fileid="4" />
                <SequencePoint vc="0" uspid="64" ordinal="0" offset="12" sl="42" sc="0" el="42" ec="0" bec="0" bev="0" fileid="4" />
                <SequencePoint vc="0" uspid="65" ordinal="0" offset="23" sl="43" sc="0" el="43" ec="0" bec="0" bev="0" fileid="4" />
              </SequencePoints>
              <BranchPoints />
            </Method>
          </Methods>
        </Class>
        <Class>
          <Summary numSequencePoints="8" visitedSequencePoints="0" numBranchPoints="0" visitedBranchPoints="0" sequenceCoverage="0.0" branchCoverage="0.0" maxCyclomaticComplexity="0" minCyclomaticComplexity="0" maxCrapScore="0" minCrapScore="0" visitedClasses="0" numClasses="1" visitedMethods="0" numMethods="1" />
          <FullName>InstantDeath</FullName>
          <Methods>
            <Method visited="false" cyclomaticComplexity="0" nPathComplexity="0" sequenceCoverage="0.0" branchCoverage="0" crapScore="0" isConstructor="false" isStatic="false" isGetter="false" isSetter="false">
              <Summary numSequencePoints="8" visitedSequencePoints="0" numBranchPoints="0" visitedBranchPoints="0" sequenceCoverage="0.0" branchCoverage="0" maxCyclomaticComplexity="0" minCyclomaticComplexity="0" maxCrapScore="0" minCrapScore="0" visitedClasses="0" numClasses="0" visitedMethods="0" numMethods="1" />
              <MetadataToken>100663315</MetadataToken>
              <Name>System.Void InstantDeath::OnCollisionEnter2D(UnityEngine.Collision2D)</Name>
              <FileRef uid="5" />
              <SequencePoints>
                <SequencePoint vc="0" uspid="66" ordinal="0" offset="0" sl="7" sc="0" el="7" ec="0" bec="0" bev="0" fileid="5" />
                <SequencePoint vc="0" uspid="67" ordinal="0" offset="1" sl="8" sc="0" el="8" ec="0" bec="0" bev="0" fileid="5" />
                <SequencePoint vc="0" uspid="68" ordinal="0" offset="13" sl="9" sc="0" el="9" ec="0" bec="0" bev="0" fileid="5" />
                <SequencePoint vc="0" uspid="69" ordinal="0" offset="24" sl="10" sc="0" el="10" ec="0" bec="0" bev="0" fileid="5" />
                <SequencePoint vc="0" uspid="70" ordinal="0" offset="25" sl="11" sc="0" el="11" ec="0" bec="0" bev="0" fileid="5" />
                <SequencePoint vc="0" uspid="71" ordinal="0" offset="32" sl="12" sc="0" el="12" ec="0" bec="0" bev="0" fileid="5" />
                <SequencePoint vc="0" uspid="72" ordinal="0" offset="44" sl="13" sc="0" el="13" ec="0" bec="0" bev="0" fileid="5" />
                <SequencePoint vc="0" uspid="73" ordinal="0" offset="45" sl="14" sc="0" el="14" ec="0" bec="0" bev="0" fileid="5" />
              </SequencePoints>
              <BranchPoints />
            </Method>
          </Methods>
        </Class>
        <Class>
          <Summary numSequencePoints="18" visitedSequencePoints="0" numBranchPoints="0" visitedBranchPoints="0" sequenceCoverage="0.0" branchCoverage="0.0" maxCyclomaticComplexity="0" minCyclomaticComplexity="0" maxCrapScore="0" minCrapScore="0" visitedClasses="0" numClasses="1" visitedMethods="0" numMethods="3" />
          <FullName>IsOnButter</FullName>
          <Methods>
            <Method visited="false" cyclomaticComplexity="0" nPathComplexity="0" sequenceCoverage="0.0" branchCoverage="0" crapScore="0" isConstructor="false" isStatic="false" isGetter="false" isSetter="false">
              <Summary numSequencePoints="4" visitedSequencePoints="0" numBranchPoints="0" visitedBranchPoints="0" sequenceCoverage="0.0" branchCoverage="0" maxCyclomaticComplexity="0" minCyclomaticComplexity="0" maxCrapScore="0" minCrapScore="0" visitedClasses="0" numClasses="0" visitedMethods="0" numMethods="1" />
              <MetadataToken>100663317</MetadataToken>
              <Name>System.Void IsOnButter::Start()</Name>
              <FileRef uid="6" />
              <SequencePoints>
                <SequencePoint vc="0" uspid="74" ordinal="0" offset="0" sl="13" sc="0" el="13" ec="0" bec="0" bev="0" fileid="6" />
                <SequencePoint vc="0" uspid="75" ordinal="0" offset="1" sl="14" sc="0" el="14" ec="0" bec="0" bev="0" fileid="6" />
                <SequencePoint vc="0" uspid="76" ordinal="0" offset="13" sl="15" sc="0" el="15" ec="0" bec="0" bev="0" fileid="6" />
                <SequencePoint vc="0" uspid="77" ordinal="0" offset="25" sl="16" sc="0" el="16" ec="0" bec="0" bev="0" fileid="6" />
              </SequencePoints>
              <BranchPoints />
            </Method>
            <Method visited="false" cyclomaticComplexity="0" nPathComplexity="0" sequenceCoverage="0.0" branchCoverage="0" crapScore="0" isConstructor="false" isStatic="false" isGetter="false" isSetter="false">
              <Summary numSequencePoints="11" visitedSequencePoints="0" numBranchPoints="0" visitedBranchPoints="0" sequenceCoverage="0.0" branchCoverage="0" maxCyclomaticComplexity="0" minCyclomaticComplexity="0" maxCrapScore="0" minCrapScore="0" visitedClasses="0" numClasses="0" visitedMethods="0" numMethods="1" />
              <MetadataToken>100663318</MetadataToken>
              <Name>System.Void IsOnButter::Update()</Name>
              <FileRef uid="6" />
              <SequencePoints>
                <SequencePoint vc="0" uspid="78" ordinal="0" offset="0" sl="19" sc="0" el="19" ec="0" bec="0" bev="0" fileid="6" />
                <SequencePoint vc="0" uspid="79" ordinal="0" offset="1" sl="20" sc="0" el="20" ec="0" bec="0" bev="0" fileid="6" />
                <SequencePoint vc="0" uspid="80" ordinal="0" offset="37" sl="21" sc="0" el="21" ec="0" bec="0" bev="0" fileid="6" />
                <SequencePoint vc="0" uspid="81" ordinal="0" offset="38" sl="22" sc="0" el="22" ec="0" bec="0" bev="0" fileid="6" />
                <SequencePoint vc="0" uspid="82" ordinal="0" offset="50" sl="23" sc="0" el="23" ec="0" bec="0" bev="0" fileid="6" />
                <SequencePoint vc="0" uspid="83" ordinal="0" offset="61" sl="24" sc="0" el="24" ec="0" bec="0" bev="0" fileid="6" />
                <SequencePoint vc="0" uspid="84" ordinal="0" offset="62" sl="25" sc="0" el="25" ec="0" bec="0" bev="0" fileid="6" />
                <SequencePoint vc="0" uspid="85" ordinal="0" offset="69" sl="26" sc="0" el="26" ec="0" bec="0" bev="0" fileid="6" />
                <SequencePoint vc="0" uspid="86" ordinal="0" offset="81" sl="27" sc="0" el="27" ec="0" bec="0" bev="0" fileid="6" />
                <SequencePoint vc="0" uspid="87" ordinal="0" offset="82" sl="28" sc="0" el="28" ec="0" bec="0" bev="0" fileid="6" />
                <SequencePoint vc="0" uspid="88" ordinal="0" offset="83" sl="29" sc="0" el="29" ec="0" bec="0" bev="0" fileid="6" />
              </SequencePoints>
              <BranchPoints />
            </Method>
            <Method visited="false" cyclomaticComplexity="0" nPathComplexity="0" sequenceCoverage="0.0" branchCoverage="0" crapScore="0" isConstructor="false" isStatic="false" isGetter="false" isSetter="false">
              <Summary numSequencePoints="3" visitedSequencePoints="0" numBranchPoints="0" visitedBranchPoints="0" sequenceCoverage="0.0" branchCoverage="0" maxCyclomaticComplexity="0" minCyclomaticComplexity="0" maxCrapScore="0" minCrapScore="0" visitedClasses="0" numClasses="0" visitedMethods="0" numMethods="1" />
              <MetadataToken>100663319</MetadataToken>
              <Name>System.Boolean IsOnButter::IsOnButterCheck()</Name>
              <FileRef uid="6" />
              <SequencePoints>
                <SequencePoint vc="0" uspid="89" ordinal="0" offset="0" sl="31" sc="0" el="31" ec="0" bec="0" bev="0" fileid="6" />
                <SequencePoint vc="0" uspid="90" ordinal="0" offset="1" sl="32" sc="0" el="32" ec="0" bec="0" bev="0" fileid="6" />
                <SequencePoint vc="0" uspid="91" ordinal="0" offset="88" sl="33" sc="0" el="33" ec="0" bec="0" bev="0" fileid="6" />
              </SequencePoints>
              <BranchPoints />
            </Method>
          </Methods>
        </Class>
        <Class>
          <Summary numSequencePoints="13" visitedSequencePoints="0" numBranchPoints="0" visitedBranchPoints="0" sequenceCoverage="0.0" branchCoverage="0.0" maxCyclomaticComplexity="0" minCyclomaticComplexity="0" maxCrapScore="0" minCrapScore="0" visitedClasses="0" numClasses="1" visitedMethods="0" numMethods="1" />
          <FullName>ObstacleDeath</FullName>
          <Methods>
            <Method visited="false" cyclomaticComplexity="0" nPathComplexity="0" sequenceCoverage="0.0" branchCoverage="0" crapScore="0" isConstructor="false" isStatic="false" isGetter="false" isSetter="false">
              <Summary numSequencePoints="13" visitedSequencePoints="0" numBranchPoints="0" visitedBranchPoints="0" sequenceCoverage="0.0" branchCoverage="0" maxCyclomaticComplexity="0" minCyclomaticComplexity="0" maxCrapScore="0" minCrapScore="0" visitedClasses="0" numClasses="0" visitedMethods="0" numMethods="1" />
              <MetadataToken>100663321</MetadataToken>
              <Name>System.Void ObstacleDeath::OnCollisionEnter2D(UnityEngine.Collision2D)</Name>
              <FileRef uid="7" />
              <SequencePoints>
                <SequencePoint vc="0" uspid="92" ordinal="0" offset="0" sl="6" sc="0" el="6" ec="0" bec="0" bev="0" fileid="7" />
                <SequencePoint vc="0" uspid="93" ordinal="0" offset="1" sl="8" sc="0" el="8" ec="0" bec="0" bev="0" fileid="7" />
                <SequencePoint vc="0" uspid="94" ordinal="0" offset="21" sl="9" sc="0" el="9" ec="0" bec="0" bev="0" fileid="7" />
                <SequencePoint vc="0" uspid="95" ordinal="0" offset="22" sl="11" sc="0" el="11" ec="0" bec="0" bev="0" fileid="7" />
                <SequencePoint vc="0" uspid="96" ordinal="0" offset="34" sl="14" sc="0" el="14" ec="0" bec="0" bev="0" fileid="7" />
                <SequencePoint vc="0" uspid="97" ordinal="0" offset="45" sl="15" sc="0" el="15" ec="0" bec="0" bev="0" fileid="7" />
                <SequencePoint vc="0" uspid="98" ordinal="0" offset="46" sl="17" sc="0" el="17" ec="0" bec="0" bev="0" fileid="7" />
                <SequencePoint vc="0" uspid="99" ordinal="0" offset="53" sl="18" sc="0" el="18" ec="0" bec="0" bev="0" fileid="7" />
                <SequencePoint vc="0" uspid="100" ordinal="0" offset="56" sl="20" sc="0" el="20" ec="0" bec="0" bev="0" fileid="7" />
                <SequencePoint vc="0" uspid="101" ordinal="0" offset="57" sl="21" sc="0" el="21" ec="0" bec="0" bev="0" fileid="7" />
                <SequencePoint vc="0" uspid="102" ordinal="0" offset="68" sl="22" sc="0" el="22" ec="0" bec="0" bev="0" fileid="7" />
                <SequencePoint vc="0" uspid="103" ordinal="0" offset="69" sl="23" sc="0" el="23" ec="0" bec="0" bev="0" fileid="7" />
                <SequencePoint vc="0" uspid="104" ordinal="0" offset="70" sl="24" sc="0" el="24" ec="0" bec="0" bev="0" fileid="7" />
              </SequencePoints>
              <BranchPoints />
            </Method>
          </Methods>
        </Class>
        <Class>
          <Summary numSequencePoints="226" visitedSequencePoints="0" numBranchPoints="0" visitedBranchPoints="0" sequenceCoverage="0.0" branchCoverage="0.0" maxCyclomaticComplexity="0" minCyclomaticComplexity="0" maxCrapScore="0" minCrapScore="0" visitedClasses="0" numClasses="1" visitedMethods="0" numMethods="29" />
          <FullName>PlayerMovement</FullName>
          <Methods>
            <Method visited="false" cyclomaticComplexity="0" nPathComplexity="0" sequenceCoverage="0.0" branchCoverage="0" crapScore="0" isConstructor="false" isStatic="false" isGetter="false" isSetter="false">
              <Summary numSequencePoints="7" visitedSequencePoints="0" numBranchPoints="0" visitedBranchPoints="0" sequenceCoverage="0.0" branchCoverage="0" maxCyclomaticComplexity="0" minCyclomaticComplexity="0" maxCrapScore="0" minCrapScore="0" visitedClasses="0" numClasses="0" visitedMethods="0" numMethods="1" />
              <MetadataToken>100663323</MetadataToken>
              <Name>System.Void PlayerMovement::Start()</Name>
              <FileRef uid="8" />
              <SequencePoints>
                <SequencePoint vc="0" uspid="105" ordinal="0" offset="0" sl="57" sc="0" el="57" ec="0" bec="0" bev="0" fileid="8" />
                <SequencePoint vc="0" uspid="106" ordinal="0" offset="1" sl="59" sc="0" el="59" ec="0" bec="0" bev="0" fileid="8" />
                <SequencePoint vc="0" uspid="107" ordinal="0" offset="13" sl="60" sc="0" el="60" ec="0" bec="0" bev="0" fileid="8" />
                <SequencePoint vc="0" uspid="108" ordinal="0" offset="25" sl="61" sc="0" el="61" ec="0" bec="0" bev="0" fileid="8" />
                <SequencePoint vc="0" uspid="109" ordinal="0" offset="37" sl="62" sc="0" el="62" ec="0" bec="0" bev="0" fileid="8" />
                <SequencePoint vc="0" uspid="110" ordinal="0" offset="48" sl="63" sc="0" el="63" ec="0" bec="0" bev="0" fileid="8" />
                <SequencePoint vc="0" uspid="111" ordinal="0" offset="71" sl="65" sc="0" el="65" ec="0" bec="0" bev="0" fileid="8" />
              </SequencePoints>
              <BranchPoints />
            </Method>
            <Method visited="false" cyclomaticComplexity="0" nPathComplexity="0" sequenceCoverage="0.0" branchCoverage="0" crapScore="0" isConstructor="false" isStatic="false" isGetter="false" isSetter="false">
              <Summary numSequencePoints="30" visitedSequencePoints="0" numBranchPoints="0" visitedBranchPoints="0" sequenceCoverage="0.0" branchCoverage="0" maxCyclomaticComplexity="0" minCyclomaticComplexity="0" maxCrapScore="0" minCrapScore="0" visitedClasses="0" numClasses="0" visitedMethods="0" numMethods="1" />
              <MetadataToken>100663324</MetadataToken>
              <Name>System.Void PlayerMovement::Update()</Name>
              <FileRef uid="8" />
              <SequencePoints>
                <SequencePoint vc="0" uspid="112" ordinal="0" offset="0" sl="69" sc="0" el="69" ec="0" bec="0" bev="0" fileid="8" />
                <SequencePoint vc="0" uspid="113" ordinal="0" offset="1" sl="70" sc="0" el="70" ec="0" bec="0" bev="0" fileid="8" />
                <SequencePoint vc="0" uspid="114" ordinal="0" offset="17" sl="72" sc="0" el="72" ec="0" bec="0" bev="0" fileid="8" />
                <SequencePoint vc="0" uspid="115" ordinal="0" offset="42" sl="73" sc="0" el="73" ec="0" bec="0" bev="0" fileid="8" />
                <SequencePoint vc="0" uspid="116" ordinal="0" offset="43" sl="74" sc="0" el="74" ec="0" bec="0" bev="0" fileid="8" />
                <SequencePoint vc="0" uspid="117" ordinal="0" offset="56" sl="75" sc="0" el="75" ec="0" bec="0" bev="0" fileid="8" />
                <SequencePoint vc="0" uspid="118" ordinal="0" offset="57" sl="76" sc="0" el="76" ec="0" bec="0" bev="0" fileid="8" />
                <SequencePoint vc="0" uspid="119" ordinal="0" offset="62" sl="82" sc="0" el="82" ec="0" bec="0" bev="0" fileid="8" />
                <SequencePoint vc="0" uspid="120" ordinal="0" offset="75" sl="83" sc="0" el="83" ec="0" bec="0" bev="0" fileid="8" />
                <SequencePoint vc="0" uspid="121" ordinal="0" offset="88" sl="84" sc="0" el="84" ec="0" bec="0" bev="0" fileid="8" />
                <SequencePoint vc="0" uspid="122" ordinal="0" offset="96" sl="85" sc="0" el="85" ec="0" bec="0" bev="0" fileid="8" />
                <SequencePoint vc="0" uspid="123" ordinal="0" offset="115" sl="87" sc="0" el="87" ec="0" bec="0" bev="0" fileid="8" />
                <SequencePoint vc="0" uspid="124" ordinal="0" offset="122" sl="90" sc="0" el="90" ec="0" bec="0" bev="0" fileid="8" />
                <SequencePoint vc="0" uspid="125" ordinal="0" offset="142" sl="91" sc="0" el="91" ec="0" bec="0" bev="0" fileid="8" />
                <SequencePoint vc="0" uspid="126" ordinal="0" offset="143" sl="92" sc="0" el="92" ec="0" bec="0" bev="0" fileid="8" />
                <SequencePoint vc="0" uspid="127" ordinal="0" offset="171" sl="93" sc="0" el="93" ec="0" bec="0" bev="0" fileid="8" />
                <SequencePoint vc="0" uspid="128" ordinal="0" offset="172" sl="94" sc="0" el="94" ec="0" bec="0" bev="0" fileid="8" />
                <SequencePoint vc="0" uspid="129" ordinal="0" offset="187" sl="95" sc="0" el="95" ec="0" bec="0" bev="0" fileid="8" />
                <SequencePoint vc="0" uspid="130" ordinal="0" offset="188" sl="96" sc="0" el="96" ec="0" bec="0" bev="0" fileid="8" />
                <SequencePoint vc="0" uspid="131" ordinal="0" offset="193" sl="98" sc="0" el="98" ec="0" bec="0" bev="0" fileid="8" />
                <SequencePoint vc="0" uspid="132" ordinal="0" offset="209" sl="99" sc="0" el="99" ec="0" bec="0" bev="0" fileid="8" />
                <SequencePoint vc="0" uspid="133" ordinal="0" offset="225" sl="100" sc="0" el="100" ec="0" bec="0" bev="0" fileid="8" />
                <SequencePoint vc="0" uspid="134" ordinal="0" offset="241" sl="101" sc="0" el="101" ec="0" bec="0" bev="0" fileid="8" />
                <SequencePoint vc="0" uspid="135" ordinal="0" offset="253" sl="102" sc="0" el="102" ec="0" bec="0" bev="0" fileid="8" />
                <SequencePoint vc="0" uspid="136" ordinal="0" offset="278" sl="103" sc="0" el="103" ec="0" bec="0" bev="0" fileid="8" />
                <SequencePoint vc="0" uspid="137" ordinal="0" offset="297" sl="105" sc="0" el="105" ec="0" bec="0" bev="0" fileid="8" />
                <SequencePoint vc="0" uspid="138" ordinal="0" offset="304" sl="107" sc="0" el="107" ec="0" bec="0" bev="0" fileid="8" />
                <SequencePoint vc="0" uspid="139" ordinal="0" offset="323" sl="108" sc="0" el="108" ec="0" bec="0" bev="0" fileid="8" />
                <SequencePoint vc="0" uspid="140" ordinal="0" offset="344" sl="109" sc="0" el="109" ec="0" bec="0" bev="0" fileid="8" />
                <SequencePoint vc="0" uspid="141" ordinal="0" offset="345" sl="113" sc="0" el="113" ec="0" bec="0" bev="0" fileid="8" />
              </SequencePoints>
              <BranchPoints />
            </Method>
            <Method visited="false" cyclomaticComplexity="0" nPathComplexity="0" sequenceCoverage="0.0" branchCoverage="0" crapScore="0" isConstructor="false" isStatic="false" isGetter="false" isSetter="false">
              <Summary numSequencePoints="17" visitedSequencePoints="0" numBranchPoints="0" visitedBranchPoints="0" sequenceCoverage="0.0" branchCoverage="0" maxCyclomaticComplexity="0" minCyclomaticComplexity="0" maxCrapScore="0" minCrapScore="0" visitedClasses="0" numClasses="0" visitedMethods="0" numMethods="1" />
              <MetadataToken>100663325</MetadataToken>
              <Name>System.Void PlayerMovement::HandleMovementKeys(System.Boolean&amp;, System.Boolean&amp;, System.Boolean&amp;)</Name>
              <FileRef uid="8" />
              <SequencePoints>
                <SequencePoint vc="0" uspid="142" ordinal="0" offset="0" sl="115" sc="0" el="115" ec="0" bec="0" bev="0" fileid="8" />
                <SequencePoint vc="0" uspid="143" ordinal="0" offset="1" sl="116" sc="0" el="116" ec="0" bec="0" bev="0" fileid="8" />
                <SequencePoint vc="0" uspid="144" ordinal="0" offset="21" sl="117" sc="0" el="117" ec="0" bec="0" bev="0" fileid="8" />
                <SequencePoint vc="0" uspid="145" ordinal="0" offset="22" sl="118" sc="0" el="118" ec="0" bec="0" bev="0" fileid="8" />
                <SequencePoint vc="0" uspid="146" ordinal="0" offset="25" sl="119" sc="0" el="119" ec="0" bec="0" bev="0" fileid="8" />
                <SequencePoint vc="0" uspid="147" ordinal="0" offset="28" sl="120" sc="0" el="120" ec="0" bec="0" bev="0" fileid="8" />
                <SequencePoint vc="0" uspid="148" ordinal="0" offset="48" sl="121" sc="0" el="121" ec="0" bec="0" bev="0" fileid="8" />
                <SequencePoint vc="0" uspid="149" ordinal="0" offset="49" sl="122" sc="0" el="122" ec="0" bec="0" bev="0" fileid="8" />
                <SequencePoint vc="0" uspid="150" ordinal="0" offset="52" sl="123" sc="0" el="123" ec="0" bec="0" bev="0" fileid="8" />
                <SequencePoint vc="0" uspid="151" ordinal="0" offset="55" sl="124" sc="0" el="124" ec="0" bec="0" bev="0" fileid="8" />
                <SequencePoint vc="0" uspid="152" ordinal="0" offset="75" sl="125" sc="0" el="125" ec="0" bec="0" bev="0" fileid="8" />
                <SequencePoint vc="0" uspid="153" ordinal="0" offset="76" sl="126" sc="0" el="126" ec="0" bec="0" bev="0" fileid="8" />
                <SequencePoint vc="0" uspid="154" ordinal="0" offset="79" sl="127" sc="0" el="127" ec="0" bec="0" bev="0" fileid="8" />
                <SequencePoint vc="0" uspid="155" ordinal="0" offset="82" sl="129" sc="0" el="129" ec="0" bec="0" bev="0" fileid="8" />
                <SequencePoint vc="0" uspid="156" ordinal="0" offset="83" sl="130" sc="0" el="130" ec="0" bec="0" bev="0" fileid="8" />
                <SequencePoint vc="0" uspid="157" ordinal="0" offset="90" sl="131" sc="0" el="131" ec="0" bec="0" bev="0" fileid="8" />
                <SequencePoint vc="0" uspid="158" ordinal="0" offset="91" sl="132" sc="0" el="132" ec="0" bec="0" bev="0" fileid="8" />
              </SequencePoints>
              <BranchPoints />
            </Method>
            <Method visited="false" cyclomaticComplexity="0" nPathComplexity="0" sequenceCoverage="0.0" branchCoverage="0" crapScore="0" isConstructor="false" isStatic="false" isGetter="false" isSetter="false">
              <Summary numSequencePoints="18" visitedSequencePoints="0" numBranchPoints="0" visitedBranchPoints="0" sequenceCoverage="0.0" branchCoverage="0" maxCyclomaticComplexity="0" minCyclomaticComplexity="0" maxCrapScore="0" minCrapScore="0" visitedClasses="0" numClasses="0" visitedMethods="0" numMethods="1" />
              <MetadataToken>100663326</MetadataToken>
              <Name>System.Void PlayerMovement::HandleMovement(System.Boolean, System.Boolean)</Name>
              <FileRef uid="8" />
              <SequencePoints>
                <SequencePoint vc="0" uspid="159" ordinal="0" offset="0" sl="134" sc="0" el="134" ec="0" bec="0" bev="0" fileid="8" />
                <SequencePoint vc="0" uspid="160" ordinal="0" offset="1" sl="135" sc="0" el="135" ec="0" bec="0" bev="0" fileid="8" />
                <SequencePoint vc="0" uspid="161" ordinal="0" offset="7" sl="136" sc="0" el="136" ec="0" bec="0" bev="0" fileid="8" />
                <SequencePoint vc="0" uspid="162" ordinal="0" offset="12" sl="137" sc="0" el="137" ec="0" bec="0" bev="0" fileid="8" />
                <SequencePoint vc="0" uspid="163" ordinal="0" offset="13" sl="138" sc="0" el="138" ec="0" bec="0" bev="0" fileid="8" />
                <SequencePoint vc="0" uspid="164" ordinal="0" offset="19" sl="139" sc="0" el="139" ec="0" bec="0" bev="0" fileid="8" />
                <SequencePoint vc="0" uspid="165" ordinal="0" offset="22" sl="140" sc="0" el="140" ec="0" bec="0" bev="0" fileid="8" />
                <SequencePoint vc="0" uspid="166" ordinal="0" offset="27" sl="141" sc="0" el="141" ec="0" bec="0" bev="0" fileid="8" />
                <SequencePoint vc="0" uspid="167" ordinal="0" offset="28" sl="142" sc="0" el="142" ec="0" bec="0" bev="0" fileid="8" />
                <SequencePoint vc="0" uspid="168" ordinal="0" offset="34" sl="143" sc="0" el="143" ec="0" bec="0" bev="0" fileid="8" />
                <SequencePoint vc="0" uspid="169" ordinal="0" offset="35" sl="145" sc="0" el="145" ec="0" bec="0" bev="0" fileid="8" />
                <SequencePoint vc="0" uspid="170" ordinal="0" offset="56" sl="146" sc="0" el="146" ec="0" bec="0" bev="0" fileid="8" />
                <SequencePoint vc="0" uspid="171" ordinal="0" offset="57" sl="147" sc="0" el="147" ec="0" bec="0" bev="0" fileid="8" />
                <SequencePoint vc="0" uspid="172" ordinal="0" offset="98" sl="148" sc="0" el="148" ec="0" bec="0" bev="0" fileid="8" />
                <SequencePoint vc="0" uspid="173" ordinal="0" offset="101" sl="150" sc="0" el="150" ec="0" bec="0" bev="0" fileid="8" />
                <SequencePoint vc="0" uspid="174" ordinal="0" offset="102" sl="151" sc="0" el="151" ec="0" bec="0" bev="0" fileid="8" />
                <SequencePoint vc="0" uspid="175" ordinal="0" offset="151" sl="152" sc="0" el="152" ec="0" bec="0" bev="0" fileid="8" />
                <SequencePoint vc="0" uspid="176" ordinal="0" offset="152" sl="153" sc="0" el="153" ec="0" bec="0" bev="0" fileid="8" />
              </SequencePoints>
              <BranchPoints />
            </Method>
            <Method visited="false" cyclomaticComplexity="0" nPathComplexity="0" sequenceCoverage="0.0" branchCoverage="0" crapScore="0" isConstructor="false" isStatic="false" isGetter="false" isSetter="false">
              <Summary numSequencePoints="10" visitedSequencePoints="0" numBranchPoints="0" visitedBranchPoints="0" sequenceCoverage="0.0" branchCoverage="0" maxCyclomaticComplexity="0" minCyclomaticComplexity="0" maxCrapScore="0" minCrapScore="0" visitedClasses="0" numClasses="0" visitedMethods="0" numMethods="1" />
              <MetadataToken>100663327</MetadataToken>
              <Name>System.Void PlayerMovement::HandleFacing()</Name>
              <FileRef uid="8" />
              <SequencePoints>
                <SequencePoint vc="0" uspid="177" ordinal="0" offset="0" sl="155" sc="0" el="155" ec="0" bec="0" bev="0" fileid="8" />
                <SequencePoint vc="0" uspid="178" ordinal="0" offset="1" sl="156" sc="0" el="156" ec="0" bec="0" bev="0" fileid="8" />
                <SequencePoint vc="0" uspid="179" ordinal="0" offset="39" sl="157" sc="0" el="157" ec="0" bec="0" bev="0" fileid="8" />
                <SequencePoint vc="0" uspid="180" ordinal="0" offset="40" sl="158" sc="0" el="158" ec="0" bec="0" bev="0" fileid="8" />
                <SequencePoint vc="0" uspid="181" ordinal="0" offset="47" sl="159" sc="0" el="159" ec="0" bec="0" bev="0" fileid="8" />
                <SequencePoint vc="0" uspid="182" ordinal="0" offset="50" sl="160" sc="0" el="160" ec="0" bec="0" bev="0" fileid="8" />
                <SequencePoint vc="0" uspid="183" ordinal="0" offset="88" sl="161" sc="0" el="161" ec="0" bec="0" bev="0" fileid="8" />
                <SequencePoint vc="0" uspid="184" ordinal="0" offset="89" sl="162" sc="0" el="162" ec="0" bec="0" bev="0" fileid="8" />
                <SequencePoint vc="0" uspid="185" ordinal="0" offset="96" sl="163" sc="0" el="163" ec="0" bec="0" bev="0" fileid="8" />
                <SequencePoint vc="0" uspid="186" ordinal="0" offset="97" sl="164" sc="0" el="164" ec="0" bec="0" bev="0" fileid="8" />
              </SequencePoints>
              <BranchPoints />
            </Method>
            <Method visited="false" cyclomaticComplexity="0" nPathComplexity="0" sequenceCoverage="0.0" branchCoverage="0" crapScore="0" isConstructor="false" isStatic="false" isGetter="false" isSetter="false">
              <Summary numSequencePoints="25" visitedSequencePoints="0" numBranchPoints="0" visitedBranchPoints="0" sequenceCoverage="0.0" branchCoverage="0" maxCyclomaticComplexity="0" minCyclomaticComplexity="0" maxCrapScore="0" minCrapScore="0" visitedClasses="0" numClasses="0" visitedMethods="0" numMethods="1" />
              <MetadataToken>100663328</MetadataToken>
              <Name>System.Void PlayerMovement::Jump(System.Boolean, System.Boolean, System.Boolean)</Name>
              <FileRef uid="8" />
              <SequencePoints>
                <SequencePoint vc="0" uspid="187" ordinal="0" offset="0" sl="166" sc="0" el="166" ec="0" bec="0" bev="0" fileid="8" />
                <SequencePoint vc="0" uspid="188" ordinal="0" offset="1" sl="167" sc="0" el="167" ec="0" bec="0" bev="0" fileid="8" />
                <SequencePoint vc="0" uspid="189" ordinal="0" offset="29" sl="168" sc="0" el="168" ec="0" bec="0" bev="0" fileid="8" />
                <SequencePoint vc="0" uspid="190" ordinal="0" offset="30" sl="169" sc="0" el="169" ec="0" bec="0" bev="0" fileid="8" />
                <SequencePoint vc="0" uspid="191" ordinal="0" offset="46" sl="170" sc="0" el="170" ec="0" bec="0" bev="0" fileid="8" />
                <SequencePoint vc="0" uspid="192" ordinal="0" offset="47" sl="172" sc="0" el="172" ec="0" bec="0" bev="0" fileid="8" />
                <SequencePoint vc="0" uspid="193" ordinal="0" offset="86" sl="173" sc="0" el="173" ec="0" bec="0" bev="0" fileid="8" />
                <SequencePoint vc="0" uspid="194" ordinal="0" offset="89" sl="174" sc="0" el="174" ec="0" bec="0" bev="0" fileid="8" />
                <SequencePoint vc="0" uspid="195" ordinal="0" offset="128" sl="175" sc="0" el="175" ec="0" bec="0" bev="0" fileid="8" />
                <SequencePoint vc="0" uspid="196" ordinal="0" offset="129" sl="178" sc="0" el="178" ec="0" bec="0" bev="0" fileid="8" />
                <SequencePoint vc="0" uspid="197" ordinal="0" offset="138" sl="179" sc="0" el="179" ec="0" bec="0" bev="0" fileid="8" />
                <SequencePoint vc="0" uspid="198" ordinal="0" offset="156" sl="180" sc="0" el="180" ec="0" bec="0" bev="0" fileid="8" />
                <SequencePoint vc="0" uspid="199" ordinal="0" offset="157" sl="181" sc="0" el="181" ec="0" bec="0" bev="0" fileid="8" />
                <SequencePoint vc="0" uspid="200" ordinal="0" offset="170" sl="182" sc="0" el="182" ec="0" bec="0" bev="0" fileid="8" />
                <SequencePoint vc="0" uspid="201" ordinal="0" offset="171" sl="183" sc="0" el="183" ec="0" bec="0" bev="0" fileid="8" />
                <SequencePoint vc="0" uspid="202" ordinal="0" offset="182" sl="184" sc="0" el="184" ec="0" bec="0" bev="0" fileid="8" />
                <SequencePoint vc="0" uspid="203" ordinal="0" offset="183" sl="185" sc="0" el="185" ec="0" bec="0" bev="0" fileid="8" />
                <SequencePoint vc="0" uspid="204" ordinal="0" offset="184" sl="186" sc="0" el="186" ec="0" bec="0" bev="0" fileid="8" />
                <SequencePoint vc="0" uspid="205" ordinal="0" offset="211" sl="187" sc="0" el="187" ec="0" bec="0" bev="0" fileid="8" />
                <SequencePoint vc="0" uspid="206" ordinal="0" offset="212" sl="188" sc="0" el="188" ec="0" bec="0" bev="0" fileid="8" />
                <SequencePoint vc="0" uspid="207" ordinal="0" offset="230" sl="189" sc="0" el="189" ec="0" bec="0" bev="0" fileid="8" />
                <SequencePoint vc="0" uspid="208" ordinal="0" offset="231" sl="191" sc="0" el="191" ec="0" bec="0" bev="0" fileid="8" />
                <SequencePoint vc="0" uspid="209" ordinal="0" offset="270" sl="192" sc="0" el="192" ec="0" bec="0" bev="0" fileid="8" />
                <SequencePoint vc="0" uspid="210" ordinal="0" offset="271" sl="193" sc="0" el="193" ec="0" bec="0" bev="0" fileid="8" />
                <SequencePoint vc="0" uspid="211" ordinal="0" offset="272" sl="195" sc="0" el="195" ec="0" bec="0" bev="0" fileid="8" />
              </SequencePoints>
              <BranchPoints />
            </Method>
            <Method visited="false" cyclomaticComplexity="0" nPathComplexity="0" sequenceCoverage="0.0" branchCoverage="0" crapScore="0" isConstructor="false" isStatic="false" isGetter="false" isSetter="false">
              <Summary numSequencePoints="26" visitedSequencePoints="0" numBranchPoints="0" visitedBranchPoints="0" sequenceCoverage="0.0" branchCoverage="0" maxCyclomaticComplexity="0" minCyclomaticComplexity="0" maxCrapScore="0" minCrapScore="0" visitedClasses="0" numClasses="0" visitedMethods="0" numMethods="1" />
              <MetadataToken>100663329</MetadataToken>
              <Name>System.Void PlayerMovement::HandleWallJump(System.Boolean, System.Boolean)</Name>
              <FileRef uid="8" />
              <SequencePoints>
                <SequencePoint vc="0" uspid="212" ordinal="0" offset="0" sl="197" sc="0" el="197" ec="0" bec="0" bev="0" fileid="8" />
                <SequencePoint vc="0" uspid="213" ordinal="0" offset="1" sl="198" sc="0" el="198" ec="0" bec="0" bev="0" fileid="8" />
                <SequencePoint vc="0" uspid="214" ordinal="0" offset="14" sl="199" sc="0" el="199" ec="0" bec="0" bev="0" fileid="8" />
                <SequencePoint vc="0" uspid="215" ordinal="0" offset="15" sl="200" sc="0" el="200" ec="0" bec="0" bev="0" fileid="8" />
                <SequencePoint vc="0" uspid="216" ordinal="0" offset="20" sl="201" sc="0" el="201" ec="0" bec="0" bev="0" fileid="8" />
                <SequencePoint vc="0" uspid="217" ordinal="0" offset="21" sl="202" sc="0" el="202" ec="0" bec="0" bev="0" fileid="8" />
                <SequencePoint vc="0" uspid="218" ordinal="0" offset="50" sl="203" sc="0" el="203" ec="0" bec="0" bev="0" fileid="8" />
                <SequencePoint vc="0" uspid="219" ordinal="0" offset="57" sl="204" sc="0" el="204" ec="0" bec="0" bev="0" fileid="8" />
                <SequencePoint vc="0" uspid="220" ordinal="0" offset="60" sl="206" sc="0" el="206" ec="0" bec="0" bev="0" fileid="8" />
                <SequencePoint vc="0" uspid="221" ordinal="0" offset="61" sl="207" sc="0" el="207" ec="0" bec="0" bev="0" fileid="8" />
                <SequencePoint vc="0" uspid="222" ordinal="0" offset="90" sl="208" sc="0" el="208" ec="0" bec="0" bev="0" fileid="8" />
                <SequencePoint vc="0" uspid="223" ordinal="0" offset="97" sl="209" sc="0" el="209" ec="0" bec="0" bev="0" fileid="8" />
                <SequencePoint vc="0" uspid="224" ordinal="0" offset="98" sl="210" sc="0" el="210" ec="0" bec="0" bev="0" fileid="8" />
                <SequencePoint vc="0" uspid="225" ordinal="0" offset="101" sl="211" sc="0" el="211" ec="0" bec="0" bev="0" fileid="8" />
                <SequencePoint vc="0" uspid="226" ordinal="0" offset="111" sl="212" sc="0" el="212" ec="0" bec="0" bev="0" fileid="8" />
                <SequencePoint vc="0" uspid="227" ordinal="0" offset="112" sl="213" sc="0" el="213" ec="0" bec="0" bev="0" fileid="8" />
                <SequencePoint vc="0" uspid="228" ordinal="0" offset="117" sl="214" sc="0" el="214" ec="0" bec="0" bev="0" fileid="8" />
                <SequencePoint vc="0" uspid="229" ordinal="0" offset="118" sl="215" sc="0" el="215" ec="0" bec="0" bev="0" fileid="8" />
                <SequencePoint vc="0" uspid="230" ordinal="0" offset="148" sl="216" sc="0" el="216" ec="0" bec="0" bev="0" fileid="8" />
                <SequencePoint vc="0" uspid="231" ordinal="0" offset="155" sl="217" sc="0" el="217" ec="0" bec="0" bev="0" fileid="8" />
                <SequencePoint vc="0" uspid="232" ordinal="0" offset="158" sl="219" sc="0" el="219" ec="0" bec="0" bev="0" fileid="8" />
                <SequencePoint vc="0" uspid="233" ordinal="0" offset="159" sl="220" sc="0" el="220" ec="0" bec="0" bev="0" fileid="8" />
                <SequencePoint vc="0" uspid="234" ordinal="0" offset="189" sl="221" sc="0" el="221" ec="0" bec="0" bev="0" fileid="8" />
                <SequencePoint vc="0" uspid="235" ordinal="0" offset="196" sl="222" sc="0" el="222" ec="0" bec="0" bev="0" fileid="8" />
                <SequencePoint vc="0" uspid="236" ordinal="0" offset="197" sl="223" sc="0" el="223" ec="0" bec="0" bev="0" fileid="8" />
                <SequencePoint vc="0" uspid="237" ordinal="0" offset="198" sl="224" sc="0" el="224" ec="0" bec="0" bev="0" fileid="8" />
              </SequencePoints>
              <BranchPoints />
            </Method>
            <Method visited="false" cyclomaticComplexity="0" nPathComplexity="0" sequenceCoverage="0.0" branchCoverage="0" crapScore="0" isConstructor="false" isStatic="false" isGetter="false" isSetter="false">
              <Summary numSequencePoints="14" visitedSequencePoints="0" numBranchPoints="0" visitedBranchPoints="0" sequenceCoverage="0.0" branchCoverage="0" maxCyclomaticComplexity="0" minCyclomaticComplexity="0" maxCrapScore="0" minCrapScore="0" visitedClasses="0" numClasses="0" visitedMethods="0" numMethods="1" />
              <MetadataToken>100663330</MetadataToken>
              <Name>System.Void PlayerMovement::WallSlide(System.Boolean, System.Boolean)</Name>
              <FileRef uid="8" />
              <SequencePoints>
                <SequencePoint vc="0" uspid="238" ordinal="0" offset="0" sl="227" sc="0" el="227" ec="0" bec="0" bev="0" fileid="8" />
                <SequencePoint vc="0" uspid="239" ordinal="0" offset="1" sl="228" sc="0" el="228" ec="0" bec="0" bev="0" fileid="8" />
                <SequencePoint vc="0" uspid="240" ordinal="0" offset="8" sl="229" sc="0" el="229" ec="0" bec="0" bev="0" fileid="8" />
                <SequencePoint vc="0" uspid="241" ordinal="0" offset="9" sl="230" sc="0" el="230" ec="0" bec="0" bev="0" fileid="8" />
                <SequencePoint vc="0" uspid="242" ordinal="0" offset="21" sl="231" sc="0" el="231" ec="0" bec="0" bev="0" fileid="8" />
                <SequencePoint vc="0" uspid="243" ordinal="0" offset="22" sl="232" sc="0" el="232" ec="0" bec="0" bev="0" fileid="8" />
                <SequencePoint vc="0" uspid="244" ordinal="0" offset="73" sl="233" sc="0" el="233" ec="0" bec="0" bev="0" fileid="8" />
                <SequencePoint vc="0" uspid="245" ordinal="0" offset="74" sl="234" sc="0" el="234" ec="0" bec="0" bev="0" fileid="8" />
                <SequencePoint vc="0" uspid="246" ordinal="0" offset="81" sl="235" sc="0" el="235" ec="0" bec="0" bev="0" fileid="8" />
                <SequencePoint vc="0" uspid="247" ordinal="0" offset="147" sl="236" sc="0" el="236" ec="0" bec="0" bev="0" fileid="8" />
                <SequencePoint vc="0" uspid="248" ordinal="0" offset="150" sl="238" sc="0" el="238" ec="0" bec="0" bev="0" fileid="8" />
                <SequencePoint vc="0" uspid="249" ordinal="0" offset="151" sl="239" sc="0" el="239" ec="0" bec="0" bev="0" fileid="8" />
                <SequencePoint vc="0" uspid="250" ordinal="0" offset="158" sl="240" sc="0" el="240" ec="0" bec="0" bev="0" fileid="8" />
                <SequencePoint vc="0" uspid="251" ordinal="0" offset="159" sl="241" sc="0" el="241" ec="0" bec="0" bev="0" fileid="8" />
              </SequencePoints>
              <BranchPoints />
            </Method>
            <Method visited="false" cyclomaticComplexity="0" nPathComplexity="0" sequenceCoverage="0.0" branchCoverage="0" crapScore="0" isConstructor="false" isStatic="false" isGetter="false" isSetter="false">
              <Summary numSequencePoints="3" visitedSequencePoints="0" numBranchPoints="0" visitedBranchPoints="0" sequenceCoverage="0.0" branchCoverage="0" maxCyclomaticComplexity="0" minCyclomaticComplexity="0" maxCrapScore="0" minCrapScore="0" visitedClasses="0" numClasses="0" visitedMethods="0" numMethods="1" />
              <MetadataToken>100663331</MetadataToken>
              <Name>System.Void PlayerMovement::SetRespawnPoint(UnityEngine.Vector2)</Name>
              <FileRef uid="8" />
              <SequencePoints>
                <SequencePoint vc="0" uspid="252" ordinal="0" offset="0" sl="244" sc="0" el="244" ec="0" bec="0" bev="0" fileid="8" />
                <SequencePoint vc="0" uspid="253" ordinal="0" offset="1" sl="245" sc="0" el="245" ec="0" bec="0" bev="0" fileid="8" />
                <SequencePoint vc="0" uspid="254" ordinal="0" offset="8" sl="246" sc="0" el="246" ec="0" bec="0" bev="0" fileid="8" />
              </SequencePoints>
              <BranchPoints />
            </Method>
            <Method visited="false" cyclomaticComplexity="0" nPathComplexity="0" sequenceCoverage="0.0" branchCoverage="0" crapScore="0" isConstructor="false" isStatic="false" isGetter="false" isSetter="false">
              <Summary numSequencePoints="5" visitedSequencePoints="0" numBranchPoints="0" visitedBranchPoints="0" sequenceCoverage="0.0" branchCoverage="0" maxCyclomaticComplexity="0" minCyclomaticComplexity="0" maxCrapScore="0" minCrapScore="0" visitedClasses="0" numClasses="0" visitedMethods="0" numMethods="1" />
              <MetadataToken>100663333</MetadataToken>
              <Name>System.Void PlayerMovement::Die()</Name>
              <FileRef uid="8" />
              <SequencePoints>
                <SequencePoint vc="0" uspid="255" ordinal="0" offset="0" sl="256" sc="0" el="256" ec="0" bec="0" bev="0" fileid="8" />
                <SequencePoint vc="0" uspid="256" ordinal="0" offset="1" sl="257" sc="0" el="257" ec="0" bec="0" bev="0" fileid="8" />
                <SequencePoint vc="0" uspid="257" ordinal="0" offset="8" sl="258" sc="0" el="258" ec="0" bec="0" bev="0" fileid="8" />
                <SequencePoint vc="0" uspid="258" ordinal="0" offset="21" sl="259" sc="0" el="259" ec="0" bec="0" bev="0" fileid="8" />
                <SequencePoint vc="0" uspid="259" ordinal="0" offset="34" sl="260" sc="0" el="260" ec="0" bec="0" bev="0" fileid="8" />
              </SequencePoints>
              <BranchPoints />
            </Method>
            <Method visited="false" cyclomaticComplexity="0" nPathComplexity="0" sequenceCoverage="0.0" branchCoverage="0" crapScore="0" isConstructor="false" isStatic="false" isGetter="false" isSetter="false">
              <Summary numSequencePoints="3" visitedSequencePoints="0" numBranchPoints="0" visitedBranchPoints="0" sequenceCoverage="0.0" branchCoverage="0" maxCyclomaticComplexity="0" minCyclomaticComplexity="0" maxCrapScore="0" minCrapScore="0" visitedClasses="0" numClasses="0" visitedMethods="0" numMethods="1" />
              <MetadataToken>100663334</MetadataToken>
              <Name>System.Boolean PlayerMovement::IsGrounded()</Name>
              <FileRef uid="8" />
              <SequencePoints>
                <SequencePoint vc="0" uspid="260" ordinal="0" offset="0" sl="293" sc="0" el="293" ec="0" bec="0" bev="0" fileid="8" />
                <SequencePoint vc="0" uspid="261" ordinal="0" offset="1" sl="294" sc="0" el="294" ec="0" bec="0" bev="0" fileid="8" />
                <SequencePoint vc="0" uspid="262" ordinal="0" offset="88" sl="295" sc="0" el="295" ec="0" bec="0" bev="0" fileid="8" />
              </SequencePoints>
              <BranchPoints />
            </Method>
            <Method visited="false" cyclomaticComplexity="0" nPathComplexity="0" sequenceCoverage="0.0" branchCoverage="0" crapScore="0" isConstructor="false" isStatic="false" isGetter="false" isSetter="false">
              <Summary numSequencePoints="3" visitedSequencePoints="0" numBranchPoints="0" visitedBranchPoints="0" sequenceCoverage="0.0" branchCoverage="0" maxCyclomaticComplexity="0" minCyclomaticComplexity="0" maxCrapScore="0" minCrapScore="0" visitedClasses="0" numClasses="0" visitedMethods="0" numMethods="1" />
              <MetadataToken>100663335</MetadataToken>
              <Name>System.Boolean PlayerMovement::IsWalled()</Name>
              <FileRef uid="8" />
              <SequencePoints>
                <SequencePoint vc="0" uspid="263" ordinal="0" offset="0" sl="298" sc="0" el="298" ec="0" bec="0" bev="0" fileid="8" />
                <SequencePoint vc="0" uspid="264" ordinal="0" offset="1" sl="299" sc="0" el="299" ec="0" bec="0" bev="0" fileid="8" />
                <SequencePoint vc="0" uspid="265" ordinal="0" offset="46" sl="300" sc="0" el="300" ec="0" bec="0" bev="0" fileid="8" />
              </SequencePoints>
              <BranchPoints />
            </Method>
            <Method visited="false" cyclomaticComplexity="0" nPathComplexity="0" sequenceCoverage="0.0" branchCoverage="0" crapScore="0" isConstructor="false" isStatic="false" isGetter="false" isSetter="false">
              <Summary numSequencePoints="4" visitedSequencePoints="0" numBranchPoints="0" visitedBranchPoints="0" sequenceCoverage="0.0" branchCoverage="0" maxCyclomaticComplexity="0" minCyclomaticComplexity="0" maxCrapScore="0" minCrapScore="0" visitedClasses="0" numClasses="0" visitedMethods="0" numMethods="1" />
              <MetadataToken>100663336</MetadataToken>
              <Name>System.Void PlayerMovement::Flip()</Name>
              <FileRef uid="8" />
              <SequencePoints>
                <SequencePoint vc="0" uspid="266" ordinal="0" offset="0" sl="302" sc="0" el="302" ec="0" bec="0" bev="0" fileid="8" />
                <SequencePoint vc="0" uspid="267" ordinal="0" offset="1" sl="303" sc="0" el="303" ec="0" bec="0" bev="0" fileid="8" />
                <SequencePoint vc="0" uspid="268" ordinal="0" offset="16" sl="304" sc="0" el="304" ec="0" bec="0" bev="0" fileid="8" />
                <SequencePoint vc="0" uspid="269" ordinal="0" offset="48" sl="305" sc="0" el="305" ec="0" bec="0" bev="0" fileid="8" />
              </SequencePoints>
              <BranchPoints />
            </Method>
            <Method visited="false" cyclomaticComplexity="0" nPathComplexity="0" sequenceCoverage="0.0" branchCoverage="0" crapScore="0" isConstructor="false" isStatic="false" isGetter="false" isSetter="false">
              <Summary numSequencePoints="3" visitedSequencePoints="0" numBranchPoints="0" visitedBranchPoints="0" sequenceCoverage="0.0" branchCoverage="0" maxCyclomaticComplexity="0" minCyclomaticComplexity="0" maxCrapScore="0" minCrapScore="0" visitedClasses="0" numClasses="0" visitedMethods="0" numMethods="1" />
              <MetadataToken>100663337</MetadataToken>
              <Name>UnityEngine.Vector2 PlayerMovement::GetRespawnPoint()</Name>
              <FileRef uid="8" />
              <SequencePoints>
                <SequencePoint vc="0" uspid="270" ordinal="0" offset="0" sl="312" sc="0" el="312" ec="0" bec="0" bev="0" fileid="8" />
                <SequencePoint vc="0" uspid="271" ordinal="0" offset="1" sl="313" sc="0" el="313" ec="0" bec="0" bev="0" fileid="8" />
                <SequencePoint vc="0" uspid="272" ordinal="0" offset="10" sl="314" sc="0" el="314" ec="0" bec="0" bev="0" fileid="8" />
              </SequencePoints>
              <BranchPoints />
            </Method>
            <Method visited="false" cyclomaticComplexity="0" nPathComplexity="0" sequenceCoverage="0.0" branchCoverage="0" crapScore="0" isConstructor="false" isStatic="false" isGetter="false" isSetter="false">
              <Summary numSequencePoints="3" visitedSequencePoints="0" numBranchPoints="0" visitedBranchPoints="0" sequenceCoverage="0.0" branchCoverage="0" maxCyclomaticComplexity="0" minCyclomaticComplexity="0" maxCrapScore="0" minCrapScore="0" visitedClasses="0" numClasses="0" visitedMethods="0" numMethods="1" />
              <MetadataToken>100663338</MetadataToken>
              <Name>System.Boolean PlayerMovement::GetIsAlive()</Name>
              <FileRef uid="8" />
              <SequencePoints>
                <SequencePoint vc="0" uspid="273" ordinal="0" offset="0" sl="316" sc="0" el="316" ec="0" bec="0" bev="0" fileid="8" />
                <SequencePoint vc="0" uspid="274" ordinal="0" offset="1" sl="317" sc="0" el="317" ec="0" bec="0" bev="0" fileid="8" />
                <SequencePoint vc="0" uspid="275" ordinal="0" offset="10" sl="318" sc="0" el="318" ec="0" bec="0" bev="0" fileid="8" />
              </SequencePoints>
              <BranchPoints />
            </Method>
            <Method visited="false" cyclomaticComplexity="0" nPathComplexity="0" sequenceCoverage="0.0" branchCoverage="0" crapScore="0" isConstructor="false" isStatic="false" isGetter="false" isSetter="false">
              <Summary numSequencePoints="3" visitedSequencePoints="0" numBranchPoints="0" visitedBranchPoints="0" sequenceCoverage="0.0" branchCoverage="0" maxCyclomaticComplexity="0" minCyclomaticComplexity="0" maxCrapScore="0" minCrapScore="0" visitedClasses="0" numClasses="0" visitedMethods="0" numMethods="1" />
              <MetadataToken>100663339</MetadataToken>
              <Name>System.Boolean PlayerMovement::GetColliderEnabled()</Name>
              <FileRef uid="8" />
              <SequencePoints>
                <SequencePoint vc="0" uspid="276" ordinal="0" offset="0" sl="320" sc="0" el="320" ec="0" bec="0" bev="0" fileid="8" />
                <SequencePoint vc="0" uspid="277" ordinal="0" offset="1" sl="321" sc="0" el="321" ec="0" bec="0" bev="0" fileid="8" />
                <SequencePoint vc="0" uspid="278" ordinal="0" offset="15" sl="322" sc="0" el="322" ec="0" bec="0" bev="0" fileid="8" />
              </SequencePoints>
              <BranchPoints />
            </Method>
            <Method visited="false" cyclomaticComplexity="0" nPathComplexity="0" sequenceCoverage="0.0" branchCoverage="0" crapScore="0" isConstructor="false" isStatic="false" isGetter="false" isSetter="false">
              <Summary numSequencePoints="3" visitedSequencePoints="0" numBranchPoints="0" visitedBranchPoints="0" sequenceCoverage="0.0" branchCoverage="0" maxCyclomaticComplexity="0" minCyclomaticComplexity="0" maxCrapScore="0" minCrapScore="0" visitedClasses="0" numClasses="0" visitedMethods="0" numMethods="1" />
              <MetadataToken>100663340</MetadataToken>
              <Name>System.Single PlayerMovement::GetRespawnTime()</Name>
              <FileRef uid="8" />
              <SequencePoints>
                <SequencePoint vc="0" uspid="279" ordinal="0" offset="0" sl="324" sc="0" el="324" ec="0" bec="0" bev="0" fileid="8" />
                <SequencePoint vc="0" uspid="280" ordinal="0" offset="1" sl="325" sc="0" el="325" ec="0" bec="0" bev="0" fileid="8" />
                <SequencePoint vc="0" uspid="281" ordinal="0" offset="10" sl="326" sc="0" el="326" ec="0" bec="0" bev="0" fileid="8" />
              </SequencePoints>
              <BranchPoints />
            </Method>
            <Method visited="false" cyclomaticComplexity="0" nPathComplexity="0" sequenceCoverage="0.0" branchCoverage="0" crapScore="0" isConstructor="false" isStatic="false" isGetter="false" isSetter="false">
              <Summary numSequencePoints="3" visitedSequencePoints="0" numBranchPoints="0" visitedBranchPoints="0" sequenceCoverage="0.0" branchCoverage="0" maxCyclomaticComplexity="0" minCyclomaticComplexity="0" maxCrapScore="0" minCrapScore="0" visitedClasses="0" numClasses="0" visitedMethods="0" numMethods="1" />
              <MetadataToken>100663341</MetadataToken>
              <Name>System.Void PlayerMovement::SetMovingRight(System.Boolean)</Name>
              <FileRef uid="8" />
              <SequencePoints>
                <SequencePoint vc="0" uspid="282" ordinal="0" offset="0" sl="328" sc="0" el="328" ec="0" bec="0" bev="0" fileid="8" />
                <SequencePoint vc="0" uspid="283" ordinal="0" offset="1" sl="329" sc="0" el="329" ec="0" bec="0" bev="0" fileid="8" />
                <SequencePoint vc="0" uspid="284" ordinal="0" offset="8" sl="330" sc="0" el="330" ec="0" bec="0" bev="0" fileid="8" />
              </SequencePoints>
              <BranchPoints />
            </Method>
            <Method visited="false" cyclomaticComplexity="0" nPathComplexity="0" sequenceCoverage="0.0" branchCoverage="0" crapScore="0" isConstructor="false" isStatic="false" isGetter="false" isSetter="false">
              <Summary numSequencePoints="3" visitedSequencePoints="0" numBranchPoints="0" visitedBranchPoints="0" sequenceCoverage="0.0" branchCoverage="0" maxCyclomaticComplexity="0" minCyclomaticComplexity="0" maxCrapScore="0" minCrapScore="0" visitedClasses="0" numClasses="0" visitedMethods="0" numMethods="1" />
              <MetadataToken>100663342</MetadataToken>
              <Name>System.Void PlayerMovement::SetMovingLeft(System.Boolean)</Name>
              <FileRef uid="8" />
              <SequencePoints>
                <SequencePoint vc="0" uspid="285" ordinal="0" offset="0" sl="332" sc="0" el="332" ec="0" bec="0" bev="0" fileid="8" />
                <SequencePoint vc="0" uspid="286" ordinal="0" offset="1" sl="333" sc="0" el="333" ec="0" bec="0" bev="0" fileid="8" />
                <SequencePoint vc="0" uspid="287" ordinal="0" offset="8" sl="334" sc="0" el="334" ec="0" bec="0" bev="0" fileid="8" />
              </SequencePoints>
              <BranchPoints />
            </Method>
            <Method visited="false" cyclomaticComplexity="0" nPathComplexity="0" sequenceCoverage="0.0" branchCoverage="0" crapScore="0" isConstructor="false" isStatic="false" isGetter="false" isSetter="false">
              <Summary numSequencePoints="3" visitedSequencePoints="0" numBranchPoints="0" visitedBranchPoints="0" sequenceCoverage="0.0" branchCoverage="0" maxCyclomaticComplexity="0" minCyclomaticComplexity="0" maxCrapScore="0" minCrapScore="0" visitedClasses="0" numClasses="0" visitedMethods="0" numMethods="1" />
              <MetadataToken>100663343</MetadataToken>
              <Name>System.Void PlayerMovement::SetRigidBodyName(System.String)</Name>
              <FileRef uid="8" />
              <SequencePoints>
                <SequencePoint vc="0" uspid="288" ordinal="0" offset="0" sl="336" sc="0" el="336" ec="0" bec="0" bev="0" fileid="8" />
                <SequencePoint vc="0" uspid="289" ordinal="0" offset="1" sl="337" sc="0" el="337" ec="0" bec="0" bev="0" fileid="8" />
                <SequencePoint vc="0" uspid="290" ordinal="0" offset="14" sl="338" sc="0" el="338" ec="0" bec="0" bev="0" fileid="8" />
              </SequencePoints>
              <BranchPoints />
            </Method>
            <Method visited="false" cyclomaticComplexity="0" nPathComplexity="0" sequenceCoverage="0.0" branchCoverage="0" crapScore="0" isConstructor="false" isStatic="false" isGetter="false" isSetter="false">
              <Summary numSequencePoints="3" visitedSequencePoints="0" numBranchPoints="0" visitedBranchPoints="0" sequenceCoverage="0.0" branchCoverage="0" maxCyclomaticComplexity="0" minCyclomaticComplexity="0" maxCrapScore="0" minCrapScore="0" visitedClasses="0" numClasses="0" visitedMethods="0" numMethods="1" />
              <MetadataToken>100663344</MetadataToken>
              <Name>System.Void PlayerMovement::TestHandleMovement(System.Boolean, System.Boolean)</Name>
              <FileRef uid="8" />
              <SequencePoints>
                <SequencePoint vc="0" uspid="291" ordinal="0" offset="0" sl="340" sc="0" el="340" ec="0" bec="0" bev="0" fileid="8" />
                <SequencePoint vc="0" uspid="292" ordinal="0" offset="1" sl="341" sc="0" el="341" ec="0" bec="0" bev="0" fileid="8" />
                <SequencePoint vc="0" uspid="293" ordinal="0" offset="10" sl="342" sc="0" el="342" ec="0" bec="0" bev="0" fileid="8" />
              </SequencePoints>
              <BranchPoints />
            </Method>
            <Method visited="false" cyclomaticComplexity="0" nPathComplexity="0" sequenceCoverage="0.0" branchCoverage="0" crapScore="0" isConstructor="false" isStatic="false" isGetter="false" isSetter="false">
              <Summary numSequencePoints="3" visitedSequencePoints="0" numBranchPoints="0" visitedBranchPoints="0" sequenceCoverage="0.0" branchCoverage="0" maxCyclomaticComplexity="0" minCyclomaticComplexity="0" maxCrapScore="0" minCrapScore="0" visitedClasses="0" numClasses="0" visitedMethods="0" numMethods="1" />
[...]
          <FullName>UITests/&lt;Level4_Changes_Scene_To_Next_One&gt;d__4</FullName>
          <Methods>
            <Method visited="false" cyclomaticComplexity="0" nPathComplexity="0" sequenceCoverage="0.0" branchCoverage="0" crapScore="0" isConstructor="false" isStatic="false" isGetter="false" isSetter="false">
              <Summary numSequencePoints="10" visitedSequencePoints="0" numBranchPoints="0" visitedBranchPoints="0" sequenceCoverage="0.0" branchCoverage="0" maxCyclomaticComplexity="0" minCyclomaticComplexity="0" maxCrapScore="0" minCrapScore="0" visitedClasses="0" numClasses="0" visitedMethods="0" numMethods="1" />
              <MetadataToken>100663400</MetadataToken>
              <Name>System.Boolean UITests/&lt;Level4_Changes_Scene_To_Next_One&gt;d__4::MoveNext()</Name>
              <FileRef uid="12" />
              <SequencePoints>
                <SequencePoint vc="0" uspid="478" ordinal="0" offset="42" sl="85" sc="0" el="85" ec="0" bec="0" bev="0" fileid="12" />
                <SequencePoint vc="0" uspid="479" ordinal="0" offset="43" sl="87" sc="0" el="87" ec="0" bec="0" bev="0" fileid="12" />
                <SequencePoint vc="0" uspid="480" ordinal="0" offset="54" sl="88" sc="0" el="88" ec="0" bec="0" bev="0" fileid="12" />
                <SequencePoint vc="0" uspid="481" ordinal="0" offset="77" sl="89" sc="0" el="89" ec="0" bec="0" bev="0" fileid="12" />
                <SequencePoint vc="0" uspid="482" ordinal="0" offset="93" sl="90" sc="0" el="90" ec="0" bec="0" bev="0" fileid="12" />
                <SequencePoint vc="0" uspid="483" ordinal="0" offset="112" sl="91" sc="0" el="91" ec="0" bec="0" bev="0" fileid="12" />
                <SequencePoint vc="0" uspid="484" ordinal="0" offset="126" sl="94" sc="0" el="94" ec="0" bec="0" bev="0" fileid="12" />
                <SequencePoint vc="0" uspid="485" ordinal="0" offset="138" sl="95" sc="0" el="95" ec="0" bec="0" bev="0" fileid="12" />
                <SequencePoint vc="0" uspid="486" ordinal="0" offset="161" sl="98" sc="0" el="98" ec="0" bec="0" bev="0" fileid="12" />
                <SequencePoint vc="0" uspid="487" ordinal="0" offset="196" sl="99" sc="0" el="99" ec="0" bec="0" bev="0" fileid="12" />
              </SequencePoints>
              <BranchPoints />
            </Method>
          </Methods>
        </Class>
        <Class>
          <Summary numSequencePoints="8" visitedSequencePoints="0" numBranchPoints="0" visitedBranchPoints="0" sequenceCoverage="0.0" branchCoverage="0.0" maxCyclomaticComplexity="0" minCyclomaticComplexity="0" maxCrapScore="0" minCrapScore="0" visitedClasses="0" numClasses="1" visitedMethods="0" numMethods="1" />
          <FullName>UITests/&lt;MainMeniu_Changes_Scene_To_StartMenu_And_Resets_TimeScale&gt;d__11</FullName>
          <Methods>
            <Method visited="false" cyclomaticComplexity="0" nPathComplexity="0" sequenceCoverage="0.0" branchCoverage="0" crapScore="0" isConstructor="false" isStatic="false" isGetter="false" isSetter="false">
              <Summary numSequencePoints="8" visitedSequencePoints="0" numBranchPoints="0" visitedBranchPoints="0" sequenceCoverage="0.0" branchCoverage="0" maxCyclomaticComplexity="0" minCyclomaticComplexity="0" maxCrapScore="0" minCrapScore="0" visitedClasses="0" numClasses="0" visitedMethods="0" numMethods="1" />
              <MetadataToken>100663406</MetadataToken>
              <Name>System.Boolean UITests/&lt;MainMeniu_Changes_Scene_To_StartMenu_And_Resets_TimeScale&gt;d__11::MoveNext()</Name>
              <FileRef uid="12" />
              <SequencePoints>
                <SequencePoint vc="0" uspid="488" ordinal="0" offset="31" sl="203" sc="0" el="203" ec="0" bec="0" bev="0" fileid="12" />
                <SequencePoint vc="0" uspid="489" ordinal="0" offset="32" sl="205" sc="0" el="205" ec="0" bec="0" bev="0" fileid="12" />
                <SequencePoint vc="0" uspid="490" ordinal="0" offset="48" sl="206" sc="0" el="206" ec="0" bec="0" bev="0" fileid="12" />
                <SequencePoint vc="0" uspid="491" ordinal="0" offset="59" sl="209" sc="0" el="209" ec="0" bec="0" bev="0" fileid="12" />
                <SequencePoint vc="0" uspid="492" ordinal="0" offset="71" sl="210" sc="0" el="210" ec="0" bec="0" bev="0" fileid="12" />
                <SequencePoint vc="0" uspid="493" ordinal="0" offset="94" sl="213" sc="0" el="213" ec="0" bec="0" bev="0" fileid="12" />
                <SequencePoint vc="0" uspid="494" ordinal="0" offset="118" sl="214" sc="0" el="214" ec="0" bec="0" bev="0" fileid="12" />
                <SequencePoint vc="0" uspid="495" ordinal="0" offset="144" sl="215" sc="0" el="215" ec="0" bec="0" bev="0" fileid="12" />
              </SequencePoints>
              <BranchPoints />
            </Method>
          </Methods>
        </Class>
        <Class>
          <Summary numSequencePoints="10" visitedSequencePoints="0" numBranchPoints="0" visitedBranchPoints="0" sequenceCoverage="0.0" branchCoverage="0.0" maxCyclomaticComplexity="0" minCyclomaticComplexity="0" maxCrapScore="0" minCrapScore="0" visitedClasses="0" numClasses="1" visitedMethods="0" numMethods="1" />
          <FullName>UITests/&lt;NextLevel_Changes_Scene_To_Next_One_And_Resets_TimeScale&gt;d__10</FullName>
          <Methods>
            <Method visited="false" cyclomaticComplexity="0" nPathComplexity="0" sequenceCoverage="0.0" branchCoverage="0" crapScore="0" isConstructor="false" isStatic="false" isGetter="false" isSetter="false">
              <Summary numSequencePoints="10" visitedSequencePoints="0" numBranchPoints="0" visitedBranchPoints="0" sequenceCoverage="0.0" branchCoverage="0" maxCyclomaticComplexity="0" minCyclomaticComplexity="0" maxCrapScore="0" minCrapScore="0" visitedClasses="0" numClasses="0" visitedMethods="0" numMethods="1" />
              <MetadataToken>100663412</MetadataToken>
              <Name>System.Boolean UITests/&lt;NextLevel_Changes_Scene_To_Next_One_And_Resets_TimeScale&gt;d__10::MoveNext()</Name>
              <FileRef uid="12" />
              <SequencePoints>
                <SequencePoint vc="0" uspid="496" ordinal="0" offset="31" sl="185" sc="0" el="185" ec="0" bec="0" bev="0" fileid="12" />
                <SequencePoint vc="0" uspid="497" ordinal="0" offset="32" sl="187" sc="0" el="187" ec="0" bec="0" bev="0" fileid="12" />
                <SequencePoint vc="0" uspid="498" ordinal="0" offset="48" sl="188" sc="0" el="188" ec="0" bec="0" bev="0" fileid="12" />
                <SequencePoint vc="0" uspid="499" ordinal="0" offset="67" sl="189" sc="0" el="189" ec="0" bec="0" bev="0" fileid="12" />
                <SequencePoint vc="0" uspid="500" ordinal="0" offset="81" sl="190" sc="0" el="190" ec="0" bec="0" bev="0" fileid="12" />
                <SequencePoint vc="0" uspid="501" ordinal="0" offset="92" sl="193" sc="0" el="193" ec="0" bec="0" bev="0" fileid="12" />
                <SequencePoint vc="0" uspid="502" ordinal="0" offset="104" sl="194" sc="0" el="194" ec="0" bec="0" bev="0" fileid="12" />
                <SequencePoint vc="0" uspid="503" ordinal="0" offset="127" sl="197" sc="0" el="197" ec="0" bec="0" bev="0" fileid="12" />
                <SequencePoint vc="0" uspid="504" ordinal="0" offset="162" sl="198" sc="0" el="198" ec="0" bec="0" bev="0" fileid="12" />
                <SequencePoint vc="0" uspid="505" ordinal="0" offset="188" sl="199" sc="0" el="199" ec="0" bec="0" bev="0" fileid="12" />
              </SequencePoints>
              <BranchPoints />
            </Method>
          </Methods>
        </Class>
        <Class>
          <Summary numSequencePoints="7" visitedSequencePoints="0" numBranchPoints="0" visitedBranchPoints="0" sequenceCoverage="0.0" branchCoverage="0.0" maxCyclomaticComplexity="0" minCyclomaticComplexity="0" maxCrapScore="0" minCrapScore="0" visitedClasses="0" numClasses="1" visitedMethods="0" numMethods="1" />
          <FullName>UITests/&lt;NextLevel_Loads_Next_Scene&gt;d__7</FullName>
          <Methods>
            <Method visited="false" cyclomaticComplexity="0" nPathComplexity="0" sequenceCoverage="0.0" branchCoverage="0" crapScore="0" isConstructor="false" isStatic="false" isGetter="false" isSetter="false">
              <Summary numSequencePoints="7" visitedSequencePoints="0" numBranchPoints="0" visitedBranchPoints="0" sequenceCoverage="0.0" branchCoverage="0" maxCyclomaticComplexity="0" minCyclomaticComplexity="0" maxCrapScore="0" minCrapScore="0" visitedClasses="0" numClasses="0" visitedMethods="0" numMethods="1" />
              <MetadataToken>100663418</MetadataToken>
              <Name>System.Boolean UITests/&lt;NextLevel_Loads_Next_Scene&gt;d__7::MoveNext()</Name>
              <FileRef uid="12" />
              <SequencePoints>
                <SequencePoint vc="0" uspid="506" ordinal="0" offset="31" sl="134" sc="0" el="134" ec="0" bec="0" bev="0" fileid="12" />
                <SequencePoint vc="0" uspid="507" ordinal="0" offset="32" sl="136" sc="0" el="136" ec="0" bec="0" bev="0" fileid="12" />
                <SequencePoint vc="0" uspid="508" ordinal="0" offset="48" sl="137" sc="0" el="137" ec="0" bec="0" bev="0" fileid="12" />
                <SequencePoint vc="0" uspid="509" ordinal="0" offset="67" sl="140" sc="0" el="140" ec="0" bec="0" bev="0" fileid="12" />
                <SequencePoint vc="0" uspid="510" ordinal="0" offset="79" sl="141" sc="0" el="141" ec="0" bec="0" bev="0" fileid="12" />
                <SequencePoint vc="0" uspid="511" ordinal="0" offset="102" sl="144" sc="0" el="144" ec="0" bec="0" bev="0" fileid="12" />
                <SequencePoint vc="0" uspid="512" ordinal="0" offset="139" sl="145" sc="0" el="145" ec="0" bec="0" bev="0" fileid="12" />
              </SequencePoints>
              <BranchPoints />
            </Method>
          </Methods>
        </Class>
        <Class>
          <Summary numSequencePoints="7" visitedSequencePoints="0" numBranchPoints="0" visitedBranchPoints="0" sequenceCoverage="0.0" branchCoverage="0.0" maxCyclomaticComplexity="0" minCyclomaticComplexity="0" maxCrapScore="0" minCrapScore="0" visitedClasses="0" numClasses="1" visitedMethods="0" numMethods="1" />
          <FullName>UITests/&lt;PlayAgain_Loads_Same_Scene&gt;d__6</FullName>
          <Methods>
            <Method visited="false" cyclomaticComplexity="0" nPathComplexity="0" sequenceCoverage="0.0" branchCoverage="0" crapScore="0" isConstructor="false" isStatic="false" isGetter="false" isSetter="false">
              <Summary numSequencePoints="7" visitedSequencePoints="0" numBranchPoints="0" visitedBranchPoints="0" sequenceCoverage="0.0" branchCoverage="0" maxCyclomaticComplexity="0" minCyclomaticComplexity="0" maxCrapScore="0" minCrapScore="0" visitedClasses="0" numClasses="0" visitedMethods="0" numMethods="1" />
              <MetadataToken>100663424</MetadataToken>
              <Name>System.Boolean UITests/&lt;PlayAgain_Loads_Same_Scene&gt;d__6::MoveNext()</Name>
              <FileRef uid="12" />
              <SequencePoints>
                <SequencePoint vc="0" uspid="513" ordinal="0" offset="31" sl="119" sc="0" el="119" ec="0" bec="0" bev="0" fileid="12" />
                <SequencePoint vc="0" uspid="514" ordinal="0" offset="32" sl="121" sc="0" el="121" ec="0" bec="0" bev="0" fileid="12" />
                <SequencePoint vc="0" uspid="515" ordinal="0" offset="48" sl="122" sc="0" el="122" ec="0" bec="0" bev="0" fileid="12" />
                <SequencePoint vc="0" uspid="516" ordinal="0" offset="67" sl="125" sc="0" el="125" ec="0" bec="0" bev="0" fileid="12" />
                <SequencePoint vc="0" uspid="517" ordinal="0" offset="79" sl="126" sc="0" el="126" ec="0" bec="0" bev="0" fileid="12" />
                <SequencePoint vc="0" uspid="518" ordinal="0" offset="102" sl="129" sc="0" el="129" ec="0" bec="0" bev="0" fileid="12" />
                <SequencePoint vc="0" uspid="519" ordinal="0" offset="137" sl="130" sc="0" el="130" ec="0" bec="0" bev="0" fileid="12" />
              </SequencePoints>
              <BranchPoints />
            </Method>
          </Methods>
        </Class>
        <Class>
          <Summary numSequencePoints="9" visitedSequencePoints="0" numBranchPoints="0" visitedBranchPoints="0" sequenceCoverage="0.0" branchCoverage="0.0" maxCyclomaticComplexity="0" minCyclomaticComplexity="0" maxCrapScore="0" minCrapScore="0" visitedClasses="0" numClasses="1" visitedMethods="0" numMethods="1" />
          <FullName>UITests/&lt;PlayAgain_Reloads_Current_Scene_And_Resets_TimeScale&gt;d__9</FullName>
          <Methods>
            <Method visited="false" cyclomaticComplexity="0" nPathComplexity="0" sequenceCoverage="0.0" branchCoverage="0" crapScore="0" isConstructor="false" isStatic="false" isGetter="false" isSetter="false">
              <Summary numSequencePoints="9" visitedSequencePoints="0" numBranchPoints="0" visitedBranchPoints="0" sequenceCoverage="0.0" branchCoverage="0" maxCyclomaticComplexity="0" minCyclomaticComplexity="0" maxCrapScore="0" minCrapScore="0" visitedClasses="0" numClasses="0" visitedMethods="0" numMethods="1" />
              <MetadataToken>100663430</MetadataToken>
              <Name>System.Boolean UITests/&lt;PlayAgain_Reloads_Current_Scene_And_Resets_TimeScale&gt;d__9::MoveNext()</Name>
              <FileRef uid="12" />
              <SequencePoints>
                <SequencePoint vc="0" uspid="520" ordinal="0" offset="31" sl="168" sc="0" el="168" ec="0" bec="0" bev="0" fileid="12" />
                <SequencePoint vc="0" uspid="521" ordinal="0" offset="32" sl="170" sc="0" el="170" ec="0" bec="0" bev="0" fileid="12" />
                <SequencePoint vc="0" uspid="522" ordinal="0" offset="48" sl="171" sc="0" el="171" ec="0" bec="0" bev="0" fileid="12" />
                <SequencePoint vc="0" uspid="523" ordinal="0" offset="67" sl="172" sc="0" el="172" ec="0" bec="0" bev="0" fileid="12" />
                <SequencePoint vc="0" uspid="524" ordinal="0" offset="78" sl="175" sc="0" el="175" ec="0" bec="0" bev="0" fileid="12" />
                <SequencePoint vc="0" uspid="525" ordinal="0" offset="90" sl="176" sc="0" el="176" ec="0" bec="0" bev="0" fileid="12" />
                <SequencePoint vc="0" uspid="526" ordinal="0" offset="113" sl="179" sc="0" el="179" ec="0" bec="0" bev="0" fileid="12" />
                <SequencePoint vc="0" uspid="527" ordinal="0" offset="148" sl="180" sc="0" el="180" ec="0" bec="0" bev="0" fileid="12" />
                <SequencePoint vc="0" uspid="528" ordinal="0" offset="174" sl="181" sc="0" el="181" ec="0" bec="0" bev="0" fileid="12" />
              </SequencePoints>
              <BranchPoints />
            </Method>
          </Methods>
        </Class>
        <Class>
          <Summary numSequencePoints="8" visitedSequencePoints="0" numBranchPoints="0" visitedBranchPoints="0" sequenceCoverage="0.0" branchCoverage="0.0" maxCyclomaticComplexity="0" minCyclomaticComplexity="0" maxCrapScore="0" minCrapScore="0" visitedClasses="0" numClasses="1" visitedMethods="0" numMethods="1" />
          <FullName>UITests/&lt;QuickStart_Changes_Scene_To_Level1_And_Resets_TimeScale&gt;d__5</FullName>
          <Methods>
            <Method visited="false" cyclomaticComplexity="0" nPathComplexity="0" sequenceCoverage="0.0" branchCoverage="0" crapScore="0" isConstructor="false" isStatic="false" isGetter="false" isSetter="false">
              <Summary numSequencePoints="8" visitedSequencePoints="0" numBranchPoints="0" visitedBranchPoints="0" sequenceCoverage="0.0" branchCoverage="0" maxCyclomaticComplexity="0" minCyclomaticComplexity="0" maxCrapScore="0" minCrapScore="0" visitedClasses="0" numClasses="0" visitedMethods="0" numMethods="1" />
              <MetadataToken>100663436</MetadataToken>
              <Name>System.Boolean UITests/&lt;QuickStart_Changes_Scene_To_Level1_And_Resets_TimeScale&gt;d__5::MoveNext()</Name>
              <FileRef uid="12" />
              <SequencePoints>
                <SequencePoint vc="0" uspid="529" ordinal="0" offset="31" sl="103" sc="0" el="103" ec="0" bec="0" bev="0" fileid="12" />
                <SequencePoint vc="0" uspid="530" ordinal="0" offset="32" sl="105" sc="0" el="105" ec="0" bec="0" bev="0" fileid="12" />
                <SequencePoint vc="0" uspid="531" ordinal="0" offset="48" sl="106" sc="0" el="106" ec="0" bec="0" bev="0" fileid="12" />
                <SequencePoint vc="0" uspid="532" ordinal="0" offset="59" sl="109" sc="0" el="109" ec="0" bec="0" bev="0" fileid="12" />
                <SequencePoint vc="0" uspid="533" ordinal="0" offset="71" sl="110" sc="0" el="110" ec="0" bec="0" bev="0" fileid="12" />
                <SequencePoint vc="0" uspid="534" ordinal="0" offset="94" sl="113" sc="0" el="113" ec="0" bec="0" bev="0" fileid="12" />
                <SequencePoint vc="0" uspid="535" ordinal="0" offset="118" sl="114" sc="0" el="114" ec="0" bec="0" bev="0" fileid="12" />
                <SequencePoint vc="0" uspid="536" ordinal="0" offset="144" sl="115" sc="0" el="115" ec="0" bec="0" bev="0" fileid="12" />
              </SequencePoints>
              <BranchPoints />
            </Method>
          </Methods>
        </Class>
        <Class>
          <Summary numSequencePoints="9" visitedSequencePoints="0" numBranchPoints="0" visitedBranchPoints="0" sequenceCoverage="0.0" branchCoverage="0.0" maxCyclomaticComplexity="0" minCyclomaticComplexity="0" maxCrapScore="0" minCrapScore="0" visitedClasses="0" numClasses="1" visitedMethods="0" numMethods="1" />
          <FullName>UITests/&lt;YouWin_Activates_YouWinUI_And_Stops_Time&gt;d__8</FullName>
          <Methods>
            <Method visited="false" cyclomaticComplexity="0" nPathComplexity="0" sequenceCoverage="0.0" branchCoverage="0" crapScore="0" isConstructor="false" isStatic="false" isGetter="false" isSetter="false">
              <Summary numSequencePoints="9" visitedSequencePoints="0" numBranchPoints="0" visitedBranchPoints="0" sequenceCoverage="0.0" branchCoverage="0" maxCyclomaticComplexity="0" minCyclomaticComplexity="0" maxCrapScore="0" minCrapScore="0" visitedClasses="0" numClasses="0" visitedMethods="0" numMethods="1" />
              <MetadataToken>100663442</MetadataToken>
              <Name>System.Boolean UITests/&lt;YouWin_Activates_YouWinUI_And_Stops_Time&gt;d__8::MoveNext()</Name>
              <FileRef uid="12" />
              <SequencePoints>
                <SequencePoint vc="0" uspid="537" ordinal="0" offset="31" sl="149" sc="0" el="149" ec="0" bec="0" bev="0" fileid="12" />
                <SequencePoint vc="0" uspid="538" ordinal="0" offset="32" sl="151" sc="0" el="151" ec="0" bec="0" bev="0" fileid="12" />
                <SequencePoint vc="0" uspid="539" ordinal="0" offset="48" sl="152" sc="0" el="152" ec="0" bec="0" bev="0" fileid="12" />
                <SequencePoint vc="0" uspid="540" ordinal="0" offset="64" sl="153" sc="0" el="153" ec="0" bec="0" bev="0" fileid="12" />
                <SequencePoint vc="0" uspid="541" ordinal="0" offset="82" sl="156" sc="0" el="156" ec="0" bec="0" bev="0" fileid="12" />
                <SequencePoint vc="0" uspid="542" ordinal="0" offset="94" sl="157" sc="0" el="157" ec="0" bec="0" bev="0" fileid="12" />
                <SequencePoint vc="0" uspid="543" ordinal="0" offset="117" sl="160" sc="0" el="160" ec="0" bec="0" bev="0" fileid="12" />
                <SequencePoint vc="0" uspid="544" ordinal="0" offset="139" sl="161" sc="0" el="161" ec="0" bec="0" bev="0" fileid="12" />
                <SequencePoint vc="0" uspid="545" ordinal="0" offset="165" sl="162" sc="0" el="162" ec="0" bec="0" bev="0" fileid="12" />
              </SequencePoints>
              <BranchPoints />
            </Method>
          </Methods>
        </Class>
      </Classes>
    </Module>
  </Modules>
</CoverageSession>