<?xml version="1.0" encoding="utf-8"?>
<CoverageSession xmlns:xsd="http://www.w3.org/2001/XMLSchema" xmlns:xsi="http://www.w3.org/2001/XMLSchema-instance" Version="0.0.0.0">
  <Summary numSequencePoints="441" visitedSequencePoints="395" numBranchPoints="0" visitedBranchPoints="0" sequenceCoverage="89.57" branchCoverage="0.0" maxCyclomaticComplexity="0" minCyclomaticComplexity="0" maxCrapScore="0" minCrapScore="0" visitedClasses="27" numClasses="27" visitedMethods="61" numMethods="61" />
  <Modules>
    <Module>
      <Summary numSequencePoints="247" visitedSequencePoints="206" numBranchPoints="0" visitedBranchPoints="0" sequenceCoverage="83.40" branchCoverage="0.0" maxCyclomaticComplexity="0" minCyclomaticComplexity="0" maxCrapScore="0" minCrapScore="0" visitedClasses="5" numClasses="5" visitedMethods="38" numMethods="38" />
      <ModuleTime>0001-01-01T00:00:00</ModuleTime>
      <ModuleName>GameScripts</ModuleName>
      <Files>
        <File uid="2" fullPath="/Users/gabijamatulyte/Desktop/suniuks-sviestuks/Assets/Scripts/ChooseLevel.cs" />
        <File uid="3" fullPath="/Users/gabijamatulyte/Desktop/suniuks-sviestuks/Assets/Scripts/FinishLevel.cs" />
        <File uid="4" fullPath="/Users/gabijamatulyte/Desktop/suniuks-sviestuks/Assets/Scripts/GameController.cs" />
        <File uid="5" fullPath="/Users/gabijamatulyte/Desktop/suniuks-sviestuks/Assets/Scripts/InstantDeath.cs" />
        <File uid="6" fullPath="/Users/gabijamatulyte/Desktop/suniuks-sviestuks/Assets/Scripts/IsOnButter.cs" />
        <File uid="7" fullPath="/Users/gabijamatulyte/Desktop/suniuks-sviestuks/Assets/Scripts/ObstacleDeath.cs" />
        <File uid="8" fullPath="/Users/gabijamatulyte/Desktop/suniuks-sviestuks/Assets/Scripts/PlayerMovement.cs" />
        <File uid="9" fullPath="/Users/gabijamatulyte/Desktop/suniuks-sviestuks/Assets/Scripts/StartMenu.cs" />
      </Files>
      <Classes>
        <Class>
          <Summary numSequencePoints="19" visitedSequencePoints="19" numBranchPoints="0" visitedBranchPoints="0" sequenceCoverage="100.0" branchCoverage="0.0" maxCyclomaticComplexity="0" minCyclomaticComplexity="0" maxCrapScore="0" minCrapScore="0" visitedClasses="1" numClasses="1" visitedMethods="6" numMethods="6" />
          <FullName>ChooseLevel</FullName>
          <Methods>
            <Method visited="true" cyclomaticComplexity="0" nPathComplexity="0" sequenceCoverage="100.0" branchCoverage="0" crapScore="0" isConstructor="false" isStatic="false" isGetter="false" isSetter="false">
              <Summary numSequencePoints="3" visitedSequencePoints="3" numBranchPoints="0" visitedBranchPoints="0" sequenceCoverage="100.0" branchCoverage="0" maxCyclomaticComplexity="0" minCyclomaticComplexity="0" maxCrapScore="0" minCrapScore="0" visitedClasses="0" numClasses="0" visitedMethods="1" numMethods="1" />
              <MetadataToken>100663297</MetadataToken>
              <Name>System.Void ChooseLevel::Back()</Name>
              <FileRef uid="2" />
              <SequencePoints>
                <SequencePoint vc="1" uspid="552" ordinal="0" offset="0" sl="9" sc="5" el="9" ec="5" bec="0" bev="0" fileid="2" />
                <SequencePoint vc="1" uspid="553" ordinal="0" offset="1" sl="10" sc="9" el="10" ec="9" bec="0" bev="0" fileid="2" />
                <SequencePoint vc="1" uspid="554" ordinal="0" offset="22" sl="11" sc="5" el="11" ec="5" bec="0" bev="0" fileid="2" />
              </SequencePoints>
              <BranchPoints />
            </Method>
            <Method visited="true" cyclomaticComplexity="0" nPathComplexity="0" sequenceCoverage="100.0" branchCoverage="0" crapScore="0" isConstructor="false" isStatic="false" isGetter="false" isSetter="false">
              <Summary numSequencePoints="3" visitedSequencePoints="3" numBranchPoints="0" visitedBranchPoints="0" sequenceCoverage="100.0" branchCoverage="0" maxCyclomaticComplexity="0" minCyclomaticComplexity="0" maxCrapScore="0" minCrapScore="0" visitedClasses="0" numClasses="0" visitedMethods="1" numMethods="1" />
              <MetadataToken>100663298</MetadataToken>
              <Name>System.Void ChooseLevel::Level1()</Name>
              <FileRef uid="2" />
              <SequencePoints>
                <SequencePoint vc="1" uspid="555" ordinal="0" offset="0" sl="13" sc="5" el="13" ec="5" bec="0" bev="0" fileid="2" />
                <SequencePoint vc="1" uspid="556" ordinal="0" offset="1" sl="14" sc="9" el="14" ec="9" bec="0" bev="0" fileid="2" />
                <SequencePoint vc="1" uspid="557" ordinal="0" offset="22" sl="15" sc="5" el="15" ec="5" bec="0" bev="0" fileid="2" />
              </SequencePoints>
              <BranchPoints />
            </Method>
            <Method visited="true" cyclomaticComplexity="0" nPathComplexity="0" sequenceCoverage="100.0" branchCoverage="0" crapScore="0" isConstructor="false" isStatic="false" isGetter="false" isSetter="false">
              <Summary numSequencePoints="3" visitedSequencePoints="3" numBranchPoints="0" visitedBranchPoints="0" sequenceCoverage="100.0" branchCoverage="0" maxCyclomaticComplexity="0" minCyclomaticComplexity="0" maxCrapScore="0" minCrapScore="0" visitedClasses="0" numClasses="0" visitedMethods="1" numMethods="1" />
              <MetadataToken>100663299</MetadataToken>
              <Name>System.Void ChooseLevel::Level2()</Name>
              <FileRef uid="2" />
              <SequencePoints>
                <SequencePoint vc="1" uspid="558" ordinal="0" offset="0" sl="17" sc="5" el="17" ec="5" bec="0" bev="0" fileid="2" />
                <SequencePoint vc="1" uspid="559" ordinal="0" offset="1" sl="18" sc="9" el="18" ec="9" bec="0" bev="0" fileid="2" />
                <SequencePoint vc="1" uspid="560" ordinal="0" offset="22" sl="19" sc="5" el="19" ec="5" bec="0" bev="0" fileid="2" />
              </SequencePoints>
              <BranchPoints />
            </Method>
            <Method visited="true" cyclomaticComplexity="0" nPathComplexity="0" sequenceCoverage="100.0" branchCoverage="0" crapScore="0" isConstructor="false" isStatic="false" isGetter="false" isSetter="false">
              <Summary numSequencePoints="3" visitedSequencePoints="3" numBranchPoints="0" visitedBranchPoints="0" sequenceCoverage="100.0" branchCoverage="0" maxCyclomaticComplexity="0" minCyclomaticComplexity="0" maxCrapScore="0" minCrapScore="0" visitedClasses="0" numClasses="0" visitedMethods="1" numMethods="1" />
              <MetadataToken>100663300</MetadataToken>
              <Name>System.Void ChooseLevel::Level3()</Name>
              <FileRef uid="2" />
              <SequencePoints>
                <SequencePoint vc="1" uspid="561" ordinal="0" offset="0" sl="21" sc="5" el="21" ec="5" bec="0" bev="0" fileid="2" />
                <SequencePoint vc="1" uspid="562" ordinal="0" offset="1" sl="22" sc="9" el="22" ec="9" bec="0" bev="0" fileid="2" />
                <SequencePoint vc="1" uspid="563" ordinal="0" offset="22" sl="23" sc="5" el="23" ec="5" bec="0" bev="0" fileid="2" />
              </SequencePoints>
              <BranchPoints />
            </Method>
            <Method visited="true" cyclomaticComplexity="0" nPathComplexity="0" sequenceCoverage="100.0" branchCoverage="0" crapScore="0" isConstructor="false" isStatic="false" isGetter="false" isSetter="false">
              <Summary numSequencePoints="3" visitedSequencePoints="3" numBranchPoints="0" visitedBranchPoints="0" sequenceCoverage="100.0" branchCoverage="0" maxCyclomaticComplexity="0" minCyclomaticComplexity="0" maxCrapScore="0" minCrapScore="0" visitedClasses="0" numClasses="0" visitedMethods="1" numMethods="1" />
              <MetadataToken>100663301</MetadataToken>
              <Name>System.Void ChooseLevel::Level4()</Name>
              <FileRef uid="2" />
              <SequencePoints>
                <SequencePoint vc="1" uspid="564" ordinal="0" offset="0" sl="25" sc="5" el="25" ec="5" bec="0" bev="0" fileid="2" />
                <SequencePoint vc="1" uspid="565" ordinal="0" offset="1" sl="26" sc="9" el="26" ec="9" bec="0" bev="0" fileid="2" />
                <SequencePoint vc="1" uspid="566" ordinal="0" offset="22" sl="27" sc="5" el="27" ec="5" bec="0" bev="0" fileid="2" />
              </SequencePoints>
              <BranchPoints />
            </Method>
            <Method visited="true" cyclomaticComplexity="0" nPathComplexity="0" sequenceCoverage="100.0" branchCoverage="0" crapScore="0" isConstructor="false" isStatic="false" isGetter="false" isSetter="false">
              <Summary numSequencePoints="4" visitedSequencePoints="4" numBranchPoints="0" visitedBranchPoints="0" sequenceCoverage="100.0" branchCoverage="0" maxCyclomaticComplexity="0" minCyclomaticComplexity="0" maxCrapScore="0" minCrapScore="0" visitedClasses="0" numClasses="0" visitedMethods="1" numMethods="1" />
              <MetadataToken>100663304</MetadataToken>
              <Name>System.Void ChooseLevel::QuickStart()</Name>
              <FileRef uid="2" />
              <SequencePoints>
                <SequencePoint vc="1" uspid="573" ordinal="0" offset="0" sl="40" sc="5" el="40" ec="5" bec="0" bev="0" fileid="2" />
                <SequencePoint vc="1" uspid="574" ordinal="0" offset="1" sl="41" sc="9" el="41" ec="9" bec="0" bev="0" fileid="2" />
                <SequencePoint vc="1" uspid="575" ordinal="0" offset="12" sl="42" sc="9" el="42" ec="9" bec="0" bev="0" fileid="2" />
                <SequencePoint vc="1" uspid="576" ordinal="0" offset="23" sl="43" sc="5" el="43" ec="5" bec="0" bev="0" fileid="2" />
              </SequencePoints>
              <BranchPoints />
            </Method>
          </Methods>
        </Class>
        <Class>
          <Summary numSequencePoints="16" visitedSequencePoints="16" numBranchPoints="0" visitedBranchPoints="0" sequenceCoverage="100.0" branchCoverage="0.0" maxCyclomaticComplexity="0" minCyclomaticComplexity="0" maxCrapScore="0" minCrapScore="0" visitedClasses="1" numClasses="1" visitedMethods="4" numMethods="4" />
          <FullName>GameController</FullName>
          <Methods>
            <Method visited="true" cyclomaticComplexity="0" nPathComplexity="0" sequenceCoverage="100.0" branchCoverage="0" crapScore="0" isConstructor="false" isStatic="false" isGetter="false" isSetter="false">
              <Summary numSequencePoints="4" visitedSequencePoints="4" numBranchPoints="0" visitedBranchPoints="0" sequenceCoverage="100.0" branchCoverage="0" maxCyclomaticComplexity="0" minCyclomaticComplexity="0" maxCrapScore="0" minCrapScore="0" visitedClasses="0" numClasses="0" visitedMethods="1" numMethods="1" />
              <MetadataToken>100663308</MetadataToken>
              <Name>System.Void GameController::YouWin()</Name>
              <FileRef uid="4" />
              <SequencePoints>
                <SequencePoint vc="1" uspid="587" ordinal="0" offset="0" sl="15" sc="5" el="15" ec="5" bec="0" bev="0" fileid="4" />
                <SequencePoint vc="1" uspid="588" ordinal="0" offset="1" sl="16" sc="9" el="16" ec="9" bec="0" bev="0" fileid="4" />
                <SequencePoint vc="1" uspid="589" ordinal="0" offset="14" sl="17" sc="9" el="17" ec="9" bec="0" bev="0" fileid="4" />
                <SequencePoint vc="1" uspid="590" ordinal="0" offset="25" sl="18" sc="5" el="18" ec="5" bec="0" bev="0" fileid="4" />
              </SequencePoints>
              <BranchPoints />
            </Method>
            <Method visited="true" cyclomaticComplexity="0" nPathComplexity="0" sequenceCoverage="100.0" branchCoverage="0" crapScore="0" isConstructor="false" isStatic="false" isGetter="false" isSetter="false">
              <Summary numSequencePoints="4" visitedSequencePoints="4" numBranchPoints="0" visitedBranchPoints="0" sequenceCoverage="100.0" branchCoverage="0" maxCyclomaticComplexity="0" minCyclomaticComplexity="0" maxCrapScore="0" minCrapScore="0" visitedClasses="0" numClasses="0" visitedMethods="1" numMethods="1" />
              <MetadataToken>100663311</MetadataToken>
              <Name>System.Void GameController::PlayAgain()</Name>
              <FileRef uid="4" />
              <SequencePoints>
                <SequencePoint vc="2" uspid="599" ordinal="0" offset="0" sl="30" sc="5" el="30" ec="5" bec="0" bev="0" fileid="4" />
                <SequencePoint vc="2" uspid="600" ordinal="0" offset="1" sl="31" sc="8" el="31" ec="8" bec="0" bev="0" fileid="4" />
                <SequencePoint vc="2" uspid="601" ordinal="0" offset="20" sl="32" sc="9" el="32" ec="9" bec="0" bev="0" fileid="4" />
                <SequencePoint vc="2" uspid="602" ordinal="0" offset="31" sl="33" sc="5" el="33" ec="5" bec="0" bev="0" fileid="4" />
              </SequencePoints>
              <BranchPoints />
            </Method>
            <Method visited="true" cyclomaticComplexity="0" nPathComplexity="0" sequenceCoverage="100.0" branchCoverage="0" crapScore="0" isConstructor="false" isStatic="false" isGetter="false" isSetter="false">
              <Summary numSequencePoints="4" visitedSequencePoints="4" numBranchPoints="0" visitedBranchPoints="0" sequenceCoverage="100.0" branchCoverage="0" maxCyclomaticComplexity="0" minCyclomaticComplexity="0" maxCrapScore="0" minCrapScore="0" visitedClasses="0" numClasses="0" visitedMethods="1" numMethods="1" />
              <MetadataToken>100663312</MetadataToken>
              <Name>System.Void GameController::NextLevel()</Name>
              <FileRef uid="4" />
              <SequencePoints>
                <SequencePoint vc="2" uspid="603" ordinal="0" offset="0" sl="35" sc="5" el="35" ec="5" bec="0" bev="0" fileid="4" />
                <SequencePoint vc="2" uspid="604" ordinal="0" offset="1" sl="36" sc="9" el="36" ec="9" bec="0" bev="0" fileid="4" />
                <SequencePoint vc="2" uspid="605" ordinal="0" offset="22" sl="37" sc="9" el="37" ec="9" bec="0" bev="0" fileid="4" />
                <SequencePoint vc="2" uspid="606" ordinal="0" offset="33" sl="38" sc="5" el="38" ec="5" bec="0" bev="0" fileid="4" />
              </SequencePoints>
              <BranchPoints />
            </Method>
            <Method visited="true" cyclomaticComplexity="0" nPathComplexity="0" sequenceCoverage="100.0" branchCoverage="0" crapScore="0" isConstructor="false" isStatic="false" isGetter="false" isSetter="false">
              <Summary numSequencePoints="4" visitedSequencePoints="4" numBranchPoints="0" visitedBranchPoints="0" sequenceCoverage="100.0" branchCoverage="0" maxCyclomaticComplexity="0" minCyclomaticComplexity="0" maxCrapScore="0" minCrapScore="0" visitedClasses="0" numClasses="0" visitedMethods="1" numMethods="1" />
              <MetadataToken>100663313</MetadataToken>
              <Name>System.Void GameController::MainMeniu()</Name>
              <FileRef uid="4" />
              <SequencePoints>
                <SequencePoint vc="1" uspid="607" ordinal="0" offset="0" sl="40" sc="5" el="40" ec="5" bec="0" bev="0" fileid="4" />
                <SequencePoint vc="1" uspid="608" ordinal="0" offset="1" sl="41" sc="9" el="41" ec="9" bec="0" bev="0" fileid="4" />
                <SequencePoint vc="1" uspid="609" ordinal="0" offset="12" sl="42" sc="9" el="42" ec="9" bec="0" bev="0" fileid="4" />
                <SequencePoint vc="1" uspid="610" ordinal="0" offset="23" sl="43" sc="5" el="43" ec="5" bec="0" bev="0" fileid="4" />
              </SequencePoints>
              <BranchPoints />
            </Method>
          </Methods>
        </Class>
        <Class>
          <Summary numSequencePoints="18" visitedSequencePoints="10" numBranchPoints="0" visitedBranchPoints="0" sequenceCoverage="55.56" branchCoverage="0.0" maxCyclomaticComplexity="0" minCyclomaticComplexity="0" maxCrapScore="0" minCrapScore="0" visitedClasses="1" numClasses="1" visitedMethods="3" numMethods="3" />
          <FullName>IsOnButter</FullName>
          <Methods>
            <Method visited="true" cyclomaticComplexity="0" nPathComplexity="0" sequenceCoverage="100.0" branchCoverage="0" crapScore="0" isConstructor="false" isStatic="false" isGetter="false" isSetter="false">
              <Summary numSequencePoints="4" visitedSequencePoints="4" numBranchPoints="0" visitedBranchPoints="0" sequenceCoverage="100.0" branchCoverage="0" maxCyclomaticComplexity="0" minCyclomaticComplexity="0" maxCrapScore="0" minCrapScore="0" visitedClasses="0" numClasses="0" visitedMethods="1" numMethods="1" />
              <MetadataToken>100663317</MetadataToken>
              <Name>System.Void IsOnButter::Start()</Name>
              <FileRef uid="6" />
              <SequencePoints>
                <SequencePoint vc="9" uspid="619" ordinal="0" offset="0" sl="13" sc="5" el="13" ec="5" bec="0" bev="0" fileid="6" />
                <SequencePoint vc="9" uspid="620" ordinal="0" offset="1" sl="14" sc="9" el="14" ec="9" bec="0" bev="0" fileid="6" />
                <SequencePoint vc="9" uspid="621" ordinal="0" offset="13" sl="15" sc="9" el="15" ec="9" bec="0" bev="0" fileid="6" />
                <SequencePoint vc="9" uspid="622" ordinal="0" offset="25" sl="16" sc="5" el="16" ec="5" bec="0" bev="0" fileid="6" />
              </SequencePoints>
              <BranchPoints />
            </Method>
            <Method visited="true" cyclomaticComplexity="0" nPathComplexity="0" sequenceCoverage="27.27" branchCoverage="0" crapScore="0" isConstructor="false" isStatic="false" isGetter="false" isSetter="false">
              <Summary numSequencePoints="11" visitedSequencePoints="3" numBranchPoints="0" visitedBranchPoints="0" sequenceCoverage="27.27" branchCoverage="0" maxCyclomaticComplexity="0" minCyclomaticComplexity="0" maxCrapScore="0" minCrapScore="0" visitedClasses="0" numClasses="0" visitedMethods="1" numMethods="1" />
              <MetadataToken>100663318</MetadataToken>
              <Name>System.Void IsOnButter::Update()</Name>
              <FileRef uid="6" />
              <SequencePoints>
                <SequencePoint vc="28" uspid="623" ordinal="0" offset="0" sl="19" sc="5" el="19" ec="5" bec="0" bev="0" fileid="6" />
                <SequencePoint vc="28" uspid="624" ordinal="0" offset="1" sl="20" sc="9" el="20" ec="9" bec="0" bev="0" fileid="6" />
                <SequencePoint vc="0" uspid="625" ordinal="0" offset="37" sl="21" sc="9" el="21" ec="9" bec="0" bev="0" fileid="6" />
                <SequencePoint vc="0" uspid="626" ordinal="0" offset="38" sl="22" sc="13" el="22" ec="13" bec="0" bev="0" fileid="6" />
                <SequencePoint vc="0" uspid="627" ordinal="0" offset="50" sl="23" sc="13" el="23" ec="13" bec="0" bev="0" fileid="6" />
                <SequencePoint vc="0" uspid="628" ordinal="0" offset="61" sl="24" sc="13" el="24" ec="13" bec="0" bev="0" fileid="6" />
                <SequencePoint vc="0" uspid="629" ordinal="0" offset="62" sl="25" sc="17" el="25" ec="17" bec="0" bev="0" fileid="6" />
                <SequencePoint vc="0" uspid="630" ordinal="0" offset="69" sl="26" sc="17" el="26" ec="17" bec="0" bev="0" fileid="6" />
                <SequencePoint vc="0" uspid="631" ordinal="0" offset="81" sl="27" sc="13" el="27" ec="13" bec="0" bev="0" fileid="6" />
                <SequencePoint vc="0" uspid="632" ordinal="0" offset="82" sl="28" sc="9" el="28" ec="9" bec="0" bev="0" fileid="6" />
                <SequencePoint vc="28" uspid="633" ordinal="0" offset="83" sl="29" sc="5" el="29" ec="5" bec="0" bev="0" fileid="6" />
              </SequencePoints>
              <BranchPoints />
            </Method>
            <Method visited="true" cyclomaticComplexity="0" nPathComplexity="0" sequenceCoverage="100.0" branchCoverage="0" crapScore="0" isConstructor="false" isStatic="false" isGetter="false" isSetter="false">
              <Summary numSequencePoints="3" visitedSequencePoints="3" numBranchPoints="0" visitedBranchPoints="0" sequenceCoverage="100.0" branchCoverage="0" maxCyclomaticComplexity="0" minCyclomaticComplexity="0" maxCrapScore="0" minCrapScore="0" visitedClasses="0" numClasses="0" visitedMethods="1" numMethods="1" />
              <MetadataToken>100663319</MetadataToken>
              <Name>System.Boolean IsOnButter::IsOnButterCheck()</Name>
              <FileRef uid="6" />
              <SequencePoints>
                <SequencePoint vc="28" uspid="634" ordinal="0" offset="0" sl="31" sc="5" el="31" ec="5" bec="0" bev="0" fileid="6" />
                <SequencePoint vc="28" uspid="635" ordinal="0" offset="1" sl="32" sc="9" el="32" ec="9" bec="0" bev="0" fileid="6" />
                <SequencePoint vc="28" uspid="636" ordinal="0" offset="88" sl="33" sc="5" el="33" ec="5" bec="0" bev="0" fileid="6" />
              </SequencePoints>
              <BranchPoints />
            </Method>
          </Methods>
        </Class>
        <Class>
          <Summary numSequencePoints="188" visitedSequencePoints="155" numBranchPoints="0" visitedBranchPoints="0" sequenceCoverage="82.45" branchCoverage="0.0" maxCyclomaticComplexity="0" minCyclomaticComplexity="0" maxCrapScore="0" minCrapScore="0" visitedClasses="1" numClasses="1" visitedMethods="24" numMethods="24" />
          <FullName>PlayerMovement</FullName>
          <Methods>
            <Method visited="true" cyclomaticComplexity="0" nPathComplexity="0" sequenceCoverage="100.0" branchCoverage="0" crapScore="0" isConstructor="false" isStatic="false" isGetter="false" isSetter="false">
              <Summary numSequencePoints="7" visitedSequencePoints="7" numBranchPoints="0" visitedBranchPoints="0" sequenceCoverage="100.0" branchCoverage="0" maxCyclomaticComplexity="0" minCyclomaticComplexity="0" maxCrapScore="0" minCrapScore="0" visitedClasses="0" numClasses="0" visitedMethods="1" numMethods="1" />
              <MetadataToken>100663323</MetadataToken>
              <Name>System.Void PlayerMovement::Start()</Name>
              <FileRef uid="8" />
              <SequencePoints>
                <SequencePoint vc="28" uspid="650" ordinal="0" offset="0" sl="57" sc="5" el="57" ec="5" bec="0" bev="0" fileid="8" />
                <SequencePoint vc="28" uspid="651" ordinal="0" offset="1" sl="59" sc="9" el="59" ec="9" bec="0" bev="0" fileid="8" />
                <SequencePoint vc="28" uspid="652" ordinal="0" offset="13" sl="60" sc="9" el="60" ec="9" bec="0" bev="0" fileid="8" />
                <SequencePoint vc="28" uspid="653" ordinal="0" offset="25" sl="61" sc="9" el="61" ec="9" bec="0" bev="0" fileid="8" />
                <SequencePoint vc="28" uspid="654" ordinal="0" offset="37" sl="62" sc="9" el="62" ec="9" bec="0" bev="0" fileid="8" />
                <SequencePoint vc="28" uspid="655" ordinal="0" offset="48" sl="63" sc="9" el="63" ec="9" bec="0" bev="0" fileid="8" />
                <SequencePoint vc="28" uspid="656" ordinal="0" offset="71" sl="65" sc="5" el="65" ec="5" bec="0" bev="0" fileid="8" />
              </SequencePoints>
              <BranchPoints />
            </Method>
            <Method visited="true" cyclomaticComplexity="0" nPathComplexity="0" sequenceCoverage="86.67" branchCoverage="0" crapScore="0" isConstructor="false" isStatic="false" isGetter="false" isSetter="false">
              <Summary numSequencePoints="30" visitedSequencePoints="26" numBranchPoints="0" visitedBranchPoints="0" sequenceCoverage="86.67" branchCoverage="0" maxCyclomaticComplexity="0" minCyclomaticComplexity="0" maxCrapScore="0" minCrapScore="0" visitedClasses="0" numClasses="0" visitedMethods="1" numMethods="1" />
              <MetadataToken>100663324</MetadataToken>
              <Name>System.Void PlayerMovement::Update()</Name>
              <FileRef uid="8" />
              <SequencePoints>
                <SequencePoint vc="11612" uspid="657" ordinal="0" offset="0" sl="69" sc="5" el="69" ec="5" bec="0" bev="0" fileid="8" />
                <SequencePoint vc="11612" uspid="658" ordinal="0" offset="1" sl="70" sc="9" el="70" ec="9" bec="0" bev="0" fileid="8" />
                <SequencePoint vc="11612" uspid="659" ordinal="0" offset="17" sl="72" sc="9" el="72" ec="9" bec="0" bev="0" fileid="8" />
                <SequencePoint vc="28" uspid="660" ordinal="0" offset="42" sl="73" sc="9" el="73" ec="9" bec="0" bev="0" fileid="8" />
                <SequencePoint vc="28" uspid="661" ordinal="0" offset="43" sl="74" sc="13" el="74" ec="13" bec="0" bev="0" fileid="8" />
                <SequencePoint vc="0" uspid="662" ordinal="0" offset="56" sl="75" sc="13" el="75" ec="13" bec="0" bev="0" fileid="8" />
                <SequencePoint vc="0" uspid="663" ordinal="0" offset="57" sl="76" sc="17" el="76" ec="17" bec="0" bev="0" fileid="8" />
                <SequencePoint vc="28" uspid="664" ordinal="0" offset="62" sl="82" sc="13" el="82" ec="13" bec="0" bev="0" fileid="8" />
                <SequencePoint vc="28" uspid="665" ordinal="0" offset="75" sl="83" sc="13" el="83" ec="13" bec="0" bev="0" fileid="8" />
                <SequencePoint vc="28" uspid="666" ordinal="0" offset="88" sl="84" sc="13" el="84" ec="13" bec="0" bev="0" fileid="8" />
                <SequencePoint vc="28" uspid="667" ordinal="0" offset="96" sl="85" sc="13" el="85" ec="13" bec="0" bev="0" fileid="8" />
                <SequencePoint vc="28" uspid="668" ordinal="0" offset="115" sl="87" sc="13" el="87" ec="13" bec="0" bev="0" fileid="8" />
                <SequencePoint vc="28" uspid="669" ordinal="0" offset="122" sl="90" sc="13" el="90" ec="13" bec="0" bev="0" fileid="8" />
                <SequencePoint vc="28" uspid="670" ordinal="0" offset="142" sl="91" sc="9" el="91" ec="9" bec="0" bev="0" fileid="8" />
                <SequencePoint vc="11612" uspid="671" ordinal="0" offset="143" sl="92" sc="9" el="92" ec="9" bec="0" bev="0" fileid="8" />
                <SequencePoint vc="28" uspid="672" ordinal="0" offset="171" sl="93" sc="9" el="93" ec="9" bec="0" bev="0" fileid="8" />
                <SequencePoint vc="28" uspid="673" ordinal="0" offset="172" sl="94" sc="13" el="94" ec="13" bec="0" bev="0" fileid="8" />
                <SequencePoint vc="0" uspid="674" ordinal="0" offset="187" sl="95" sc="13" el="95" ec="13" bec="0" bev="0" fileid="8" />
                <SequencePoint vc="0" uspid="675" ordinal="0" offset="188" sl="96" sc="17" el="96" ec="17" bec="0" bev="0" fileid="8" />
                <SequencePoint vc="28" uspid="676" ordinal="0" offset="193" sl="98" sc="13" el="98" ec="13" bec="0" bev="0" fileid="8" />
                <SequencePoint vc="28" uspid="677" ordinal="0" offset="209" sl="99" sc="13" el="99" ec="13" bec="0" bev="0" fileid="8" />
                <SequencePoint vc="28" uspid="678" ordinal="0" offset="225" sl="100" sc="13" el="100" ec="13" bec="0" bev="0" fileid="8" />
                <SequencePoint vc="28" uspid="679" ordinal="0" offset="241" sl="101" sc="13" el="101" ec="13" bec="0" bev="0" fileid="8" />
                <SequencePoint vc="28" uspid="680" ordinal="0" offset="253" sl="102" sc="13" el="102" ec="13" bec="0" bev="0" fileid="8" />
                <SequencePoint vc="28" uspid="681" ordinal="0" offset="278" sl="103" sc="13" el="103" ec="13" bec="0" bev="0" fileid="8" />
                <SequencePoint vc="28" uspid="682" ordinal="0" offset="297" sl="105" sc="13" el="105" ec="13" bec="0" bev="0" fileid="8" />
                <SequencePoint vc="28" uspid="683" ordinal="0" offset="304" sl="107" sc="13" el="107" ec="13" bec="0" bev="0" fileid="8" />
                <SequencePoint vc="28" uspid="684" ordinal="0" offset="323" sl="108" sc="13" el="108" ec="13" bec="0" bev="0" fileid="8" />
                <SequencePoint vc="28" uspid="685" ordinal="0" offset="344" sl="109" sc="9" el="109" ec="9" bec="0" bev="0" fileid="8" />
                <SequencePoint vc="11612" uspid="686" ordinal="0" offset="345" sl="113" sc="5" el="113" ec="5" bec="0" bev="0" fileid="8" />
              </SequencePoints>
              <BranchPoints />
            </Method>
            <Method visited="true" cyclomaticComplexity="0" nPathComplexity="0" sequenceCoverage="47.06" branchCoverage="0" crapScore="0" isConstructor="false" isStatic="false" isGetter="false" isSetter="false">
              <Summary numSequencePoints="17" visitedSequencePoints="8" numBranchPoints="0" visitedBranchPoints="0" sequenceCoverage="47.06" branchCoverage="0" maxCyclomaticComplexity="0" minCyclomaticComplexity="0" maxCrapScore="0" minCrapScore="0" visitedClasses="0" numClasses="0" visitedMethods="1" numMethods="1" />
              <MetadataToken>100663325</MetadataToken>
              <Name>System.Void PlayerMovement::HandleMovementKeys(System.Boolean&amp;, System.Boolean&amp;, System.Boolean&amp;)</Name>
              <FileRef uid="8" />
              <SequencePoints>
                <SequencePoint vc="28" uspid="687" ordinal="0" offset="0" sl="115" sc="5" el="115" ec="5" bec="0" bev="0" fileid="8" />
                <SequencePoint vc="28" uspid="688" ordinal="0" offset="1" sl="116" sc="9" el="116" ec="9" bec="0" bev="0" fileid="8" />
                <SequencePoint vc="0" uspid="689" ordinal="0" offset="21" sl="117" sc="9" el="117" ec="9" bec="0" bev="0" fileid="8" />
                <SequencePoint vc="0" uspid="690" ordinal="0" offset="22" sl="118" sc="13" el="118" ec="13" bec="0" bev="0" fileid="8" />
                <SequencePoint vc="0" uspid="691" ordinal="0" offset="25" sl="119" sc="9" el="119" ec="9" bec="0" bev="0" fileid="8" />
                <SequencePoint vc="28" uspid="692" ordinal="0" offset="28" sl="120" sc="14" el="120" ec="14" bec="0" bev="0" fileid="8" />
                <SequencePoint vc="0" uspid="693" ordinal="0" offset="48" sl="121" sc="9" el="121" ec="9" bec="0" bev="0" fileid="8" />
                <SequencePoint vc="0" uspid="694" ordinal="0" offset="49" sl="122" sc="13" el="122" ec="13" bec="0" bev="0" fileid="8" />
                <SequencePoint vc="0" uspid="695" ordinal="0" offset="52" sl="123" sc="9" el="123" ec="9" bec="0" bev="0" fileid="8" />
                <SequencePoint vc="28" uspid="696" ordinal="0" offset="55" sl="124" sc="14" el="124" ec="14" bec="0" bev="0" fileid="8" />
                <SequencePoint vc="0" uspid="697" ordinal="0" offset="75" sl="125" sc="9" el="125" ec="9" bec="0" bev="0" fileid="8" />
                <SequencePoint vc="0" uspid="698" ordinal="0" offset="76" sl="126" sc="13" el="126" ec="13" bec="0" bev="0" fileid="8" />
                <SequencePoint vc="0" uspid="699" ordinal="0" offset="79" sl="127" sc="9" el="127" ec="9" bec="0" bev="0" fileid="8" />
                <SequencePoint vc="28" uspid="700" ordinal="0" offset="82" sl="129" sc="9" el="129" ec="9" bec="0" bev="0" fileid="8" />
                <SequencePoint vc="28" uspid="701" ordinal="0" offset="83" sl="130" sc="13" el="130" ec="13" bec="0" bev="0" fileid="8" />
                <SequencePoint vc="28" uspid="702" ordinal="0" offset="90" sl="131" sc="9" el="131" ec="9" bec="0" bev="0" fileid="8" />
                <SequencePoint vc="28" uspid="703" ordinal="0" offset="91" sl="132" sc="5" el="132" ec="5" bec="0" bev="0" fileid="8" />
              </SequencePoints>
              <BranchPoints />
            </Method>
            <Method visited="true" cyclomaticComplexity="0" nPathComplexity="0" sequenceCoverage="83.33" branchCoverage="0" crapScore="0" isConstructor="false" isStatic="false" isGetter="false" isSetter="false">
              <Summary numSequencePoints="18" visitedSequencePoints="15" numBranchPoints="0" visitedBranchPoints="0" sequenceCoverage="83.33" branchCoverage="0" maxCyclomaticComplexity="0" minCyclomaticComplexity="0" maxCrapScore="0" minCrapScore="0" visitedClasses="0" numClasses="0" visitedMethods="1" numMethods="1" />
              <MetadataToken>100663326</MetadataToken>
              <Name>System.Void PlayerMovement::HandleMovement(System.Boolean, System.Boolean)</Name>
              <FileRef uid="8" />
              <SequencePoints>
                <SequencePoint vc="58" uspid="704" ordinal="0" offset="0" sl="134" sc="5" el="134" ec="5" bec="0" bev="0" fileid="8" />
                <SequencePoint vc="58" uspid="705" ordinal="0" offset="1" sl="135" sc="9" el="135" ec="9" bec="0" bev="0" fileid="8" />
                <SequencePoint vc="58" uspid="706" ordinal="0" offset="7" sl="136" sc="9" el="136" ec="9" bec="0" bev="0" fileid="8" />
                <SequencePoint vc="1" uspid="707" ordinal="0" offset="12" sl="137" sc="9" el="137" ec="9" bec="0" bev="0" fileid="8" />
                <SequencePoint vc="1" uspid="708" ordinal="0" offset="13" sl="138" sc="13" el="138" ec="13" bec="0" bev="0" fileid="8" />
                <SequencePoint vc="1" uspid="709" ordinal="0" offset="19" sl="139" sc="9" el="139" ec="9" bec="0" bev="0" fileid="8" />
                <SequencePoint vc="57" uspid="710" ordinal="0" offset="22" sl="140" sc="14" el="140" ec="14" bec="0" bev="0" fileid="8" />
                <SequencePoint vc="1" uspid="711" ordinal="0" offset="27" sl="141" sc="9" el="141" ec="9" bec="0" bev="0" fileid="8" />
                <SequencePoint vc="1" uspid="712" ordinal="0" offset="28" sl="142" sc="13" el="142" ec="13" bec="0" bev="0" fileid="8" />
                <SequencePoint vc="1" uspid="713" ordinal="0" offset="34" sl="143" sc="9" el="143" ec="9" bec="0" bev="0" fileid="8" />
                <SequencePoint vc="58" uspid="714" ordinal="0" offset="35" sl="145" sc="9" el="145" ec="9" bec="0" bev="0" fileid="8" />
                <SequencePoint vc="58" uspid="715" ordinal="0" offset="56" sl="146" sc="9" el="146" ec="9" bec="0" bev="0" fileid="8" />
                <SequencePoint vc="58" uspid="716" ordinal="0" offset="57" sl="147" sc="13" el="147" ec="13" bec="0" bev="0" fileid="8" />
                <SequencePoint vc="58" uspid="717" ordinal="0" offset="98" sl="148" sc="9" el="148" ec="9" bec="0" bev="0" fileid="8" />
                <SequencePoint vc="0" uspid="718" ordinal="0" offset="101" sl="150" sc="9" el="150" ec="9" bec="0" bev="0" fileid="8" />
                <SequencePoint vc="0" uspid="719" ordinal="0" offset="102" sl="151" sc="13" el="151" ec="13" bec="0" bev="0" fileid="8" />
                <SequencePoint vc="0" uspid="720" ordinal="0" offset="151" sl="152" sc="9" el="152" ec="9" bec="0" bev="0" fileid="8" />
                <SequencePoint vc="58" uspid="721" ordinal="0" offset="152" sl="153" sc="5" el="153" ec="5" bec="0" bev="0" fileid="8" />
              </SequencePoints>
              <BranchPoints />
            </Method>
            <Method visited="true" cyclomaticComplexity="0" nPathComplexity="0" sequenceCoverage="100.0" branchCoverage="0" crapScore="0" isConstructor="false" isStatic="false" isGetter="false" isSetter="false">
              <Summary numSequencePoints="10" visitedSequencePoints="10" numBranchPoints="0" visitedBranchPoints="0" sequenceCoverage="100.0" branchCoverage="0" maxCyclomaticComplexity="0" minCyclomaticComplexity="0" maxCrapScore="0" minCrapScore="0" visitedClasses="0" numClasses="0" visitedMethods="1" numMethods="1" />
              <MetadataToken>100663327</MetadataToken>
              <Name>System.Void PlayerMovement::HandleFacing()</Name>
              <FileRef uid="8" />
              <SequencePoints>
                <SequencePoint vc="59" uspid="722" ordinal="0" offset="0" sl="155" sc="5" el="155" ec="5" bec="0" bev="0" fileid="8" />
                <SequencePoint vc="59" uspid="723" ordinal="0" offset="1" sl="156" sc="9" el="156" ec="9" bec="0" bev="0" fileid="8" />
                <SequencePoint vc="2" uspid="724" ordinal="0" offset="39" sl="157" sc="9" el="157" ec="9" bec="0" bev="0" fileid="8" />
                <SequencePoint vc="2" uspid="725" ordinal="0" offset="40" sl="158" sc="13" el="158" ec="13" bec="0" bev="0" fileid="8" />
                <SequencePoint vc="2" uspid="726" ordinal="0" offset="47" sl="159" sc="9" el="159" ec="9" bec="0" bev="0" fileid="8" />
                <SequencePoint vc="57" uspid="727" ordinal="0" offset="50" sl="160" sc="14" el="160" ec="14" bec="0" bev="0" fileid="8" />
                <SequencePoint vc="1" uspid="728" ordinal="0" offset="88" sl="161" sc="9" el="161" ec="9" bec="0" bev="0" fileid="8" />
                <SequencePoint vc="1" uspid="729" ordinal="0" offset="89" sl="162" sc="13" el="162" ec="13" bec="0" bev="0" fileid="8" />
                <SequencePoint vc="1" uspid="730" ordinal="0" offset="96" sl="163" sc="9" el="163" ec="9" bec="0" bev="0" fileid="8" />
                <SequencePoint vc="59" uspid="731" ordinal="0" offset="97" sl="164" sc="5" el="164" ec="5" bec="0" bev="0" fileid="8" />
              </SequencePoints>
              <BranchPoints />
            </Method>
            <Method visited="true" cyclomaticComplexity="0" nPathComplexity="0" sequenceCoverage="60.00" branchCoverage="0" crapScore="0" isConstructor="false" isStatic="false" isGetter="false" isSetter="false">
              <Summary numSequencePoints="25" visitedSequencePoints="15" numBranchPoints="0" visitedBranchPoints="0" sequenceCoverage="60.00" branchCoverage="0" maxCyclomaticComplexity="0" minCyclomaticComplexity="0" maxCrapScore="0" minCrapScore="0" visitedClasses="0" numClasses="0" visitedMethods="1" numMethods="1" />
              <MetadataToken>100663328</MetadataToken>
              <Name>System.Void PlayerMovement::Jump(System.Boolean, System.Boolean, System.Boolean)</Name>
              <FileRef uid="8" />
              <SequencePoints>
                <SequencePoint vc="56" uspid="732" ordinal="0" offset="0" sl="166" sc="5" el="166" ec="5" bec="0" bev="0" fileid="8" />
                <SequencePoint vc="56" uspid="733" ordinal="0" offset="1" sl="167" sc="9" el="167" ec="9" bec="0" bev="0" fileid="8" />
                <SequencePoint vc="28" uspid="734" ordinal="0" offset="29" sl="168" sc="9" el="168" ec="9" bec="0" bev="0" fileid="8" />
                <SequencePoint vc="28" uspid="735" ordinal="0" offset="30" sl="169" sc="13" el="169" ec="13" bec="0" bev="0" fileid="8" />
                <SequencePoint vc="0" uspid="736" ordinal="0" offset="46" sl="170" sc="13" el="170" ec="13" bec="0" bev="0" fileid="8" />
                <SequencePoint vc="0" uspid="737" ordinal="0" offset="47" sl="172" sc="17" el="172" ec="17" bec="0" bev="0" fileid="8" />
                <SequencePoint vc="0" uspid="738" ordinal="0" offset="86" sl="173" sc="13" el="173" ec="13" bec="0" bev="0" fileid="8" />
                <SequencePoint vc="28" uspid="739" ordinal="0" offset="89" sl="174" sc="18" el="174" ec="18" bec="0" bev="0" fileid="8" />
                <SequencePoint vc="0" uspid="740" ordinal="0" offset="128" sl="175" sc="13" el="175" ec="13" bec="0" bev="0" fileid="8" />
                <SequencePoint vc="0" uspid="741" ordinal="0" offset="129" sl="178" sc="17" el="178" ec="17" bec="0" bev="0" fileid="8" />
                <SequencePoint vc="0" uspid="742" ordinal="0" offset="138" sl="179" sc="17" el="179" ec="17" bec="0" bev="0" fileid="8" />
                <SequencePoint vc="0" uspid="743" ordinal="0" offset="156" sl="180" sc="13" el="180" ec="13" bec="0" bev="0" fileid="8" />
                <SequencePoint vc="28" uspid="744" ordinal="0" offset="157" sl="181" sc="13" el="181" ec="13" bec="0" bev="0" fileid="8" />
                <SequencePoint vc="28" uspid="745" ordinal="0" offset="170" sl="182" sc="13" el="182" ec="13" bec="0" bev="0" fileid="8" />
                <SequencePoint vc="28" uspid="746" ordinal="0" offset="171" sl="183" sc="17" el="183" ec="17" bec="0" bev="0" fileid="8" />
                <SequencePoint vc="28" uspid="747" ordinal="0" offset="182" sl="184" sc="13" el="184" ec="13" bec="0" bev="0" fileid="8" />
                <SequencePoint vc="28" uspid="748" ordinal="0" offset="183" sl="185" sc="9" el="185" ec="9" bec="0" bev="0" fileid="8" />
                <SequencePoint vc="56" uspid="749" ordinal="0" offset="184" sl="186" sc="9" el="186" ec="9" bec="0" bev="0" fileid="8" />
                <SequencePoint vc="28" uspid="750" ordinal="0" offset="211" sl="187" sc="9" el="187" ec="9" bec="0" bev="0" fileid="8" />
                <SequencePoint vc="28" uspid="751" ordinal="0" offset="212" sl="188" sc="13" el="188" ec="13" bec="0" bev="0" fileid="8" />
                <SequencePoint vc="0" uspid="752" ordinal="0" offset="230" sl="189" sc="13" el="189" ec="13" bec="0" bev="0" fileid="8" />
                <SequencePoint vc="0" uspid="753" ordinal="0" offset="231" sl="191" sc="17" el="191" ec="17" bec="0" bev="0" fileid="8" />
                <SequencePoint vc="0" uspid="754" ordinal="0" offset="270" sl="192" sc="13" el="192" ec="13" bec="0" bev="0" fileid="8" />
                <SequencePoint vc="28" uspid="755" ordinal="0" offset="271" sl="193" sc="9" el="193" ec="9" bec="0" bev="0" fileid="8" />
                <SequencePoint vc="56" uspid="756" ordinal="0" offset="272" sl="195" sc="5" el="195" ec="5" bec="0" bev="0" fileid="8" />
              </SequencePoints>
              <BranchPoints />
            </Method>
            <Method visited="true" cyclomaticComplexity="0" nPathComplexity="0" sequenceCoverage="50.00" branchCoverage="0" crapScore="0" isConstructor="false" isStatic="false" isGetter="false" isSetter="false">
              <Summary numSequencePoints="14" visitedSequencePoints="7" numBranchPoints="0" visitedBranchPoints="0" sequenceCoverage="50.00" branchCoverage="0" maxCyclomaticComplexity="0" minCyclomaticComplexity="0" maxCrapScore="0" minCrapScore="0" visitedClasses="0" numClasses="0" visitedMethods="1" numMethods="1" />
              <MetadataToken>100663330</MetadataToken>
              <Name>System.Void PlayerMovement::WallSlide(System.Boolean, System.Boolean)</Name>
              <FileRef uid="8" />
              <SequencePoints>
                <SequencePoint vc="28" uspid="783" ordinal="0" offset="0" sl="227" sc="5" el="227" ec="5" bec="0" bev="0" fileid="8" />
                <SequencePoint vc="28" uspid="784" ordinal="0" offset="1" sl="228" sc="9" el="228" ec="9" bec="0" bev="0" fileid="8" />
                <SequencePoint vc="0" uspid="785" ordinal="0" offset="8" sl="229" sc="9" el="229" ec="9" bec="0" bev="0" fileid="8" />
                <SequencePoint vc="0" uspid="786" ordinal="0" offset="9" sl="230" sc="13" el="230" ec="13" bec="0" bev="0" fileid="8" />
                <SequencePoint vc="0" uspid="787" ordinal="0" offset="21" sl="231" sc="9" el="231" ec="9" bec="0" bev="0" fileid="8" />
                <SequencePoint vc="28" uspid="788" ordinal="0" offset="22" sl="232" sc="9" el="232" ec="9" bec="0" bev="0" fileid="8" />
                <SequencePoint vc="0" uspid="789" ordinal="0" offset="73" sl="233" sc="9" el="233" ec="9" bec="0" bev="0" fileid="8" />
                <SequencePoint vc="0" uspid="790" ordinal="0" offset="74" sl="234" sc="13" el="234" ec="13" bec="0" bev="0" fileid="8" />
                <SequencePoint vc="0" uspid="791" ordinal="0" offset="81" sl="235" sc="13" el="235" ec="13" bec="0" bev="0" fileid="8" />
                <SequencePoint vc="0" uspid="792" ordinal="0" offset="147" sl="236" sc="9" el="236" ec="9" bec="0" bev="0" fileid="8" />
                <SequencePoint vc="28" uspid="793" ordinal="0" offset="150" sl="238" sc="9" el="238" ec="9" bec="0" bev="0" fileid="8" />
                <SequencePoint vc="28" uspid="794" ordinal="0" offset="151" sl="239" sc="13" el="239" ec="13" bec="0" bev="0" fileid="8" />
                <SequencePoint vc="28" uspid="795" ordinal="0" offset="158" sl="240" sc="9" el="240" ec="9" bec="0" bev="0" fileid="8" />
                <SequencePoint vc="28" uspid="796" ordinal="0" offset="159" sl="241" sc="5" el="241" ec="5" bec="0" bev="0" fileid="8" />
              </SequencePoints>
              <BranchPoints />
            </Method>
            <Method visited="true" cyclomaticComplexity="0" nPathComplexity="0" sequenceCoverage="100.0" branchCoverage="0" crapScore="0" isConstructor="false" isStatic="false" isGetter="false" isSetter="false">
              <Summary numSequencePoints="3" visitedSequencePoints="3" numBranchPoints="0" visitedBranchPoints="0" sequenceCoverage="100.0" branchCoverage="0" maxCyclomaticComplexity="0" minCyclomaticComplexity="0" maxCrapScore="0" minCrapScore="0" visitedClasses="0" numClasses="0" visitedMethods="1" numMethods="1" />
              <MetadataToken>100663331</MetadataToken>
              <Name>System.Void PlayerMovement::SetRespawnPoint(UnityEngine.Vector2)</Name>
              <FileRef uid="8" />
              <SequencePoints>
                <SequencePoint vc="28" uspid="797" ordinal="0" offset="0" sl="244" sc="5" el="244" ec="5" bec="0" bev="0" fileid="8" />
                <SequencePoint vc="28" uspid="798" ordinal="0" offset="1" sl="245" sc="9" el="245" ec="9" bec="0" bev="0" fileid="8" />
                <SequencePoint vc="28" uspid="799" ordinal="0" offset="8" sl="246" sc="5" el="246" ec="5" bec="0" bev="0" fileid="8" />
              </SequencePoints>
              <BranchPoints />
            </Method>
            <Method visited="true" cyclomaticComplexity="0" nPathComplexity="0" sequenceCoverage="100.0" branchCoverage="0" crapScore="0" isConstructor="false" isStatic="false" isGetter="false" isSetter="false">
              <Summary numSequencePoints="5" visitedSequencePoints="5" numBranchPoints="0" visitedBranchPoints="0" sequenceCoverage="100.0" branchCoverage="0" maxCyclomaticComplexity="0" minCyclomaticComplexity="0" maxCrapScore="0" minCrapScore="0" visitedClasses="0" numClasses="0" visitedMethods="1" numMethods="1" />
              <MetadataToken>100663333</MetadataToken>
              <Name>System.Void PlayerMovement::Die()</Name>
              <FileRef uid="8" />
              <SequencePoints>
                <SequencePoint vc="2" uspid="800" ordinal="0" offset="0" sl="256" sc="5" el="256" ec="5" bec="0" bev="0" fileid="8" />
                <SequencePoint vc="2" uspid="801" ordinal="0" offset="1" sl="257" sc="9" el="257" ec="9" bec="0" bev="0" fileid="8" />
                <SequencePoint vc="2" uspid="802" ordinal="0" offset="8" sl="258" sc="9" el="258" ec="9" bec="0" bev="0" fileid="8" />
                <SequencePoint vc="2" uspid="803" ordinal="0" offset="21" sl="259" sc="9" el="259" ec="9" bec="0" bev="0" fileid="8" />
                <SequencePoint vc="2" uspid="804" ordinal="0" offset="34" sl="260" sc="5" el="260" ec="5" bec="0" bev="0" fileid="8" />
              </SequencePoints>
              <BranchPoints />
            </Method>
            <Method visited="true" cyclomaticComplexity="0" nPathComplexity="0" sequenceCoverage="100.0" branchCoverage="0" crapScore="0" isConstructor="false" isStatic="false" isGetter="false" isSetter="false">
              <Summary numSequencePoints="3" visitedSequencePoints="3" numBranchPoints="0" visitedBranchPoints="0" sequenceCoverage="100.0" branchCoverage="0" maxCyclomaticComplexity="0" minCyclomaticComplexity="0" maxCrapScore="0" minCrapScore="0" visitedClasses="0" numClasses="0" visitedMethods="1" numMethods="1" />
              <MetadataToken>100663335</MetadataToken>
              <Name>System.Boolean PlayerMovement::IsWalled()</Name>
              <FileRef uid="8" />
              <SequencePoints>
                <SequencePoint vc="56" uspid="808" ordinal="0" offset="0" sl="298" sc="5" el="298" ec="5" bec="0" bev="0" fileid="8" />
                <SequencePoint vc="56" uspid="809" ordinal="0" offset="1" sl="299" sc="9" el="299" ec="9" bec="0" bev="0" fileid="8" />
                <SequencePoint vc="56" uspid="810" ordinal="0" offset="46" sl="300" sc="5" el="300" ec="5" bec="0" bev="0" fileid="8" />
              </SequencePoints>
              <BranchPoints />
            </Method>
            <Method visited="true" cyclomaticComplexity="0" nPathComplexity="0" sequenceCoverage="100.0" branchCoverage="0" crapScore="0" isConstructor="false" isStatic="false" isGetter="false" isSetter="false">
              <Summary numSequencePoints="4" visitedSequencePoints="4" numBranchPoints="0" visitedBranchPoints="0" sequenceCoverage="100.0" branchCoverage="0" maxCyclomaticComplexity="0" minCyclomaticComplexity="0" maxCrapScore="0" minCrapScore="0" visitedClasses="0" numClasses="0" visitedMethods="1" numMethods="1" />
              <MetadataToken>100663336</MetadataToken>
              <Name>System.Void PlayerMovement::Flip()</Name>
              <FileRef uid="8" />
              <SequencePoints>
                <SequencePoint vc="6" uspid="811" ordinal="0" offset="0" sl="302" sc="5" el="302" ec="5" bec="0" bev="0" fileid="8" />
                <SequencePoint vc="6" uspid="812" ordinal="0" offset="1" sl="303" sc="9" el="303" ec="9" bec="0" bev="0" fileid="8" />
                <SequencePoint vc="6" uspid="813" ordinal="0" offset="16" sl="304" sc="9" el="304" ec="9" bec="0" bev="0" fileid="8" />
                <SequencePoint vc="6" uspid="814" ordinal="0" offset="48" sl="305" sc="5" el="305" ec="5" bec="0" bev="0" fileid="8" />
              </SequencePoints>
              <BranchPoints />
            </Method>
            <Method visited="true" cyclomaticComplexity="0" nPathComplexity="0" sequenceCoverage="100.0" branchCoverage="0" crapScore="0" isConstructor="false" isStatic="false" isGetter="false" isSetter="false">
              <Summary numSequencePoints="3" visitedSequencePoints="3" numBranchPoints="0" visitedBranchPoints="0" sequenceCoverage="100.0" branchCoverage="0" maxCyclomaticComplexity="0" minCyclomaticComplexity="0" maxCrapScore="0" minCrapScore="0" visitedClasses="0" numClasses="0" visitedMethods="1" numMethods="1" />
              <MetadataToken>100663338</MetadataToken>
              <Name>System.Boolean PlayerMovement::GetIsAlive()</Name>
              <FileRef uid="8" />
              <SequencePoints>
                <SequencePoint vc="2" uspid="818" ordinal="0" offset="0" sl="316" sc="5" el="316" ec="5" bec="0" bev="0" fileid="8" />
                <SequencePoint vc="2" uspid="819" ordinal="0" offset="1" sl="317" sc="9" el="317" ec="9" bec="0" bev="0" fileid="8" />
                <SequencePoint vc="2" uspid="820" ordinal="0" offset="10" sl="318" sc="5" el="318" ec="5" bec="0" bev="0" fileid="8" />
              </SequencePoints>
              <BranchPoints />
            </Method>
            <Method visited="true" cyclomaticComplexity="0" nPathComplexity="0" sequenceCoverage="100.0" branchCoverage="0" crapScore="0" isConstructor="false" isStatic="false" isGetter="false" isSetter="false">
              <Summary numSequencePoints="3" visitedSequencePoints="3" numBranchPoints="0" visitedBranchPoints="0" sequenceCoverage="100.0" branchCoverage="0" maxCyclomaticComplexity="0" minCyclomaticComplexity="0" maxCrapScore="0" minCrapScore="0" visitedClasses="0" numClasses="0" visitedMethods="1" numMethods="1" />
              <MetadataToken>100663339</MetadataToken>
              <Name>System.Boolean PlayerMovement::GetColliderEnabled()</Name>
              <FileRef uid="8" />
              <SequencePoints>
                <SequencePoint vc="2" uspid="821" ordinal="0" offset="0" sl="320" sc="5" el="320" ec="5" bec="0" bev="0" fileid="8" />
                <SequencePoint vc="2" uspid="822" ordinal="0" offset="1" sl="321" sc="9" el="321" ec="9" bec="0" bev="0" fileid="8" />
                <SequencePoint vc="2" uspid="823" ordinal="0" offset="15" sl="322" sc="5" el="322" ec="5" bec="0" bev="0" fileid="8" />
              </SequencePoints>
              <BranchPoints />
            </Method>
            <Method visited="true" cyclomaticComplexity="0" nPathComplexity="0" sequenceCoverage="100.0" branchCoverage="0" crapScore="0" isConstructor="false" isStatic="false" isGetter="false" isSetter="false">
              <Summary numSequencePoints="3" visitedSequencePoints="3" numBranchPoints="0" visitedBranchPoints="0" sequenceCoverage="100.0" branchCoverage="0" maxCyclomaticComplexity="0" minCyclomaticComplexity="0" maxCrapScore="0" minCrapScore="0" visitedClasses="0" numClasses="0" visitedMethods="1" numMethods="1" />
              <MetadataToken>100663340</MetadataToken>
              <Name>System.Single PlayerMovement::GetRespawnTime()</Name>
              <FileRef uid="8" />
              <SequencePoints>
                <SequencePoint vc="1" uspid="824" ordinal="0" offset="0" sl="324" sc="5" el="324" ec="5" bec="0" bev="0" fileid="8" />
                <SequencePoint vc="1" uspid="825" ordinal="0" offset="1" sl="325" sc="9" el="325" ec="9" bec="0" bev="0" fileid="8" />
                <SequencePoint vc="1" uspid="826" ordinal="0" offset="10" sl="326" sc="5" el="326" ec="5" bec="0" bev="0" fileid="8" />
              </SequencePoints>
              <BranchPoints />
            </Method>
            <Method visited="true" cyclomaticComplexity="0" nPathComplexity="0" sequenceCoverage="100.0" branchCoverage="0" crapScore="0" isConstructor="false" isStatic="false" isGetter="false" isSetter="false">
              <Summary numSequencePoints="3" visitedSequencePoints="3" numBranchPoints="0" visitedBranchPoints="0" sequenceCoverage="100.0" branchCoverage="0" maxCyclomaticComplexity="0" minCyclomaticComplexity="0" maxCrapScore="0" minCrapScore="0" visitedClasses="0" numClasses="0" visitedMethods="1" numMethods="1" />
              <MetadataToken>100663341</MetadataToken>
              <Name>System.Void PlayerMovement::SetMovingRight(System.Boolean)</Name>
              <FileRef uid="8" />
              <SequencePoints>
                <SequencePoint vc="1" uspid="827" ordinal="0" offset="0" sl="328" sc="5" el="328" ec="5" bec="0" bev="0" fileid="8" />
                <SequencePoint vc="1" uspid="828" ordinal="0" offset="1" sl="329" sc="9" el="329" ec="9" bec="0" bev="0" fileid="8" />
                <SequencePoint vc="1" uspid="829" ordinal="0" offset="8" sl="330" sc="5" el="330" ec="5" bec="0" bev="0" fileid="8" />
              </SequencePoints>
              <BranchPoints />
            </Method>
            <Method visited="true" cyclomaticComplexity="0" nPathComplexity="0" sequenceCoverage="100.0" branchCoverage="0" crapScore="0" isConstructor="false" isStatic="false" isGetter="false" isSetter="false">
              <Summary numSequencePoints="3" visitedSequencePoints="3" numBranchPoints="0" visitedBranchPoints="0" sequenceCoverage="100.0" branchCoverage="0" maxCyclomaticComplexity="0" minCyclomaticComplexity="0" maxCrapScore="0" minCrapScore="0" visitedClasses="0" numClasses="0" visitedMethods="1" numMethods="1" />
              <MetadataToken>100663342</MetadataToken>
              <Name>System.Void PlayerMovement::SetMovingLeft(System.Boolean)</Name>
              <FileRef uid="8" />
              <SequencePoints>
                <SequencePoint vc="1" uspid="830" ordinal="0" offset="0" sl="332" sc="5" el="332" ec="5" bec="0" bev="0" fileid="8" />
                <SequencePoint vc="1" uspid="831" ordinal="0" offset="1" sl="333" sc="9" el="333" ec="9" bec="0" bev="0" fileid="8" />
                <SequencePoint vc="1" uspid="832" ordinal="0" offset="8" sl="334" sc="5" el="334" ec="5" bec="0" bev="0" fileid="8" />
              </SequencePoints>
              <BranchPoints />
            </Method>
            <Method visited="true" cyclomaticComplexity="0" nPathComplexity="0" sequenceCoverage="100.0" branchCoverage="0" crapScore="0" isConstructor="false" isStatic="false" isGetter="false" isSetter="false">
              <Summary numSequencePoints="3" visitedSequencePoints="3" numBranchPoints="0" visitedBranchPoints="0" sequenceCoverage="100.0" branchCoverage="0" maxCyclomaticComplexity="0" minCyclomaticComplexity="0" maxCrapScore="0" minCrapScore="0" visitedClasses="0" numClasses="0" visitedMethods="1" numMethods="1" />
              <MetadataToken>100663344</MetadataToken>
              <Name>System.Void PlayerMovement::TestHandleMovement(System.Boolean, System.Boolean)</Name>
              <FileRef uid="8" />
              <SequencePoints>
                <SequencePoint vc="2" uspid="836" ordinal="0" offset="0" sl="340" sc="5" el="340" ec="5" bec="0" bev="0" fileid="8" />
                <SequencePoint vc="2" uspid="837" ordinal="0" offset="1" sl="341" sc="9" el="341" ec="9" bec="0" bev="0" fileid="8" />
                <SequencePoint vc="2" uspid="838" ordinal="0" offset="10" sl="342" sc="5" el="342" ec="5" bec="0" bev="0" fileid="8" />
              </SequencePoints>
              <BranchPoints />
            </Method>
            <Method visited="true" cyclomaticComplexity="0" nPathComplexity="0" sequenceCoverage="100.0" branchCoverage="0" crapScore="0" isConstructor="false" isStatic="false" isGetter="false" isSetter="false">
              <Summary numSequencePoints="3" visitedSequencePoints="3" numBranchPoints="0" visitedBranchPoints="0" sequenceCoverage="100.0" branchCoverage="0" maxCyclomaticComplexity="0" minCyclomaticComplexity="0" maxCrapScore="0" minCrapScore="0" visitedClasses="0" numClasses="0" visitedMethods="1" numMethods="1" />
              <MetadataToken>100663345</MetadataToken>
              <Name>System.Boolean PlayerMovement::GetIsFacingRight()</Name>
              <FileRef uid="8" />
              <SequencePoints>
                <SequencePoint vc="4" uspid="839" ordinal="0" offset="0" sl="344" sc="5" el="344" ec="5" bec="0" bev="0" fileid="8" />
                <SequencePoint vc="4" uspid="840" ordinal="0" offset="1" sl="345" sc="9" el="345" ec="9" bec="0" bev="0" fileid="8" />
                <SequencePoint vc="4" uspid="841" ordinal="0" offset="10" sl="346" sc="5" el="346" ec="5" bec="0" bev="0" fileid="8" />
              </SequencePoints>
              <BranchPoints />
            </Method>
            <Method visited="true" cyclomaticComplexity="0" nPathComplexity="0" sequenceCoverage="100.0" branchCoverage="0" crapScore="0" isConstructor="false" isStatic="false" isGetter="false" isSetter="false">
              <Summary numSequencePoints="3" visitedSequencePoints="3" numBranchPoints="0" visitedBranchPoints="0" sequenceCoverage="100.0" branchCoverage="0" maxCyclomaticComplexity="0" minCyclomaticComplexity="0" maxCrapScore="0" minCrapScore="0" visitedClasses="0" numClasses="0" visitedMethods="1" numMethods="1" />
              <MetadataToken>100663346</MetadataToken>
              <Name>System.Void PlayerMovement::GetFlip()</Name>
              <FileRef uid="8" />
              <SequencePoints>
                <SequencePoint vc="3" uspid="842" ordinal="0" offset="0" sl="349" sc="5" el="349" ec="5" bec="0" bev="0" fileid="8" />
                <SequencePoint vc="3" uspid="843" ordinal="0" offset="1" sl="350" sc="9" el="350" ec="9" bec="0" bev="0" fileid="8" />
                <SequencePoint vc="3" uspid="844" ordinal="0" offset="8" sl="351" sc="5" el="351" ec="5" bec="0" bev="0" fileid="8" />
              </SequencePoints>
              <BranchPoints />
            </Method>
            <Method visited="true" cyclomaticComplexity="0" nPathComplexity="0" sequenceCoverage="100.0" branchCoverage="0" crapScore="0" isConstructor="false" isStatic="false" isGetter="false" isSetter="false">
              <Summary numSequencePoints="3" visitedSequencePoints="3" numBranchPoints="0" visitedBranchPoints="0" sequenceCoverage="100.0" branchCoverage="0" maxCyclomaticComplexity="0" minCyclomaticComplexity="0" maxCrapScore="0" minCrapScore="0" visitedClasses="0" numClasses="0" visitedMethods="1" numMethods="1" />
              <MetadataToken>100663347</MetadataToken>
              <Name>System.Void PlayerMovement::GetHandleFacing()</Name>
              <FileRef uid="8" />
              <SequencePoints>
                <SequencePoint vc="3" uspid="845" ordinal="0" offset="0" sl="354" sc="5" el="354" ec="5" bec="0" bev="0" fileid="8" />
                <SequencePoint vc="3" uspid="846" ordinal="0" offset="1" sl="355" sc="9" el="355" ec="9" bec="0" bev="0" fileid="8" />
                <SequencePoint vc="3" uspid="847" ordinal="0" offset="8" sl="356" sc="5" el="356" ec="5" bec="0" bev="0" fileid="8" />
              </SequencePoints>
              <BranchPoints />
            </Method>
            <Method visited="true" cyclomaticComplexity="0" nPathComplexity="0" sequenceCoverage="100.0" branchCoverage="0" crapScore="0" isConstructor="false" isStatic="false" isGetter="false" isSetter="false">
              <Summary numSequencePoints="3" visitedSequencePoints="3" numBranchPoints="0" visitedBranchPoints="0" sequenceCoverage="100.0" branchCoverage="0" maxCyclomaticComplexity="0" minCyclomaticComplexity="0" maxCrapScore="0" minCrapScore="0" visitedClasses="0" numClasses="0" visitedMethods="1" numMethods="1" />
              <MetadataToken>100663348</MetadataToken>
              <Name>System.Void PlayerMovement::VelocityChanged(System.Single)</Name>
              <FileRef uid="8" />
              <SequencePoints>
                <SequencePoint vc="3" uspid="848" ordinal="0" offset="0" sl="358" sc="5" el="358" ec="5" bec="0" bev="0" fileid="8" />
                <SequencePoint vc="3" uspid="849" ordinal="0" offset="1" sl="359" sc="9" el="359" ec="9" bec="0" bev="0" fileid="8" />
                <SequencePoint vc="3" uspid="850" ordinal="0" offset="35" sl="360" sc="5" el="360" ec="5" bec="0" bev="0" fileid="8" />
              </SequencePoints>
              <BranchPoints />
            </Method>
            <Method visited="true" cyclomaticComplexity="0" nPathComplexity="0" sequenceCoverage="100.0" branchCoverage="0" crapScore="0" isConstructor="false" isStatic="false" isGetter="false" isSetter="false">
              <Summary numSequencePoints="3" visitedSequencePoints="3" numBranchPoints="0" visitedBranchPoints="0" sequenceCoverage="100.0" branchCoverage="0" maxCyclomaticComplexity="0" minCyclomaticComplexity="0" maxCrapScore="0" minCrapScore="0" visitedClasses="0" numClasses="0" visitedMethods="1" numMethods="1" />
              <MetadataToken>100663350</MetadataToken>
              <Name>System.Single PlayerMovement::GetMoveSpeed()</Name>
              <FileRef uid="8" />
              <SequencePoints>
                <SequencePoint vc="1" uspid="854" ordinal="0" offset="0" sl="366" sc="5" el="366" ec="5" bec="0" bev="0" fileid="8" />
                <SequencePoint vc="1" uspid="855" ordinal="0" offset="1" sl="367" sc="9" el="367" ec="9" bec="0" bev="0" fileid="8" />
                <SequencePoint vc="1" uspid="856" ordinal="0" offset="10" sl="368" sc="5" el="368" ec="5" bec="0" bev="0" fileid="8" />
              </SequencePoints>
              <BranchPoints />
            </Method>
            <Method visited="true" cyclomaticComplexity="0" nPathComplexity="0" sequenceCoverage="100.0" branchCoverage="0" crapScore="0" isConstructor="false" isStatic="false" isGetter="false" isSetter="false">
              <Summary numSequencePoints="3" visitedSequencePoints="3" numBranchPoints="0" visitedBranchPoints="0" sequenceCoverage="100.0" branchCoverage="0" maxCyclomaticComplexity="0" minCyclomaticComplexity="0" maxCrapScore="0" minCrapScore="0" visitedClasses="0" numClasses="0" visitedMethods="1" numMethods="1" />
              <MetadataToken>100663351</MetadataToken>
              <Name>System.Single PlayerMovement::GetSpeed()</Name>
              <FileRef uid="8" />
              <SequencePoints>
                <SequencePoint vc="1" uspid="857" ordinal="0" offset="0" sl="370" sc="5" el="370" ec="5" bec="0" bev="0" fileid="8" />
                <SequencePoint vc="1" uspid="858" ordinal="0" offset="1" sl="371" sc="9" el="371" ec="9" bec="0" bev="0" fileid="8" />
                <SequencePoint vc="1" uspid="859" ordinal="0" offset="20" sl="372" sc="5" el="372" ec="5" bec="0" bev="0" fileid="8" />
              </SequencePoints>
              <BranchPoints />
            </Method>
            <Method visited="true" cyclomaticComplexity="0" nPathComplexity="0" sequenceCoverage="100.0" branchCoverage="0" crapScore="0" isConstructor="true" isStatic="false" isGetter="false" isSetter="false">
              <Summary numSequencePoints="16" visitedSequencePoints="16" numBranchPoints="0" visitedBranchPoints="0" sequenceCoverage="100.0" branchCoverage="0" maxCyclomaticComplexity="0" minCyclomaticComplexity="0" maxCrapScore="0" minCrapScore="0" visitedClasses="0" numClasses="0" visitedMethods="1" numMethods="1" />
              <MetadataToken>100663352</MetadataToken>
              <Name>PlayerMovement::PlayerMovement()</Name>
              <FileRef uid="8" />
              <SequencePoints>
                <SequencePoint vc="27" uspid="860" ordinal="0" offset="0" sl="20" sc="5" el="20" ec="5" bec="0" bev="0" fileid="8" />
                <SequencePoint vc="27" uspid="861" ordinal="0" offset="11" sl="21" sc="5" el="21" ec="5" bec="0" bev="0" fileid="8" />
                <SequencePoint vc="27" uspid="862" ordinal="0" offset="18" sl="25" sc="22" el="25" ec="22" bec="0" bev="0" fileid="8" />
                <SequencePoint vc="27" uspid="863" ordinal="0" offset="25" sl="26" sc="5" el="26" ec="5" bec="0" bev="0" fileid="8" />
                <SequencePoint vc="27" uspid="864" ordinal="0" offset="36" sl="29" sc="22" el="29" ec="22" bec="0" bev="0" fileid="8" />
                <SequencePoint vc="27" uspid="865" ordinal="0" offset="47" sl="34" sc="22" el="34" ec="22" bec="0" bev="0" fileid="8" />
                <SequencePoint vc="27" uspid="866" ordinal="0" offset="58" sl="35" sc="22" el="35" ec="22" bec="0" bev="0" fileid="8" />
                <SequencePoint vc="27" uspid="867" ordinal="0" offset="69" sl="36" sc="5" el="36" ec="5" bec="0" bev="0" fileid="8" />
                <SequencePoint vc="27" uspid="868" ordinal="0" offset="80" sl="37" sc="5" el="37" ec="5" bec="0" bev="0" fileid="8" />
                <SequencePoint vc="27" uspid="869" ordinal="0" offset="91" sl="39" sc="5" el="39" ec="5" bec="0" bev="0" fileid="8" />
                <SequencePoint vc="27" uspid="870" ordinal="0" offset="98" sl="44" sc="5" el="44" ec="5" bec="0" bev="0" fileid="8" />
                <SequencePoint vc="27" uspid="871" ordinal="0" offset="109" sl="45" sc="5" el="45" ec="5" bec="0" bev="0" fileid="8" />
                <SequencePoint vc="27" uspid="872" ordinal="0" offset="120" sl="46" sc="5" el="46" ec="5" bec="0" bev="0" fileid="8" />
                <SequencePoint vc="27" uspid="873" ordinal="0" offset="131" sl="49" sc="5" el="49" ec="5" bec="0" bev="0" fileid="8" />
                <SequencePoint vc="27" uspid="874" ordinal="0" offset="138" sl="50" sc="5" el="50" ec="5" bec="0" bev="0" fileid="8" />
                <SequencePoint vc="27" uspid="875" ordinal="0" offset="145" sl="51" sc="5" el="51" ec="5" bec="0" bev="0" fileid="8" />
              </SequencePoints>
              <BranchPoints />
            </Method>
          </Methods>
        </Class>
        <Class>
          <Summary numSequencePoints="6" visitedSequencePoints="6" numBranchPoints="0" visitedBranchPoints="0" sequenceCoverage="100.0" branchCoverage="0.0" maxCyclomaticComplexity="0" minCyclomaticComplexity="0" maxCrapScore="0" minCrapScore="0" visitedClasses="1" numClasses="1" visitedMethods="1" numMethods="1" />
          <FullName>PlayerMovement/&lt;Respawn&gt;d__39</FullName>
          <Methods>
            <Method visited="true" cyclomaticComplexity="0" nPathComplexity="0" sequenceCoverage="100.0" branchCoverage="0" crapScore="0" isConstructor="false" isStatic="false" isGetter="false" isSetter="false">
              <Summary numSequencePoints="6" visitedSequencePoints="6" numBranchPoints="0" visitedBranchPoints="0" sequenceCoverage="100.0" branchCoverage="0" maxCyclomaticComplexity="0" minCyclomaticComplexity="0" maxCrapScore="0" minCrapScore="0" visitedClasses="0" numClasses="0" visitedMethods="1" numMethods="1" />
              <MetadataToken>100663361</MetadataToken>
              <Name>System.Boolean PlayerMovement/&lt;Respawn&gt;d__39::MoveNext()</Name>
              <FileRef uid="8" />
              <SequencePoints>
                <SequencePoint vc="2" uspid="885" ordinal="0" offset="31" sl="248" sc="5" el="248" ec="5" bec="0" bev="0" fileid="8" />
                <SequencePoint vc="2" uspid="886" ordinal="0" offset="32" sl="249" sc="9" el="249" ec="9" bec="0" bev="0" fileid="8" />
                <SequencePoint vc="2" uspid="887" ordinal="0" offset="70" sl="250" sc="9" el="250" ec="9" bec="0" bev="0" fileid="8" />
                <SequencePoint vc="2" uspid="888" ordinal="0" offset="82" sl="251" sc="9" el="251" ec="9" bec="0" bev="0" fileid="8" />
                <SequencePoint vc="2" uspid="889" ordinal="0" offset="100" sl="252" sc="9" el="252" ec="9" bec="0" bev="0" fileid="8" />
                <SequencePoint vc="2" uspid="890" ordinal="0" offset="133" sl="254" sc="5" el="254" ec="5" bec="0" bev="0" fileid="8" />
              </SequencePoints>
              <BranchPoints />
            </Method>
          </Methods>
        </Class>
      </Classes>
    </Module>
    <Module>
      <Summary numSequencePoints="194" visitedSequencePoints="189" numBranchPoints="0" visitedBranchPoints="0" sequenceCoverage="97.42" branchCoverage="0.0" maxCyclomaticComplexity="0" minCyclomaticComplexity="0" maxCrapScore="0" minCrapScore="0" visitedClasses="22" numClasses="22" visitedMethods="23" numMethods="23" />
      <ModuleTime>0001-01-01T00:00:00</ModuleTime>
      <ModuleName>PlayMode</ModuleName>
      <Files>
        <File uid="10" fullPath="/Users/gabijamatulyte/Desktop/suniuks-sviestuks/Assets/Tests/PlayMode/GeneratedTests.cs" />
        <File uid="11" fullPath="/Users/gabijamatulyte/Desktop/suniuks-sviestuks/Assets/Tests/PlayMode/MovementTests.cs" />
        <File uid="12" fullPath="/Users/gabijamatulyte/Desktop/suniuks-sviestuks/Assets/Tests/PlayMode/UITests.cs" />
      </Files>
      <Classes>
        <Class>
          <Summary numSequencePoints="17" visitedSequencePoints="12" numBranchPoints="0" visitedBranchPoints="0" sequenceCoverage="70.59" branchCoverage="0.0" maxCyclomaticComplexity="0" minCyclomaticComplexity="0" maxCrapScore="0" minCrapScore="0" visitedClasses="1" numClasses="1" visitedMethods="2" numMethods="2" />
          <FullName>GeneratedTests</FullName>
          <Methods>
            <Method visited="true" cyclomaticComplexity="0" nPathComplexity="0" sequenceCoverage="100.0" branchCoverage="0" crapScore="0" isConstructor="false" isStatic="false" isGetter="false" isSetter="false">
              <Summary numSequencePoints="6" visitedSequencePoints="6" numBranchPoints="0" visitedBranchPoints="0" sequenceCoverage="100.0" branchCoverage="0" maxCyclomaticComplexity="0" minCyclomaticComplexity="0" maxCrapScore="0" minCrapScore="0" visitedClasses="0" numClasses="0" visitedMethods="1" numMethods="1" />
              <MetadataToken>100663297</MetadataToken>
              <Name>System.Void GeneratedTests::Setup()</Name>
              <FileRef uid="10" />
              <SequencePoints>
                <SequencePoint vc="1" uspid="891" ordinal="0" offset="0" sl="15" sc="5" el="15" ec="5" bec="0" bev="0" fileid="10" />
                <SequencePoint vc="1" uspid="892" ordinal="0" offset="1" sl="16" sc="9" el="16" ec="9" bec="0" bev="0" fileid="10" />
                <SequencePoint vc="1" uspid="893" ordinal="0" offset="17" sl="17" sc="9" el="17" ec="9" bec="0" bev="0" fileid="10" />
                <SequencePoint vc="1" uspid="894" ordinal="0" offset="33" sl="18" sc="9" el="18" ec="9" bec="0" bev="0" fileid="10" />
                <SequencePoint vc="1" uspid="895" ordinal="0" offset="49" sl="20" sc="9" el="20" ec="9" bec="0" bev="0" fileid="10" />
                <SequencePoint vc="1" uspid="896" ordinal="0" offset="66" sl="22" sc="5" el="22" ec="5" bec="0" bev="0" fileid="10" />
              </SequencePoints>
              <BranchPoints />
            </Method>
            <Method visited="true" cyclomaticComplexity="0" nPathComplexity="0" sequenceCoverage="54.55" branchCoverage="0" crapScore="0" isConstructor="false" isStatic="false" isGetter="false" isSetter="false">
              <Summary numSequencePoints="11" visitedSequencePoints="6" numBranchPoints="0" visitedBranchPoints="0" sequenceCoverage="54.55" branchCoverage="0" maxCyclomaticComplexity="0" minCyclomaticComplexity="0" maxCrapScore="0" minCrapScore="0" visitedClasses="0" numClasses="0" visitedMethods="1" numMethods="1" />
              <MetadataToken>100663298</MetadataToken>
              <Name>System.Void GeneratedTests::player_can_move_left_and_right()</Name>
              <FileRef uid="10" />
              <SequencePoints>
                <SequencePoint vc="1" uspid="897" ordinal="0" offset="0" sl="25" sc="5" el="25" ec="5" bec="0" bev="0" fileid="10" />
                <SequencePoint vc="1" uspid="898" ordinal="0" offset="1" sl="27" sc="9" el="27" ec="9" bec="0" bev="0" fileid="10" />
                <SequencePoint vc="1" uspid="899" ordinal="0" offset="13" sl="30" sc="9" el="30" ec="9" bec="0" bev="0" fileid="10" />
                <SequencePoint vc="1" uspid="900" ordinal="0" offset="26" sl="31" sc="9" el="31" ec="9" bec="0" bev="0" fileid="10" />
                <SequencePoint vc="1" uspid="901" ordinal="0" offset="39" sl="32" sc="9" el="32" ec="9" bec="0" bev="0" fileid="10" />
                <SequencePoint vc="1" uspid="902" ordinal="0" offset="51" sl="35" sc="9" el="35" ec="9" bec="0" bev="0" fileid="10" />
                <SequencePoint vc="0" uspid="903" ordinal="0" offset="89" sl="38" sc="9" el="38" ec="9" bec="0" bev="0" fileid="10" />
                <SequencePoint vc="0" uspid="904" ordinal="0" offset="102" sl="39" sc="9" el="39" ec="9" bec="0" bev="0" fileid="10" />
                <SequencePoint vc="0" uspid="905" ordinal="0" offset="115" sl="40" sc="9" el="40" ec="9" bec="0" bev="0" fileid="10" />
                <SequencePoint vc="0" uspid="906" ordinal="0" offset="127" sl="43" sc="9" el="43" ec="9" bec="0" bev="0" fileid="10" />
                <SequencePoint vc="0" uspid="907" ordinal="0" offset="166" sl="44" sc="5" el="44" ec="5" bec="0" bev="0" fileid="10" />
              </SequencePoints>
              <BranchPoints />
            </Method>
          </Methods>
        </Class>
        <Class>
          <Summary numSequencePoints="6" visitedSequencePoints="6" numBranchPoints="0" visitedBranchPoints="0" sequenceCoverage="100.0" branchCoverage="0.0" maxCyclomaticComplexity="0" minCyclomaticComplexity="0" maxCrapScore="0" minCrapScore="0" visitedClasses="1" numClasses="1" visitedMethods="1" numMethods="1" />
          <FullName>MovementTests</FullName>
          <Methods>
            <Method visited="true" cyclomaticComplexity="0" nPathComplexity="0" sequenceCoverage="100.0" branchCoverage="0" crapScore="0" isConstructor="false" isStatic="false" isGetter="false" isSetter="false">
              <Summary numSequencePoints="6" visitedSequencePoints="6" numBranchPoints="0" visitedBranchPoints="0" sequenceCoverage="100.0" branchCoverage="0" maxCyclomaticComplexity="0" minCyclomaticComplexity="0" maxCrapScore="0" minCrapScore="0" visitedClasses="0" numClasses="0" visitedMethods="1" numMethods="1" />
              <MetadataToken>100663301</MetadataToken>
              <Name>System.Void MovementTests::Setup()</Name>
              <FileRef uid="11" />
              <SequencePoints>
                <SequencePoint vc="8" uspid="914" ordinal="0" offset="0" sl="18" sc="5" el="18" ec="5" bec="0" bev="0" fileid="11" />
                <SequencePoint vc="8" uspid="915" ordinal="0" offset="1" sl="19" sc="9" el="19" ec="9" bec="0" bev="0" fileid="11" />
                <SequencePoint vc="8" uspid="916" ordinal="0" offset="17" sl="20" sc="9" el="20" ec="9" bec="0" bev="0" fileid="11" />
                <SequencePoint vc="8" uspid="917" ordinal="0" offset="33" sl="21" sc="9" el="21" ec="9" bec="0" bev="0" fileid="11" />
                <SequencePoint vc="8" uspid="918" ordinal="0" offset="49" sl="26" sc="9" el="26" ec="9" bec="0" bev="0" fileid="11" />
                <SequencePoint vc="8" uspid="919" ordinal="0" offset="66" sl="38" sc="5" el="38" ec="5" bec="0" bev="0" fileid="11" />
              </SequencePoints>
              <BranchPoints />
            </Method>
          </Methods>
        </Class>
        <Class>
          <Summary numSequencePoints="6" visitedSequencePoints="6" numBranchPoints="0" visitedBranchPoints="0" sequenceCoverage="100.0" branchCoverage="0.0" maxCyclomaticComplexity="0" minCyclomaticComplexity="0" maxCrapScore="0" minCrapScore="0" visitedClasses="1" numClasses="1" visitedMethods="1" numMethods="1" />
          <FullName>MovementTests/&lt;DeathTest&gt;d__6</FullName>
          <Methods>
            <Method visited="true" cyclomaticComplexity="0" nPathComplexity="0" sequenceCoverage="100.0" branchCoverage="0" crapScore="0" isConstructor="false" isStatic="false" isGetter="false" isSetter="false">
              <Summary numSequencePoints="6" visitedSequencePoints="6" numBranchPoints="0" visitedBranchPoints="0" sequenceCoverage="100.0" branchCoverage="0" maxCyclomaticComplexity="0" minCyclomaticComplexity="0" maxCrapScore="0" minCrapScore="0" visitedClasses="0" numClasses="0" visitedMethods="1" numMethods="1" />
              <MetadataToken>100663328</MetadataToken>
              <Name>System.Boolean MovementTests/&lt;DeathTest&gt;d__6::MoveNext()</Name>
              <FileRef uid="11" />
              <SequencePoints>
                <SequencePoint vc="1" uspid="920" ordinal="0" offset="31" sl="41" sc="5" el="41" ec="5" bec="0" bev="0" fileid="11" />
                <SequencePoint vc="1" uspid="921" ordinal="0" offset="32" sl="42" sc="9" el="42" ec="9" bec="0" bev="0" fileid="11" />
                <SequencePoint vc="1" uspid="922" ordinal="0" offset="49" sl="43" sc="9" el="43" ec="9" bec="0" bev="0" fileid="11" />
                <SequencePoint vc="1" uspid="923" ordinal="0" offset="82" sl="44" sc="9" el="44" ec="9" bec="0" bev="0" fileid="11" />
                <SequencePoint vc="1" uspid="924" ordinal="0" offset="115" sl="45" sc="9" el="45" ec="9" bec="0" bev="0" fileid="11" />
                <SequencePoint vc="1" uspid="925" ordinal="0" offset="138" sl="46" sc="5" el="46" ec="5" bec="0" bev="0" fileid="11" />
              </SequencePoints>
              <BranchPoints />
            </Method>
          </Methods>
        </Class>
        <Class>
          <Summary numSequencePoints="7" visitedSequencePoints="7" numBranchPoints="0" visitedBranchPoints="0" sequenceCoverage="100.0" branchCoverage="0.0" maxCyclomaticComplexity="0" minCyclomaticComplexity="0" maxCrapScore="0" minCrapScore="0" visitedClasses="1" numClasses="1" visitedMethods="1" numMethods="1" />
          <FullName>MovementTests/&lt;FlippingLeftTest&gt;d__10</FullName>
          <Methods>
            <Method visited="true" cyclomaticComplexity="0" nPathComplexity="0" sequenceCoverage="100.0" branchCoverage="0" crapScore="0" isConstructor="false" isStatic="false" isGetter="false" isSetter="false">
              <Summary numSequencePoints="7" visitedSequencePoints="7" numBranchPoints="0" visitedBranchPoints="0" sequenceCoverage="100.0" branchCoverage="0" maxCyclomaticComplexity="0" minCyclomaticComplexity="0" maxCrapScore="0" minCrapScore="0" visitedClasses="0" numClasses="0" visitedMethods="1" numMethods="1" />
              <MetadataToken>100663334</MetadataToken>
              <Name>System.Boolean MovementTests/&lt;FlippingLeftTest&gt;d__10::MoveNext()</Name>
              <FileRef uid="11" />
              <SequencePoints>
                <SequencePoint vc="1" uspid="926" ordinal="0" offset="31" sl="91" sc="5" el="91" ec="5" bec="0" bev="0" fileid="11" />
                <SequencePoint vc="1" uspid="927" ordinal="0" offset="32" sl="92" sc="9" el="92" ec="9" bec="0" bev="0" fileid="11" />
                <SequencePoint vc="1" uspid="928" ordinal="0" offset="49" sl="93" sc="9" el="93" ec="9" bec="0" bev="0" fileid="11" />
                <SequencePoint vc="1" uspid="929" ordinal="0" offset="81" sl="95" sc="9" el="95" ec="9" bec="0" bev="0" fileid="11" />
                <SequencePoint vc="1" uspid="930" ordinal="0" offset="103" sl="96" sc="9" el="96" ec="9" bec="0" bev="0" fileid="11" />
                <SequencePoint vc="1" uspid="931" ordinal="0" offset="126" sl="98" sc="9" el="98" ec="9" bec="0" bev="0" fileid="11" />
[...]
          <FullName>UITests/&lt;Level4_Changes_Scene_To_Next_One&gt;d__4</FullName>
          <Methods>
            <Method visited="true" cyclomaticComplexity="0" nPathComplexity="0" sequenceCoverage="100.0" branchCoverage="0" crapScore="0" isConstructor="false" isStatic="false" isGetter="false" isSetter="false">
              <Summary numSequencePoints="10" visitedSequencePoints="10" numBranchPoints="0" visitedBranchPoints="0" sequenceCoverage="100.0" branchCoverage="0" maxCyclomaticComplexity="0" minCyclomaticComplexity="0" maxCrapScore="0" minCrapScore="0" visitedClasses="0" numClasses="0" visitedMethods="1" numMethods="1" />
              <MetadataToken>100663400</MetadataToken>
              <Name>System.Boolean UITests/&lt;Level4_Changes_Scene_To_Next_One&gt;d__4::MoveNext()</Name>
              <FileRef uid="12" />
              <SequencePoints>
                <SequencePoint vc="1" uspid="1023" ordinal="0" offset="42" sl="85" sc="2" el="85" ec="2" bec="0" bev="0" fileid="12" />
                <SequencePoint vc="1" uspid="1024" ordinal="0" offset="43" sl="87" sc="3" el="87" ec="3" bec="0" bev="0" fileid="12" />
                <SequencePoint vc="1" uspid="1025" ordinal="0" offset="54" sl="88" sc="3" el="88" ec="3" bec="0" bev="0" fileid="12" />
                <SequencePoint vc="1" uspid="1026" ordinal="0" offset="77" sl="89" sc="3" el="89" ec="3" bec="0" bev="0" fileid="12" />
                <SequencePoint vc="1" uspid="1027" ordinal="0" offset="93" sl="90" sc="3" el="90" ec="3" bec="0" bev="0" fileid="12" />
                <SequencePoint vc="1" uspid="1028" ordinal="0" offset="112" sl="91" sc="3" el="91" ec="3" bec="0" bev="0" fileid="12" />
                <SequencePoint vc="1" uspid="1029" ordinal="0" offset="126" sl="94" sc="3" el="94" ec="3" bec="0" bev="0" fileid="12" />
                <SequencePoint vc="1" uspid="1030" ordinal="0" offset="138" sl="95" sc="3" el="95" ec="3" bec="0" bev="0" fileid="12" />
                <SequencePoint vc="1" uspid="1031" ordinal="0" offset="161" sl="98" sc="3" el="98" ec="3" bec="0" bev="0" fileid="12" />
                <SequencePoint vc="1" uspid="1032" ordinal="0" offset="196" sl="99" sc="2" el="99" ec="2" bec="0" bev="0" fileid="12" />
              </SequencePoints>
              <BranchPoints />
            </Method>
          </Methods>
        </Class>
        <Class>
          <Summary numSequencePoints="8" visitedSequencePoints="8" numBranchPoints="0" visitedBranchPoints="0" sequenceCoverage="100.0" branchCoverage="0.0" maxCyclomaticComplexity="0" minCyclomaticComplexity="0" maxCrapScore="0" minCrapScore="0" visitedClasses="1" numClasses="1" visitedMethods="1" numMethods="1" />
          <FullName>UITests/&lt;MainMeniu_Changes_Scene_To_StartMenu_And_Resets_TimeScale&gt;d__11</FullName>
          <Methods>
            <Method visited="true" cyclomaticComplexity="0" nPathComplexity="0" sequenceCoverage="100.0" branchCoverage="0" crapScore="0" isConstructor="false" isStatic="false" isGetter="false" isSetter="false">
              <Summary numSequencePoints="8" visitedSequencePoints="8" numBranchPoints="0" visitedBranchPoints="0" sequenceCoverage="100.0" branchCoverage="0" maxCyclomaticComplexity="0" minCyclomaticComplexity="0" maxCrapScore="0" minCrapScore="0" visitedClasses="0" numClasses="0" visitedMethods="1" numMethods="1" />
              <MetadataToken>100663406</MetadataToken>
              <Name>System.Boolean UITests/&lt;MainMeniu_Changes_Scene_To_StartMenu_And_Resets_TimeScale&gt;d__11::MoveNext()</Name>
              <FileRef uid="12" />
              <SequencePoints>
                <SequencePoint vc="1" uspid="1033" ordinal="0" offset="31" sl="203" sc="2" el="203" ec="2" bec="0" bev="0" fileid="12" />
                <SequencePoint vc="1" uspid="1034" ordinal="0" offset="32" sl="205" sc="3" el="205" ec="3" bec="0" bev="0" fileid="12" />
                <SequencePoint vc="1" uspid="1035" ordinal="0" offset="48" sl="206" sc="3" el="206" ec="3" bec="0" bev="0" fileid="12" />
                <SequencePoint vc="1" uspid="1036" ordinal="0" offset="59" sl="209" sc="3" el="209" ec="3" bec="0" bev="0" fileid="12" />
                <SequencePoint vc="1" uspid="1037" ordinal="0" offset="71" sl="210" sc="3" el="210" ec="3" bec="0" bev="0" fileid="12" />
                <SequencePoint vc="1" uspid="1038" ordinal="0" offset="94" sl="213" sc="3" el="213" ec="3" bec="0" bev="0" fileid="12" />
                <SequencePoint vc="1" uspid="1039" ordinal="0" offset="118" sl="214" sc="3" el="214" ec="3" bec="0" bev="0" fileid="12" />
                <SequencePoint vc="1" uspid="1040" ordinal="0" offset="144" sl="215" sc="2" el="215" ec="2" bec="0" bev="0" fileid="12" />
              </SequencePoints>
              <BranchPoints />
            </Method>
          </Methods>
        </Class>
        <Class>
          <Summary numSequencePoints="10" visitedSequencePoints="10" numBranchPoints="0" visitedBranchPoints="0" sequenceCoverage="100.0" branchCoverage="0.0" maxCyclomaticComplexity="0" minCyclomaticComplexity="0" maxCrapScore="0" minCrapScore="0" visitedClasses="1" numClasses="1" visitedMethods="1" numMethods="1" />
          <FullName>UITests/&lt;NextLevel_Changes_Scene_To_Next_One_And_Resets_TimeScale&gt;d__10</FullName>
          <Methods>
            <Method visited="true" cyclomaticComplexity="0" nPathComplexity="0" sequenceCoverage="100.0" branchCoverage="0" crapScore="0" isConstructor="false" isStatic="false" isGetter="false" isSetter="false">
              <Summary numSequencePoints="10" visitedSequencePoints="10" numBranchPoints="0" visitedBranchPoints="0" sequenceCoverage="100.0" branchCoverage="0" maxCyclomaticComplexity="0" minCyclomaticComplexity="0" maxCrapScore="0" minCrapScore="0" visitedClasses="0" numClasses="0" visitedMethods="1" numMethods="1" />
              <MetadataToken>100663412</MetadataToken>
              <Name>System.Boolean UITests/&lt;NextLevel_Changes_Scene_To_Next_One_And_Resets_TimeScale&gt;d__10::MoveNext()</Name>
              <FileRef uid="12" />
              <SequencePoints>
                <SequencePoint vc="1" uspid="1041" ordinal="0" offset="31" sl="185" sc="2" el="185" ec="2" bec="0" bev="0" fileid="12" />
                <SequencePoint vc="1" uspid="1042" ordinal="0" offset="32" sl="187" sc="3" el="187" ec="3" bec="0" bev="0" fileid="12" />
                <SequencePoint vc="1" uspid="1043" ordinal="0" offset="48" sl="188" sc="3" el="188" ec="3" bec="0" bev="0" fileid="12" />
                <SequencePoint vc="1" uspid="1044" ordinal="0" offset="67" sl="189" sc="3" el="189" ec="3" bec="0" bev="0" fileid="12" />
                <SequencePoint vc="1" uspid="1045" ordinal="0" offset="81" sl="190" sc="3" el="190" ec="3" bec="0" bev="0" fileid="12" />
                <SequencePoint vc="1" uspid="1046" ordinal="0" offset="92" sl="193" sc="3" el="193" ec="3" bec="0" bev="0" fileid="12" />
                <SequencePoint vc="1" uspid="1047" ordinal="0" offset="104" sl="194" sc="3" el="194" ec="3" bec="0" bev="0" fileid="12" />
                <SequencePoint vc="1" uspid="1048" ordinal="0" offset="127" sl="197" sc="3" el="197" ec="3" bec="0" bev="0" fileid="12" />
                <SequencePoint vc="1" uspid="1049" ordinal="0" offset="162" sl="198" sc="3" el="198" ec="3" bec="0" bev="0" fileid="12" />
                <SequencePoint vc="1" uspid="1050" ordinal="0" offset="188" sl="199" sc="2" el="199" ec="2" bec="0" bev="0" fileid="12" />
              </SequencePoints>
              <BranchPoints />
            </Method>
          </Methods>
        </Class>
        <Class>
          <Summary numSequencePoints="7" visitedSequencePoints="7" numBranchPoints="0" visitedBranchPoints="0" sequenceCoverage="100.0" branchCoverage="0.0" maxCyclomaticComplexity="0" minCyclomaticComplexity="0" maxCrapScore="0" minCrapScore="0" visitedClasses="1" numClasses="1" visitedMethods="1" numMethods="1" />
          <FullName>UITests/&lt;NextLevel_Loads_Next_Scene&gt;d__7</FullName>
          <Methods>
            <Method visited="true" cyclomaticComplexity="0" nPathComplexity="0" sequenceCoverage="100.0" branchCoverage="0" crapScore="0" isConstructor="false" isStatic="false" isGetter="false" isSetter="false">
              <Summary numSequencePoints="7" visitedSequencePoints="7" numBranchPoints="0" visitedBranchPoints="0" sequenceCoverage="100.0" branchCoverage="0" maxCyclomaticComplexity="0" minCyclomaticComplexity="0" maxCrapScore="0" minCrapScore="0" visitedClasses="0" numClasses="0" visitedMethods="1" numMethods="1" />
              <MetadataToken>100663418</MetadataToken>
              <Name>System.Boolean UITests/&lt;NextLevel_Loads_Next_Scene&gt;d__7::MoveNext()</Name>
              <FileRef uid="12" />
              <SequencePoints>
                <SequencePoint vc="1" uspid="1051" ordinal="0" offset="31" sl="134" sc="2" el="134" ec="2" bec="0" bev="0" fileid="12" />
                <SequencePoint vc="1" uspid="1052" ordinal="0" offset="32" sl="136" sc="3" el="136" ec="3" bec="0" bev="0" fileid="12" />
                <SequencePoint vc="1" uspid="1053" ordinal="0" offset="48" sl="137" sc="3" el="137" ec="3" bec="0" bev="0" fileid="12" />
                <SequencePoint vc="1" uspid="1054" ordinal="0" offset="67" sl="140" sc="3" el="140" ec="3" bec="0" bev="0" fileid="12" />
                <SequencePoint vc="1" uspid="1055" ordinal="0" offset="79" sl="141" sc="3" el="141" ec="3" bec="0" bev="0" fileid="12" />
                <SequencePoint vc="1" uspid="1056" ordinal="0" offset="102" sl="144" sc="3" el="144" ec="3" bec="0" bev="0" fileid="12" />
                <SequencePoint vc="1" uspid="1057" ordinal="0" offset="139" sl="145" sc="2" el="145" ec="2" bec="0" bev="0" fileid="12" />
              </SequencePoints>
              <BranchPoints />
            </Method>
          </Methods>
        </Class>
        <Class>
          <Summary numSequencePoints="7" visitedSequencePoints="7" numBranchPoints="0" visitedBranchPoints="0" sequenceCoverage="100.0" branchCoverage="0.0" maxCyclomaticComplexity="0" minCyclomaticComplexity="0" maxCrapScore="0" minCrapScore="0" visitedClasses="1" numClasses="1" visitedMethods="1" numMethods="1" />
          <FullName>UITests/&lt;PlayAgain_Loads_Same_Scene&gt;d__6</FullName>
          <Methods>
            <Method visited="true" cyclomaticComplexity="0" nPathComplexity="0" sequenceCoverage="100.0" branchCoverage="0" crapScore="0" isConstructor="false" isStatic="false" isGetter="false" isSetter="false">
              <Summary numSequencePoints="7" visitedSequencePoints="7" numBranchPoints="0" visitedBranchPoints="0" sequenceCoverage="100.0" branchCoverage="0" maxCyclomaticComplexity="0" minCyclomaticComplexity="0" maxCrapScore="0" minCrapScore="0" visitedClasses="0" numClasses="0" visitedMethods="1" numMethods="1" />
              <MetadataToken>100663424</MetadataToken>
              <Name>System.Boolean UITests/&lt;PlayAgain_Loads_Same_Scene&gt;d__6::MoveNext()</Name>
              <FileRef uid="12" />
              <SequencePoints>
                <SequencePoint vc="1" uspid="1058" ordinal="0" offset="31" sl="119" sc="2" el="119" ec="2" bec="0" bev="0" fileid="12" />
                <SequencePoint vc="1" uspid="1059" ordinal="0" offset="32" sl="121" sc="3" el="121" ec="3" bec="0" bev="0" fileid="12" />
                <SequencePoint vc="1" uspid="1060" ordinal="0" offset="48" sl="122" sc="3" el="122" ec="3" bec="0" bev="0" fileid="12" />
                <SequencePoint vc="1" uspid="1061" ordinal="0" offset="67" sl="125" sc="3" el="125" ec="3" bec="0" bev="0" fileid="12" />
                <SequencePoint vc="1" uspid="1062" ordinal="0" offset="79" sl="126" sc="3" el="126" ec="3" bec="0" bev="0" fileid="12" />
                <SequencePoint vc="1" uspid="1063" ordinal="0" offset="102" sl="129" sc="3" el="129" ec="3" bec="0" bev="0" fileid="12" />
                <SequencePoint vc="1" uspid="1064" ordinal="0" offset="137" sl="130" sc="2" el="130" ec="2" bec="0" bev="0" fileid="12" />
              </SequencePoints>
              <BranchPoints />
            </Method>
          </Methods>
        </Class>
        <Class>
          <Summary numSequencePoints="9" visitedSequencePoints="9" numBranchPoints="0" visitedBranchPoints="0" sequenceCoverage="100.0" branchCoverage="0.0" maxCyclomaticComplexity="0" minCyclomaticComplexity="0" maxCrapScore="0" minCrapScore="0" visitedClasses="1" numClasses="1" visitedMethods="1" numMethods="1" />
          <FullName>UITests/&lt;PlayAgain_Reloads_Current_Scene_And_Resets_TimeScale&gt;d__9</FullName>
          <Methods>
            <Method visited="true" cyclomaticComplexity="0" nPathComplexity="0" sequenceCoverage="100.0" branchCoverage="0" crapScore="0" isConstructor="false" isStatic="false" isGetter="false" isSetter="false">
              <Summary numSequencePoints="9" visitedSequencePoints="9" numBranchPoints="0" visitedBranchPoints="0" sequenceCoverage="100.0" branchCoverage="0" maxCyclomaticComplexity="0" minCyclomaticComplexity="0" maxCrapScore="0" minCrapScore="0" visitedClasses="0" numClasses="0" visitedMethods="1" numMethods="1" />
              <MetadataToken>100663430</MetadataToken>
              <Name>System.Boolean UITests/&lt;PlayAgain_Reloads_Current_Scene_And_Resets_TimeScale&gt;d__9::MoveNext()</Name>
              <FileRef uid="12" />
              <SequencePoints>
                <SequencePoint vc="1" uspid="1065" ordinal="0" offset="31" sl="168" sc="2" el="168" ec="2" bec="0" bev="0" fileid="12" />
                <SequencePoint vc="1" uspid="1066" ordinal="0" offset="32" sl="170" sc="3" el="170" ec="3" bec="0" bev="0" fileid="12" />
                <SequencePoint vc="1" uspid="1067" ordinal="0" offset="48" sl="171" sc="3" el="171" ec="3" bec="0" bev="0" fileid="12" />
                <SequencePoint vc="1" uspid="1068" ordinal="0" offset="67" sl="172" sc="3" el="172" ec="3" bec="0" bev="0" fileid="12" />
                <SequencePoint vc="1" uspid="1069" ordinal="0" offset="78" sl="175" sc="3" el="175" ec="3" bec="0" bev="0" fileid="12" />
                <SequencePoint vc="1" uspid="1070" ordinal="0" offset="90" sl="176" sc="3" el="176" ec="3" bec="0" bev="0" fileid="12" />
                <SequencePoint vc="1" uspid="1071" ordinal="0" offset="113" sl="179" sc="3" el="179" ec="3" bec="0" bev="0" fileid="12" />
                <SequencePoint vc="1" uspid="1072" ordinal="0" offset="148" sl="180" sc="3" el="180" ec="3" bec="0" bev="0" fileid="12" />
                <SequencePoint vc="1" uspid="1073" ordinal="0" offset="174" sl="181" sc="2" el="181" ec="2" bec="0" bev="0" fileid="12" />
              </SequencePoints>
              <BranchPoints />
            </Method>
          </Methods>
        </Class>
        <Class>
          <Summary numSequencePoints="8" visitedSequencePoints="8" numBranchPoints="0" visitedBranchPoints="0" sequenceCoverage="100.0" branchCoverage="0.0" maxCyclomaticComplexity="0" minCyclomaticComplexity="0" maxCrapScore="0" minCrapScore="0" visitedClasses="1" numClasses="1" visitedMethods="1" numMethods="1" />
          <FullName>UITests/&lt;QuickStart_Changes_Scene_To_Level1_And_Resets_TimeScale&gt;d__5</FullName>
          <Methods>
            <Method visited="true" cyclomaticComplexity="0" nPathComplexity="0" sequenceCoverage="100.0" branchCoverage="0" crapScore="0" isConstructor="false" isStatic="false" isGetter="false" isSetter="false">
              <Summary numSequencePoints="8" visitedSequencePoints="8" numBranchPoints="0" visitedBranchPoints="0" sequenceCoverage="100.0" branchCoverage="0" maxCyclomaticComplexity="0" minCyclomaticComplexity="0" maxCrapScore="0" minCrapScore="0" visitedClasses="0" numClasses="0" visitedMethods="1" numMethods="1" />
              <MetadataToken>100663436</MetadataToken>
              <Name>System.Boolean UITests/&lt;QuickStart_Changes_Scene_To_Level1_And_Resets_TimeScale&gt;d__5::MoveNext()</Name>
              <FileRef uid="12" />
              <SequencePoints>
                <SequencePoint vc="1" uspid="1074" ordinal="0" offset="31" sl="103" sc="2" el="103" ec="2" bec="0" bev="0" fileid="12" />
                <SequencePoint vc="1" uspid="1075" ordinal="0" offset="32" sl="105" sc="3" el="105" ec="3" bec="0" bev="0" fileid="12" />
                <SequencePoint vc="1" uspid="1076" ordinal="0" offset="48" sl="106" sc="3" el="106" ec="3" bec="0" bev="0" fileid="12" />
                <SequencePoint vc="1" uspid="1077" ordinal="0" offset="59" sl="109" sc="3" el="109" ec="3" bec="0" bev="0" fileid="12" />
                <SequencePoint vc="1" uspid="1078" ordinal="0" offset="71" sl="110" sc="3" el="110" ec="3" bec="0" bev="0" fileid="12" />
                <SequencePoint vc="1" uspid="1079" ordinal="0" offset="94" sl="113" sc="3" el="113" ec="3" bec="0" bev="0" fileid="12" />
                <SequencePoint vc="1" uspid="1080" ordinal="0" offset="118" sl="114" sc="3" el="114" ec="3" bec="0" bev="0" fileid="12" />
                <SequencePoint vc="1" uspid="1081" ordinal="0" offset="144" sl="115" sc="2" el="115" ec="2" bec="0" bev="0" fileid="12" />
              </SequencePoints>
              <BranchPoints />
            </Method>
          </Methods>
        </Class>
        <Class>
          <Summary numSequencePoints="9" visitedSequencePoints="9" numBranchPoints="0" visitedBranchPoints="0" sequenceCoverage="100.0" branchCoverage="0.0" maxCyclomaticComplexity="0" minCyclomaticComplexity="0" maxCrapScore="0" minCrapScore="0" visitedClasses="1" numClasses="1" visitedMethods="1" numMethods="1" />
          <FullName>UITests/&lt;YouWin_Activates_YouWinUI_And_Stops_Time&gt;d__8</FullName>
          <Methods>
            <Method visited="true" cyclomaticComplexity="0" nPathComplexity="0" sequenceCoverage="100.0" branchCoverage="0" crapScore="0" isConstructor="false" isStatic="false" isGetter="false" isSetter="false">
              <Summary numSequencePoints="9" visitedSequencePoints="9" numBranchPoints="0" visitedBranchPoints="0" sequenceCoverage="100.0" branchCoverage="0" maxCyclomaticComplexity="0" minCyclomaticComplexity="0" maxCrapScore="0" minCrapScore="0" visitedClasses="0" numClasses="0" visitedMethods="1" numMethods="1" />
              <MetadataToken>100663442</MetadataToken>
              <Name>System.Boolean UITests/&lt;YouWin_Activates_YouWinUI_And_Stops_Time&gt;d__8::MoveNext()</Name>
              <FileRef uid="12" />
              <SequencePoints>
                <SequencePoint vc="1" uspid="1082" ordinal="0" offset="31" sl="149" sc="2" el="149" ec="2" bec="0" bev="0" fileid="12" />
                <SequencePoint vc="1" uspid="1083" ordinal="0" offset="32" sl="151" sc="3" el="151" ec="3" bec="0" bev="0" fileid="12" />
                <SequencePoint vc="1" uspid="1084" ordinal="0" offset="48" sl="152" sc="3" el="152" ec="3" bec="0" bev="0" fileid="12" />
                <SequencePoint vc="1" uspid="1085" ordinal="0" offset="64" sl="153" sc="3" el="153" ec="3" bec="0" bev="0" fileid="12" />
                <SequencePoint vc="1" uspid="1086" ordinal="0" offset="82" sl="156" sc="3" el="156" ec="3" bec="0" bev="0" fileid="12" />
                <SequencePoint vc="1" uspid="1087" ordinal="0" offset="94" sl="157" sc="3" el="157" ec="3" bec="0" bev="0" fileid="12" />
                <SequencePoint vc="1" uspid="1088" ordinal="0" offset="117" sl="160" sc="3" el="160" ec="3" bec="0" bev="0" fileid="12" />
                <SequencePoint vc="1" uspid="1089" ordinal="0" offset="139" sl="161" sc="3" el="161" ec="3" bec="0" bev="0" fileid="12" />
                <SequencePoint vc="1" uspid="1090" ordinal="0" offset="165" sl="162" sc="2" el="162" ec="2" bec="0" bev="0" fileid="12" />
              </SequencePoints>
              <BranchPoints />
            </Method>
          </Methods>
        </Class>
      </Classes>
    </Module>
  </Modules>
</CoverageSession>